2025-10-03 23:51:09 | INFO | {'message': 'I just saw an app! It was funny.', 'author': 'Charlie', 'timestamp': '2025-10-03 23:51:09', 'category': 'other', 'sentiment': 0.69, 'keyword_mentioned': 'other', 'message_length': 32}
2025-10-03 23:51:14 | INFO | {'message': 'I just loved travel! It was funny.', 'author': 'Charlie', 'timestamp': '2025-10-03 23:51:14', 'category': 'travel', 'sentiment': 0.09, 'keyword_mentioned': 'travel', 'message_length': 34}
2025-10-03 23:51:19 | INFO | {'message': 'I just shared an app! It was boring.', 'author': 'Charlie', 'timestamp': '2025-10-03 23:51:19', 'category': 'other', 'sentiment': 0.2, 'keyword_mentioned': 'other', 'message_length': 36}
2025-10-03 23:51:24 | INFO | {'message': 'I just tried a meme! It was exciting.', 'author': 'Alice', 'timestamp': '2025-10-03 23:51:24', 'category': 'humor', 'sentiment': 0.58, 'keyword_mentioned': 'meme', 'message_length': 37}
2025-10-03 23:51:29 | INFO | {'message': 'I just shared a trick! It was funny.', 'author': 'Bob', 'timestamp': '2025-10-03 23:51:29', 'category': 'other', 'sentiment': 0.85, 'keyword_mentioned': 'other', 'message_length': 36}
2025-10-03 23:51:34 | INFO | {'message': 'I just tried an app! It was amazing.', 'author': 'Alice', 'timestamp': '2025-10-03 23:51:34', 'category': 'other', 'sentiment': 0.14, 'keyword_mentioned': 'other', 'message_length': 36}
2025-10-03 23:51:39 | INFO | {'message': 'I just shared travel! It was exciting.', 'author': 'Alice', 'timestamp': '2025-10-03 23:51:39', 'category': 'travel', 'sentiment': 0.65, 'keyword_mentioned': 'travel', 'message_length': 38}
2025-10-03 23:51:47 | INFO | {'message': 'I just loved game! It was funny.', 'author': 'Eve', 'timestamp': '2025-10-03 23:51:47', 'category': 'gaming', 'sentiment': 0.14, 'keyword_mentioned': 'game', 'message_length': 32}
2025-10-03 23:51:52 | INFO | {'message': 'I just tried travel! It was exciting.', 'author': 'Alice', 'timestamp': '2025-10-03 23:51:52', 'category': 'travel', 'sentiment': 0.62, 'keyword_mentioned': 'travel', 'message_length': 37}
2025-10-03 23:51:57 | INFO | {'message': 'I just saw Python! It was boring.', 'author': 'Alice', 'timestamp': '2025-10-03 23:51:57', 'category': 'tech', 'sentiment': 0.27, 'keyword_mentioned': 'Python', 'message_length': 33}
2025-10-03 23:52:02 | INFO | {'message': 'I just saw game! It was boring.', 'author': 'Alice', 'timestamp': '2025-10-03 23:52:02', 'category': 'gaming', 'sentiment': 0.25, 'keyword_mentioned': 'game', 'message_length': 31}
2025-10-03 23:52:07 | INFO | {'message': 'I just saw recipe! It was boring.', 'author': 'Charlie', 'timestamp': '2025-10-03 23:52:07', 'category': 'food', 'sentiment': 0.56, 'keyword_mentioned': 'recipe', 'message_length': 33}
2025-10-03 23:52:12 | INFO | {'message': 'I just shared recipe! It was funny.', 'author': 'Alice', 'timestamp': '2025-10-03 23:52:12', 'category': 'food', 'sentiment': 0.47, 'keyword_mentioned': 'recipe', 'message_length': 35}
2025-10-03 23:52:20 | INFO | {'message': 'I just found recipe! It was weird.', 'author': 'Eve', 'timestamp': '2025-10-03 23:52:20', 'category': 'food', 'sentiment': 0.52, 'keyword_mentioned': 'recipe', 'message_length': 34}
2025-10-03 23:52:25 | INFO | {'message': 'I just shared a movie! It was amazing.', 'author': 'Alice', 'timestamp': '2025-10-03 23:52:25', 'category': 'entertainment', 'sentiment': 0.57, 'keyword_mentioned': 'movie', 'message_length': 38}
2025-10-03 23:52:30 | INFO | {'message': 'I just saw a trick! It was funny.', 'author': 'Charlie', 'timestamp': '2025-10-03 23:52:30', 'category': 'other', 'sentiment': 0.32, 'keyword_mentioned': 'other', 'message_length': 33}
2025-10-03 23:52:35 | INFO | {'message': 'I just shared a meme! It was amazing.', 'author': 'Eve', 'timestamp': '2025-10-03 23:52:35', 'category': 'humor', 'sentiment': 0.57, 'keyword_mentioned': 'meme', 'message_length': 37}
2025-10-03 23:52:40 | INFO | {'message': 'I just tried a trick! It was exciting.', 'author': 'Bob', 'timestamp': '2025-10-03 23:52:40', 'category': 'other', 'sentiment': 0.13, 'keyword_mentioned': 'other', 'message_length': 38}
2025-10-03 23:52:45 | INFO | {'message': 'I just found travel! It was weird.', 'author': 'Charlie', 'timestamp': '2025-10-03 23:52:45', 'category': 'travel', 'sentiment': 0.4, 'keyword_mentioned': 'travel', 'message_length': 34}
2025-10-03 23:52:52 | INFO | {'message': 'I just shared a movie! It was exciting.', 'author': 'Charlie', 'timestamp': '2025-10-03 23:52:52', 'category': 'entertainment', 'sentiment': 0.21, 'keyword_mentioned': 'movie', 'message_length': 39}
2025-10-03 23:52:57 | INFO | {'message': 'I just found an app! It was weird.', 'author': 'Eve', 'timestamp': '2025-10-03 23:52:57', 'category': 'other', 'sentiment': 0.76, 'keyword_mentioned': 'other', 'message_length': 34}
2025-10-03 23:53:02 | INFO | {'message': 'I just found JavaScript! It was boring.', 'author': 'Eve', 'timestamp': '2025-10-03 23:53:02', 'category': 'tech', 'sentiment': 0.36, 'keyword_mentioned': 'JavaScript', 'message_length': 39}
2025-10-03 23:53:07 | INFO | {'message': 'I just tried a meme! It was weird.', 'author': 'Charlie', 'timestamp': '2025-10-03 23:53:07', 'category': 'humor', 'sentiment': 0.8, 'keyword_mentioned': 'meme', 'message_length': 34}
2025-10-03 23:53:12 | INFO | {'message': 'I just saw a movie! It was funny.', 'author': 'Alice', 'timestamp': '2025-10-03 23:53:12', 'category': 'entertainment', 'sentiment': 0.71, 'keyword_mentioned': 'movie', 'message_length': 33}
2025-10-03 23:53:17 | INFO | {'message': 'I just saw a story! It was funny.', 'author': 'Eve', 'timestamp': '2025-10-03 23:53:17', 'category': 'other', 'sentiment': 0.21, 'keyword_mentioned': 'other', 'message_length': 33}
2025-10-03 23:53:22 | INFO | {'message': 'I just tried travel! It was exciting.', 'author': 'Alice', 'timestamp': '2025-10-03 23:53:22', 'category': 'travel', 'sentiment': 0.09, 'keyword_mentioned': 'travel', 'message_length': 37}
2025-10-03 23:53:30 | INFO | {'message': 'I just found a meme! It was exciting.', 'author': 'Bob', 'timestamp': '2025-10-03 23:53:30', 'category': 'humor', 'sentiment': 0.83, 'keyword_mentioned': 'meme', 'message_length': 37}
2025-10-03 23:53:35 | INFO | {'message': 'I just found game! It was weird.', 'author': 'Alice', 'timestamp': '2025-10-03 23:53:35', 'category': 'gaming', 'sentiment': 0.79, 'keyword_mentioned': 'game', 'message_length': 32}
2025-10-03 23:53:40 | INFO | {'message': 'I just shared travel! It was boring.', 'author': 'Charlie', 'timestamp': '2025-10-03 23:53:40', 'category': 'travel', 'sentiment': 0.42, 'keyword_mentioned': 'travel', 'message_length': 36}
2025-10-03 23:53:45 | INFO | {'message': 'I just found an app! It was funny.', 'author': 'Eve', 'timestamp': '2025-10-03 23:53:45', 'category': 'other', 'sentiment': 0.71, 'keyword_mentioned': 'other', 'message_length': 34}
2025-10-03 23:53:50 | INFO | {'message': 'I just tried a story! It was exciting.', 'author': 'Charlie', 'timestamp': '2025-10-03 23:53:50', 'category': 'other', 'sentiment': 0.28, 'keyword_mentioned': 'other', 'message_length': 38}
2025-10-03 23:53:55 | INFO | {'message': 'I just tried Python! It was boring.', 'author': 'Alice', 'timestamp': '2025-10-03 23:53:55', 'category': 'tech', 'sentiment': 0.66, 'keyword_mentioned': 'Python', 'message_length': 35}
2025-10-03 23:54:03 | INFO | {'message': 'I just tried a trick! It was exciting.', 'author': 'Alice', 'timestamp': '2025-10-03 23:54:03', 'category': 'other', 'sentiment': 0.72, 'keyword_mentioned': 'other', 'message_length': 38}
2025-10-03 23:54:08 | INFO | {'message': 'I just tried a trick! It was boring.', 'author': 'Charlie', 'timestamp': '2025-10-03 23:54:08', 'category': 'other', 'sentiment': 0.09, 'keyword_mentioned': 'other', 'message_length': 36}
2025-10-03 23:54:13 | INFO | {'message': 'I just loved JavaScript! It was boring.', 'author': 'Charlie', 'timestamp': '2025-10-03 23:54:13', 'category': 'tech', 'sentiment': 0.74, 'keyword_mentioned': 'JavaScript', 'message_length': 39}
2025-10-03 23:54:18 | INFO | {'message': 'I just shared an app! It was boring.', 'author': 'Alice', 'timestamp': '2025-10-03 23:54:18', 'category': 'other', 'sentiment': 0.5, 'keyword_mentioned': 'other', 'message_length': 36}
2025-10-03 23:54:23 | INFO | {'message': 'I just tried an app! It was exciting.', 'author': 'Bob', 'timestamp': '2025-10-03 23:54:23', 'category': 'other', 'sentiment': 0.2, 'keyword_mentioned': 'other', 'message_length': 37}
2025-10-03 23:54:28 | INFO | {'message': 'I just found travel! It was funny.', 'author': 'Eve', 'timestamp': '2025-10-03 23:54:28', 'category': 'travel', 'sentiment': 0.88, 'keyword_mentioned': 'travel', 'message_length': 34}
2025-10-03 23:54:33 | INFO | {'message': 'I just tried a trick! It was amazing.', 'author': 'Eve', 'timestamp': '2025-10-03 23:54:33', 'category': 'other', 'sentiment': 0.01, 'keyword_mentioned': 'other', 'message_length': 37}
2025-10-03 23:54:40 | INFO | {'message': 'I just shared Python! It was amazing.', 'author': 'Eve', 'timestamp': '2025-10-03 23:54:40', 'category': 'tech', 'sentiment': 0.37, 'keyword_mentioned': 'Python', 'message_length': 37}
2025-10-03 23:54:45 | INFO | {'message': 'I just shared a trick! It was funny.', 'author': 'Bob', 'timestamp': '2025-10-03 23:54:45', 'category': 'other', 'sentiment': 0.19, 'keyword_mentioned': 'other', 'message_length': 36}
2025-10-03 23:54:50 | INFO | {'message': 'I just shared a movie! It was boring.', 'author': 'Eve', 'timestamp': '2025-10-03 23:54:50', 'category': 'entertainment', 'sentiment': 0.17, 'keyword_mentioned': 'movie', 'message_length': 37}
2025-10-03 23:54:55 | INFO | {'message': 'I just loved an app! It was funny.', 'author': 'Charlie', 'timestamp': '2025-10-03 23:54:55', 'category': 'other', 'sentiment': 0.97, 'keyword_mentioned': 'other', 'message_length': 34}
2025-10-03 23:55:00 | INFO | {'message': 'I just saw a meme! It was exciting.', 'author': 'Alice', 'timestamp': '2025-10-03 23:55:00', 'category': 'humor', 'sentiment': 0.78, 'keyword_mentioned': 'meme', 'message_length': 35}
2025-10-03 23:55:05 | INFO | {'message': 'I just loved a meme! It was exciting.', 'author': 'Eve', 'timestamp': '2025-10-03 23:55:05', 'category': 'humor', 'sentiment': 0.5, 'keyword_mentioned': 'meme', 'message_length': 37}
2025-10-03 23:55:13 | INFO | {'message': 'I just saw a meme! It was boring.', 'author': 'Alice', 'timestamp': '2025-10-03 23:55:13', 'category': 'humor', 'sentiment': 0.4, 'keyword_mentioned': 'meme', 'message_length': 33}
2025-10-03 23:55:18 | INFO | {'message': 'I just found recipe! It was funny.', 'author': 'Bob', 'timestamp': '2025-10-03 23:55:18', 'category': 'food', 'sentiment': 0.46, 'keyword_mentioned': 'recipe', 'message_length': 34}
2025-10-03 23:55:23 | INFO | {'message': 'I just saw game! It was boring.', 'author': 'Eve', 'timestamp': '2025-10-03 23:55:23', 'category': 'gaming', 'sentiment': 0.6, 'keyword_mentioned': 'game', 'message_length': 31}
2025-10-03 23:55:28 | INFO | {'message': 'I just shared a trick! It was exciting.', 'author': 'Alice', 'timestamp': '2025-10-03 23:55:28', 'category': 'other', 'sentiment': 0.02, 'keyword_mentioned': 'other', 'message_length': 39}
2025-10-03 23:55:33 | INFO | {'message': 'I just saw game! It was amazing.', 'author': 'Eve', 'timestamp': '2025-10-03 23:55:33', 'category': 'gaming', 'sentiment': 0.44, 'keyword_mentioned': 'game', 'message_length': 32}
2025-10-03 23:55:38 | INFO | {'message': 'I just tried a trick! It was boring.', 'author': 'Alice', 'timestamp': '2025-10-03 23:55:38', 'category': 'other', 'sentiment': 0.76, 'keyword_mentioned': 'other', 'message_length': 36}
2025-10-03 23:55:43 | INFO | {'message': 'I just tried a trick! It was funny.', 'author': 'Charlie', 'timestamp': '2025-10-03 23:55:43', 'category': 'other', 'sentiment': 0.78, 'keyword_mentioned': 'other', 'message_length': 35}
2025-10-03 23:55:50 | INFO | {'message': 'I just shared an app! It was amazing.', 'author': 'Charlie', 'timestamp': '2025-10-03 23:55:50', 'category': 'other', 'sentiment': 0.26, 'keyword_mentioned': 'other', 'message_length': 37}
2025-10-03 23:55:55 | INFO | {'message': 'I just found game! It was boring.', 'author': 'Alice', 'timestamp': '2025-10-03 23:55:55', 'category': 'gaming', 'sentiment': 0.83, 'keyword_mentioned': 'game', 'message_length': 33}
2025-10-03 23:56:00 | INFO | {'message': 'I just loved travel! It was boring.', 'author': 'Bob', 'timestamp': '2025-10-03 23:56:00', 'category': 'travel', 'sentiment': 0.62, 'keyword_mentioned': 'travel', 'message_length': 35}
2025-10-03 23:56:05 | INFO | {'message': 'I just found recipe! It was weird.', 'author': 'Eve', 'timestamp': '2025-10-03 23:56:05', 'category': 'food', 'sentiment': 0.98, 'keyword_mentioned': 'recipe', 'message_length': 34}
2025-10-03 23:56:10 | INFO | {'message': 'I just tried JavaScript! It was weird.', 'author': 'Alice', 'timestamp': '2025-10-03 23:56:10', 'category': 'tech', 'sentiment': 0.37, 'keyword_mentioned': 'JavaScript', 'message_length': 38}
2025-10-03 23:56:15 | INFO | {'message': 'I just loved JavaScript! It was funny.', 'author': 'Bob', 'timestamp': '2025-10-03 23:56:15', 'category': 'tech', 'sentiment': 0.03, 'keyword_mentioned': 'JavaScript', 'message_length': 38}
2025-10-03 23:56:23 | INFO | {'message': 'I just loved Python! It was boring.', 'author': 'Bob', 'timestamp': '2025-10-03 23:56:23', 'category': 'tech', 'sentiment': 0.01, 'keyword_mentioned': 'Python', 'message_length': 35}
2025-10-03 23:56:28 | INFO | {'message': 'I just loved travel! It was amazing.', 'author': 'Bob', 'timestamp': '2025-10-03 23:56:28', 'category': 'travel', 'sentiment': 0.76, 'keyword_mentioned': 'travel', 'message_length': 36}
2025-10-03 23:56:33 | INFO | {'message': 'I just loved travel! It was exciting.', 'author': 'Bob', 'timestamp': '2025-10-03 23:56:33', 'category': 'travel', 'sentiment': 0.3, 'keyword_mentioned': 'travel', 'message_length': 37}
2025-10-03 23:56:38 | INFO | {'message': 'I just found a trick! It was funny.', 'author': 'Charlie', 'timestamp': '2025-10-03 23:56:38', 'category': 'other', 'sentiment': 0.93, 'keyword_mentioned': 'other', 'message_length': 35}
2025-10-03 23:56:43 | INFO | {'message': 'I just loved game! It was funny.', 'author': 'Charlie', 'timestamp': '2025-10-03 23:56:43', 'category': 'gaming', 'sentiment': 0.36, 'keyword_mentioned': 'game', 'message_length': 32}
2025-10-03 23:56:48 | INFO | {'message': 'I just shared game! It was exciting.', 'author': 'Eve', 'timestamp': '2025-10-03 23:56:48', 'category': 'gaming', 'sentiment': 0.96, 'keyword_mentioned': 'game', 'message_length': 36}
2025-10-03 23:56:53 | INFO | {'message': 'I just tried game! It was boring.', 'author': 'Bob', 'timestamp': '2025-10-03 23:56:53', 'category': 'gaming', 'sentiment': 0.23, 'keyword_mentioned': 'game', 'message_length': 33}
2025-10-03 23:57:01 | INFO | {'message': 'I just loved a story! It was amazing.', 'author': 'Bob', 'timestamp': '2025-10-03 23:57:01', 'category': 'other', 'sentiment': 0.58, 'keyword_mentioned': 'other', 'message_length': 37}
2025-10-03 23:57:06 | INFO | {'message': 'I just shared a meme! It was funny.', 'author': 'Alice', 'timestamp': '2025-10-03 23:57:06', 'category': 'humor', 'sentiment': 0.91, 'keyword_mentioned': 'meme', 'message_length': 35}
2025-10-03 23:57:11 | INFO | {'message': 'I just found game! It was amazing.', 'author': 'Bob', 'timestamp': '2025-10-03 23:57:11', 'category': 'gaming', 'sentiment': 0.27, 'keyword_mentioned': 'game', 'message_length': 34}
2025-10-03 23:57:16 | INFO | {'message': 'I just shared a story! It was amazing.', 'author': 'Charlie', 'timestamp': '2025-10-03 23:57:16', 'category': 'other', 'sentiment': 0.26, 'keyword_mentioned': 'other', 'message_length': 38}
2025-10-03 23:57:21 | INFO | {'message': 'I just loved a meme! It was exciting.', 'author': 'Alice', 'timestamp': '2025-10-03 23:57:21', 'category': 'humor', 'sentiment': 0.57, 'keyword_mentioned': 'meme', 'message_length': 37}
2025-10-03 23:57:26 | INFO | {'message': 'I just loved a movie! It was boring.', 'author': 'Charlie', 'timestamp': '2025-10-03 23:57:26', 'category': 'entertainment', 'sentiment': 0.97, 'keyword_mentioned': 'movie', 'message_length': 36}
2025-10-03 23:57:33 | INFO | {'message': 'I just saw a story! It was weird.', 'author': 'Alice', 'timestamp': '2025-10-03 23:57:33', 'category': 'other', 'sentiment': 0.98, 'keyword_mentioned': 'other', 'message_length': 33}
2025-10-03 23:57:38 | INFO | {'message': 'I just loved an app! It was funny.', 'author': 'Bob', 'timestamp': '2025-10-03 23:57:38', 'category': 'other', 'sentiment': 0.77, 'keyword_mentioned': 'other', 'message_length': 34}
2025-10-03 23:57:43 | INFO | {'message': 'I just saw game! It was boring.', 'author': 'Charlie', 'timestamp': '2025-10-03 23:57:43', 'category': 'gaming', 'sentiment': 0.54, 'keyword_mentioned': 'game', 'message_length': 31}
2025-10-03 23:57:48 | INFO | {'message': 'I just tried JavaScript! It was exciting.', 'author': 'Charlie', 'timestamp': '2025-10-03 23:57:48', 'category': 'tech', 'sentiment': 0.97, 'keyword_mentioned': 'JavaScript', 'message_length': 41}
2025-10-03 23:57:53 | INFO | {'message': 'I just loved a movie! It was funny.', 'author': 'Charlie', 'timestamp': '2025-10-03 23:57:53', 'category': 'entertainment', 'sentiment': 0.93, 'keyword_mentioned': 'movie', 'message_length': 35}
2025-10-03 23:57:58 | INFO | {'message': 'I just tried game! It was boring.', 'author': 'Alice', 'timestamp': '2025-10-03 23:57:58', 'category': 'gaming', 'sentiment': 0.61, 'keyword_mentioned': 'game', 'message_length': 33}
2025-10-03 23:58:06 | INFO | {'message': 'I just tried recipe! It was exciting.', 'author': 'Eve', 'timestamp': '2025-10-03 23:58:06', 'category': 'food', 'sentiment': 0.54, 'keyword_mentioned': 'recipe', 'message_length': 37}
2025-10-03 23:58:11 | INFO | {'message': 'I just saw recipe! It was weird.', 'author': 'Eve', 'timestamp': '2025-10-03 23:58:11', 'category': 'food', 'sentiment': 0.35, 'keyword_mentioned': 'recipe', 'message_length': 32}
2025-10-03 23:58:16 | INFO | {'message': 'I just tried recipe! It was weird.', 'author': 'Charlie', 'timestamp': '2025-10-03 23:58:16', 'category': 'food', 'sentiment': 0.83, 'keyword_mentioned': 'recipe', 'message_length': 34}
2025-10-03 23:58:21 | INFO | {'message': 'I just tried an app! It was amazing.', 'author': 'Eve', 'timestamp': '2025-10-03 23:58:21', 'category': 'other', 'sentiment': 0.25, 'keyword_mentioned': 'other', 'message_length': 36}
2025-10-03 23:58:26 | INFO | {'message': 'I just saw Python! It was exciting.', 'author': 'Eve', 'timestamp': '2025-10-03 23:58:26', 'category': 'tech', 'sentiment': 0.43, 'keyword_mentioned': 'Python', 'message_length': 35}
2025-10-03 23:58:31 | INFO | {'message': 'I just tried game! It was funny.', 'author': 'Bob', 'timestamp': '2025-10-03 23:58:31', 'category': 'gaming', 'sentiment': 0.44, 'keyword_mentioned': 'game', 'message_length': 32}
2025-10-03 23:58:36 | INFO | {'message': 'I just tried a meme! It was boring.', 'author': 'Alice', 'timestamp': '2025-10-03 23:58:36', 'category': 'humor', 'sentiment': 0.16, 'keyword_mentioned': 'meme', 'message_length': 35}
2025-10-03 23:58:44 | INFO | {'message': 'I just loved Python! It was exciting.', 'author': 'Charlie', 'timestamp': '2025-10-03 23:58:44', 'category': 'tech', 'sentiment': 0.02, 'keyword_mentioned': 'Python', 'message_length': 37}
2025-10-03 23:58:49 | INFO | {'message': 'I just loved JavaScript! It was amazing.', 'author': 'Eve', 'timestamp': '2025-10-03 23:58:49', 'category': 'tech', 'sentiment': 0.66, 'keyword_mentioned': 'JavaScript', 'message_length': 40}
2025-10-03 23:58:54 | INFO | {'message': 'I just saw a story! It was funny.', 'author': 'Eve', 'timestamp': '2025-10-03 23:58:54', 'category': 'other', 'sentiment': 0.47, 'keyword_mentioned': 'other', 'message_length': 33}
2025-10-03 23:58:59 | INFO | {'message': 'I just tried JavaScript! It was funny.', 'author': 'Bob', 'timestamp': '2025-10-03 23:58:59', 'category': 'tech', 'sentiment': 0.71, 'keyword_mentioned': 'JavaScript', 'message_length': 38}
2025-10-03 23:59:04 | INFO | {'message': 'I just saw travel! It was weird.', 'author': 'Alice', 'timestamp': '2025-10-03 23:59:04', 'category': 'travel', 'sentiment': 0.17, 'keyword_mentioned': 'travel', 'message_length': 32}
2025-10-03 23:59:09 | INFO | {'message': 'I just saw a story! It was funny.', 'author': 'Alice', 'timestamp': '2025-10-03 23:59:09', 'category': 'other', 'sentiment': 0.07, 'keyword_mentioned': 'other', 'message_length': 33}
2025-10-03 23:59:17 | INFO | {'message': 'I just shared JavaScript! It was exciting.', 'author': 'Eve', 'timestamp': '2025-10-03 23:59:17', 'category': 'tech', 'sentiment': 0.07, 'keyword_mentioned': 'JavaScript', 'message_length': 42}
2025-10-03 23:59:22 | INFO | {'message': 'I just loved a meme! It was exciting.', 'author': 'Charlie', 'timestamp': '2025-10-03 23:59:22', 'category': 'humor', 'sentiment': 0.76, 'keyword_mentioned': 'meme', 'message_length': 37}
2025-10-03 23:59:27 | INFO | {'message': 'I just shared a story! It was boring.', 'author': 'Charlie', 'timestamp': '2025-10-03 23:59:27', 'category': 'other', 'sentiment': 0.71, 'keyword_mentioned': 'other', 'message_length': 37}
2025-10-03 23:59:32 | INFO | {'message': 'I just tried recipe! It was weird.', 'author': 'Charlie', 'timestamp': '2025-10-03 23:59:32', 'category': 'food', 'sentiment': 0.17, 'keyword_mentioned': 'recipe', 'message_length': 34}
2025-10-03 23:59:37 | INFO | {'message': 'I just shared an app! It was amazing.', 'author': 'Bob', 'timestamp': '2025-10-03 23:59:37', 'category': 'other', 'sentiment': 0.18, 'keyword_mentioned': 'other', 'message_length': 37}
2025-10-03 23:59:42 | INFO | {'message': 'I just saw an app! It was boring.', 'author': 'Alice', 'timestamp': '2025-10-03 23:59:42', 'category': 'other', 'sentiment': 0.67, 'keyword_mentioned': 'other', 'message_length': 33}
2025-10-03 23:59:47 | INFO | {'message': 'I just shared a trick! It was exciting.', 'author': 'Bob', 'timestamp': '2025-10-03 23:59:47', 'category': 'other', 'sentiment': 0.4, 'keyword_mentioned': 'other', 'message_length': 39}
2025-10-03 23:59:55 | INFO | {'message': 'I just saw game! It was weird.', 'author': 'Charlie', 'timestamp': '2025-10-03 23:59:55', 'category': 'gaming', 'sentiment': 0.05, 'keyword_mentioned': 'game', 'message_length': 30}
2025-10-04 00:00:00 | INFO | {'message': 'I just found an app! It was weird.', 'author': 'Charlie', 'timestamp': '2025-10-04 00:00:00', 'category': 'other', 'sentiment': 0.52, 'keyword_mentioned': 'other', 'message_length': 34}
2025-10-04 00:00:05 | INFO | {'message': 'I just tried an app! It was weird.', 'author': 'Bob', 'timestamp': '2025-10-04 00:00:05', 'category': 'other', 'sentiment': 0.94, 'keyword_mentioned': 'other', 'message_length': 34}
2025-10-04 00:00:10 | INFO | {'message': 'I just saw travel! It was exciting.', 'author': 'Bob', 'timestamp': '2025-10-04 00:00:10', 'category': 'travel', 'sentiment': 0.07, 'keyword_mentioned': 'travel', 'message_length': 35}
2025-10-04 00:00:15 | INFO | {'message': 'I just shared a story! It was weird.', 'author': 'Alice', 'timestamp': '2025-10-04 00:00:15', 'category': 'other', 'sentiment': 0.42, 'keyword_mentioned': 'other', 'message_length': 36}
2025-10-04 00:00:20 | INFO | {'message': 'I just tried a meme! It was boring.', 'author': 'Eve', 'timestamp': '2025-10-04 00:00:20', 'category': 'humor', 'sentiment': 0.72, 'keyword_mentioned': 'meme', 'message_length': 35}
2025-10-04 00:00:28 | INFO | {'message': 'I just tried a meme! It was amazing.', 'author': 'Bob', 'timestamp': '2025-10-04 00:00:28', 'category': 'humor', 'sentiment': 0.22, 'keyword_mentioned': 'meme', 'message_length': 36}
2025-10-04 00:00:33 | INFO | {'message': 'I just tried game! It was boring.', 'author': 'Alice', 'timestamp': '2025-10-04 00:00:33', 'category': 'gaming', 'sentiment': 0.5, 'keyword_mentioned': 'game', 'message_length': 33}
2025-10-04 00:00:38 | INFO | {'message': 'I just tried Python! It was boring.', 'author': 'Eve', 'timestamp': '2025-10-04 00:00:38', 'category': 'tech', 'sentiment': 0.26, 'keyword_mentioned': 'Python', 'message_length': 35}
2025-10-04 00:00:43 | INFO | {'message': 'I just tried JavaScript! It was amazing.', 'author': 'Charlie', 'timestamp': '2025-10-04 00:00:43', 'category': 'tech', 'sentiment': 0.05, 'keyword_mentioned': 'JavaScript', 'message_length': 40}
2025-10-04 00:00:48 | INFO | {'message': 'I just tried Python! It was boring.', 'author': 'Bob', 'timestamp': '2025-10-04 00:00:48', 'category': 'tech', 'sentiment': 0.55, 'keyword_mentioned': 'Python', 'message_length': 35}
2025-10-04 00:00:53 | INFO | {'message': 'I just tried a trick! It was boring.', 'author': 'Eve', 'timestamp': '2025-10-04 00:00:53', 'category': 'other', 'sentiment': 0.1, 'keyword_mentioned': 'other', 'message_length': 36}
2025-10-04 00:00:58 | INFO | {'message': 'I just tried a meme! It was amazing.', 'author': 'Eve', 'timestamp': '2025-10-04 00:00:58', 'category': 'humor', 'sentiment': 0.97, 'keyword_mentioned': 'meme', 'message_length': 36}
2025-10-04 00:01:06 | INFO | {'message': 'I just shared a meme! It was weird.', 'author': 'Charlie', 'timestamp': '2025-10-04 00:01:06', 'category': 'humor', 'sentiment': 0.58, 'keyword_mentioned': 'meme', 'message_length': 35}
2025-10-04 00:01:11 | INFO | {'message': 'I just tried JavaScript! It was exciting.', 'author': 'Charlie', 'timestamp': '2025-10-04 00:01:11', 'category': 'tech', 'sentiment': 0.69, 'keyword_mentioned': 'JavaScript', 'message_length': 41}
2025-10-04 00:01:16 | INFO | {'message': 'I just tried game! It was exciting.', 'author': 'Charlie', 'timestamp': '2025-10-04 00:01:16', 'category': 'gaming', 'sentiment': 0.05, 'keyword_mentioned': 'game', 'message_length': 35}
2025-10-04 00:01:21 | INFO | {'message': 'I just saw a meme! It was boring.', 'author': 'Bob', 'timestamp': '2025-10-04 00:01:21', 'category': 'humor', 'sentiment': 0.5, 'keyword_mentioned': 'meme', 'message_length': 33}
2025-10-04 00:01:26 | INFO | {'message': 'I just shared Python! It was amazing.', 'author': 'Alice', 'timestamp': '2025-10-04 00:01:26', 'category': 'tech', 'sentiment': 0.26, 'keyword_mentioned': 'Python', 'message_length': 37}
2025-10-04 00:01:31 | INFO | {'message': 'I just saw JavaScript! It was boring.', 'author': 'Bob', 'timestamp': '2025-10-04 00:01:31', 'category': 'tech', 'sentiment': 0.36, 'keyword_mentioned': 'JavaScript', 'message_length': 37}
2025-10-04 00:01:39 | INFO | {'message': 'I just tried a movie! It was funny.', 'author': 'Bob', 'timestamp': '2025-10-04 00:01:39', 'category': 'entertainment', 'sentiment': 0.2, 'keyword_mentioned': 'movie', 'message_length': 35}
2025-10-04 00:01:44 | INFO | {'message': 'I just loved game! It was weird.', 'author': 'Charlie', 'timestamp': '2025-10-04 00:01:44', 'category': 'gaming', 'sentiment': 0.93, 'keyword_mentioned': 'game', 'message_length': 32}
2025-10-04 00:01:49 | INFO | {'message': 'I just tried recipe! It was weird.', 'author': 'Eve', 'timestamp': '2025-10-04 00:01:49', 'category': 'food', 'sentiment': 0.06, 'keyword_mentioned': 'recipe', 'message_length': 34}
2025-10-04 00:01:54 | INFO | {'message': 'I just shared game! It was amazing.', 'author': 'Eve', 'timestamp': '2025-10-04 00:01:54', 'category': 'gaming', 'sentiment': 0.55, 'keyword_mentioned': 'game', 'message_length': 35}
2025-10-04 00:01:59 | INFO | {'message': 'I just shared a story! It was weird.', 'author': 'Charlie', 'timestamp': '2025-10-04 00:01:59', 'category': 'other', 'sentiment': 0.55, 'keyword_mentioned': 'other', 'message_length': 36}
2025-10-04 00:02:04 | INFO | {'message': 'I just found Python! It was funny.', 'author': 'Charlie', 'timestamp': '2025-10-04 00:02:04', 'category': 'tech', 'sentiment': 0.23, 'keyword_mentioned': 'Python', 'message_length': 34}
2025-10-04 00:02:09 | INFO | {'message': 'I just shared recipe! It was weird.', 'author': 'Bob', 'timestamp': '2025-10-04 00:02:09', 'category': 'food', 'sentiment': 0.09, 'keyword_mentioned': 'recipe', 'message_length': 35}
2025-10-04 00:02:17 | INFO | {'message': 'I just shared a trick! It was funny.', 'author': 'Eve', 'timestamp': '2025-10-04 00:02:17', 'category': 'other', 'sentiment': 0.31, 'keyword_mentioned': 'other', 'message_length': 36}
2025-10-04 00:02:22 | INFO | {'message': 'I just saw Python! It was boring.', 'author': 'Alice', 'timestamp': '2025-10-04 00:02:22', 'category': 'tech', 'sentiment': 0.5, 'keyword_mentioned': 'Python', 'message_length': 33}
2025-10-04 00:02:27 | INFO | {'message': 'I just saw a meme! It was weird.', 'author': 'Bob', 'timestamp': '2025-10-04 00:02:27', 'category': 'humor', 'sentiment': 0.82, 'keyword_mentioned': 'meme', 'message_length': 32}
2025-10-04 00:02:32 | INFO | {'message': 'I just shared JavaScript! It was amazing.', 'author': 'Bob', 'timestamp': '2025-10-04 00:02:32', 'category': 'tech', 'sentiment': 0.64, 'keyword_mentioned': 'JavaScript', 'message_length': 41}
2025-10-04 00:02:37 | INFO | {'message': 'I just found Python! It was boring.', 'author': 'Eve', 'timestamp': '2025-10-04 00:02:37', 'category': 'tech', 'sentiment': 0.87, 'keyword_mentioned': 'Python', 'message_length': 35}
2025-10-04 00:02:42 | INFO | {'message': 'I just loved a trick! It was exciting.', 'author': 'Alice', 'timestamp': '2025-10-04 00:02:42', 'category': 'other', 'sentiment': 0.37, 'keyword_mentioned': 'other', 'message_length': 38}
2025-10-04 00:02:50 | INFO | {'message': 'I just tried a trick! It was funny.', 'author': 'Bob', 'timestamp': '2025-10-04 00:02:50', 'category': 'other', 'sentiment': 0.53, 'keyword_mentioned': 'other', 'message_length': 35}
2025-10-04 00:02:55 | INFO | {'message': 'I just tried travel! It was amazing.', 'author': 'Bob', 'timestamp': '2025-10-04 00:02:55', 'category': 'travel', 'sentiment': 0.25, 'keyword_mentioned': 'travel', 'message_length': 36}
2025-10-04 00:03:00 | INFO | {'message': 'I just loved game! It was funny.', 'author': 'Alice', 'timestamp': '2025-10-04 00:03:00', 'category': 'gaming', 'sentiment': 0.46, 'keyword_mentioned': 'game', 'message_length': 32}
2025-10-04 00:03:05 | INFO | {'message': 'I just found a story! It was funny.', 'author': 'Alice', 'timestamp': '2025-10-04 00:03:05', 'category': 'other', 'sentiment': 0.13, 'keyword_mentioned': 'other', 'message_length': 35}
2025-10-04 00:03:10 | INFO | {'message': 'I just tried a trick! It was boring.', 'author': 'Charlie', 'timestamp': '2025-10-04 00:03:10', 'category': 'other', 'sentiment': 0.84, 'keyword_mentioned': 'other', 'message_length': 36}
2025-10-04 00:03:15 | INFO | {'message': 'I just shared a story! It was amazing.', 'author': 'Charlie', 'timestamp': '2025-10-04 00:03:15', 'category': 'other', 'sentiment': 0.81, 'keyword_mentioned': 'other', 'message_length': 38}
2025-10-04 00:03:23 | INFO | {'message': 'I just loved a trick! It was amazing.', 'author': 'Eve', 'timestamp': '2025-10-04 00:03:23', 'category': 'other', 'sentiment': 0.05, 'keyword_mentioned': 'other', 'message_length': 37}
2025-10-04 00:03:28 | INFO | {'message': 'I just shared Python! It was amazing.', 'author': 'Eve', 'timestamp': '2025-10-04 00:03:28', 'category': 'tech', 'sentiment': 0.6, 'keyword_mentioned': 'Python', 'message_length': 37}
2025-10-04 00:03:33 | INFO | {'message': 'I just tried a meme! It was amazing.', 'author': 'Alice', 'timestamp': '2025-10-04 00:03:33', 'category': 'humor', 'sentiment': 0.53, 'keyword_mentioned': 'meme', 'message_length': 36}
2025-10-04 00:03:38 | INFO | {'message': 'I just loved game! It was amazing.', 'author': 'Charlie', 'timestamp': '2025-10-04 00:03:38', 'category': 'gaming', 'sentiment': 0.48, 'keyword_mentioned': 'game', 'message_length': 34}
2025-10-04 00:03:43 | INFO | {'message': 'I just loved Python! It was exciting.', 'author': 'Bob', 'timestamp': '2025-10-04 00:03:43', 'category': 'tech', 'sentiment': 0.2, 'keyword_mentioned': 'Python', 'message_length': 37}
2025-10-04 00:03:48 | INFO | {'message': 'I just saw game! It was amazing.', 'author': 'Charlie', 'timestamp': '2025-10-04 00:03:48', 'category': 'gaming', 'sentiment': 0.69, 'keyword_mentioned': 'game', 'message_length': 32}
2025-10-04 00:03:53 | INFO | {'message': 'I just tried a meme! It was funny.', 'author': 'Eve', 'timestamp': '2025-10-04 00:03:53', 'category': 'humor', 'sentiment': 0.01, 'keyword_mentioned': 'meme', 'message_length': 34}
2025-10-04 00:04:01 | INFO | {'message': 'I just loved a movie! It was exciting.', 'author': 'Charlie', 'timestamp': '2025-10-04 00:04:01', 'category': 'entertainment', 'sentiment': 0.77, 'keyword_mentioned': 'movie', 'message_length': 38}
2025-10-04 00:04:06 | INFO | {'message': 'I just shared game! It was weird.', 'author': 'Eve', 'timestamp': '2025-10-04 00:04:06', 'category': 'gaming', 'sentiment': 0.85, 'keyword_mentioned': 'game', 'message_length': 33}
2025-10-04 00:04:11 | INFO | {'message': 'I just loved a meme! It was boring.', 'author': 'Charlie', 'timestamp': '2025-10-04 00:04:11', 'category': 'humor', 'sentiment': 0.0, 'keyword_mentioned': 'meme', 'message_length': 35}
2025-10-04 00:04:16 | INFO | {'message': 'I just shared Python! It was boring.', 'author': 'Bob', 'timestamp': '2025-10-04 00:04:16', 'category': 'tech', 'sentiment': 0.54, 'keyword_mentioned': 'Python', 'message_length': 36}
2025-10-04 00:04:21 | INFO | {'message': 'I just tried travel! It was weird.', 'author': 'Alice', 'timestamp': '2025-10-04 00:04:21', 'category': 'travel', 'sentiment': 0.6, 'keyword_mentioned': 'travel', 'message_length': 34}
2025-10-04 00:04:26 | INFO | {'message': 'I just shared JavaScript! It was weird.', 'author': 'Bob', 'timestamp': '2025-10-04 00:04:26', 'category': 'tech', 'sentiment': 0.3, 'keyword_mentioned': 'JavaScript', 'message_length': 39}
2025-10-04 00:04:33 | INFO | {'message': 'I just saw a meme! It was amazing.', 'author': 'Bob', 'timestamp': '2025-10-04 00:04:33', 'category': 'humor', 'sentiment': 0.93, 'keyword_mentioned': 'meme', 'message_length': 34}
2025-10-04 00:04:38 | INFO | {'message': 'I just saw an app! It was weird.', 'author': 'Eve', 'timestamp': '2025-10-04 00:04:38', 'category': 'other', 'sentiment': 0.92, 'keyword_mentioned': 'other', 'message_length': 32}
2025-10-04 00:04:43 | INFO | {'message': 'I just found a meme! It was boring.', 'author': 'Bob', 'timestamp': '2025-10-04 00:04:43', 'category': 'humor', 'sentiment': 0.86, 'keyword_mentioned': 'meme', 'message_length': 35}
2025-10-04 00:04:48 | INFO | {'message': 'I just saw an app! It was boring.', 'author': 'Bob', 'timestamp': '2025-10-04 00:04:48', 'category': 'other', 'sentiment': 0.07, 'keyword_mentioned': 'other', 'message_length': 33}
2025-10-04 00:04:53 | INFO | {'message': 'I just found Python! It was amazing.', 'author': 'Alice', 'timestamp': '2025-10-04 00:04:53', 'category': 'tech', 'sentiment': 0.03, 'keyword_mentioned': 'Python', 'message_length': 36}
2025-10-04 00:04:58 | INFO | {'message': 'I just loved travel! It was boring.', 'author': 'Eve', 'timestamp': '2025-10-04 00:04:58', 'category': 'travel', 'sentiment': 0.71, 'keyword_mentioned': 'travel', 'message_length': 35}
2025-10-04 00:05:03 | INFO | {'message': 'I just shared a meme! It was amazing.', 'author': 'Charlie', 'timestamp': '2025-10-04 00:05:03', 'category': 'humor', 'sentiment': 0.45, 'keyword_mentioned': 'meme', 'message_length': 37}
2025-10-04 00:05:11 | INFO | {'message': 'I just found a trick! It was weird.', 'author': 'Alice', 'timestamp': '2025-10-04 00:05:11', 'category': 'other', 'sentiment': 0.65, 'keyword_mentioned': 'other', 'message_length': 35}
2025-10-04 00:05:16 | INFO | {'message': 'I just loved a movie! It was weird.', 'author': 'Eve', 'timestamp': '2025-10-04 00:05:16', 'category': 'entertainment', 'sentiment': 0.15, 'keyword_mentioned': 'movie', 'message_length': 35}
2025-10-04 00:05:21 | INFO | {'message': 'I just loved recipe! It was boring.', 'author': 'Charlie', 'timestamp': '2025-10-04 00:05:21', 'category': 'food', 'sentiment': 0.45, 'keyword_mentioned': 'recipe', 'message_length': 35}
2025-10-04 00:05:26 | INFO | {'message': 'I just shared an app! It was amazing.', 'author': 'Alice', 'timestamp': '2025-10-04 00:05:26', 'category': 'other', 'sentiment': 0.65, 'keyword_mentioned': 'other', 'message_length': 37}
2025-10-04 00:05:31 | INFO | {'message': 'I just found recipe! It was funny.', 'author': 'Bob', 'timestamp': '2025-10-04 00:05:31', 'category': 'food', 'sentiment': 0.13, 'keyword_mentioned': 'recipe', 'message_length': 34}
2025-10-04 00:05:36 | INFO | {'message': 'I just found JavaScript! It was weird.', 'author': 'Eve', 'timestamp': '2025-10-04 00:05:36', 'category': 'tech', 'sentiment': 0.03, 'keyword_mentioned': 'JavaScript', 'message_length': 38}
2025-10-04 00:05:43 | INFO | {'message': 'I just saw a story! It was weird.', 'author': 'Alice', 'timestamp': '2025-10-04 00:05:43', 'category': 'other', 'sentiment': 0.26, 'keyword_mentioned': 'other', 'message_length': 33}
2025-10-04 00:05:48 | INFO | {'message': 'I just loved a meme! It was amazing.', 'author': 'Alice', 'timestamp': '2025-10-04 00:05:48', 'category': 'humor', 'sentiment': 0.02, 'keyword_mentioned': 'meme', 'message_length': 36}
2025-10-04 00:05:53 | INFO | {'message': 'I just tried travel! It was exciting.', 'author': 'Bob', 'timestamp': '2025-10-04 00:05:53', 'category': 'travel', 'sentiment': 0.04, 'keyword_mentioned': 'travel', 'message_length': 37}
2025-10-04 00:05:58 | INFO | {'message': 'I just tried an app! It was weird.', 'author': 'Alice', 'timestamp': '2025-10-04 00:05:58', 'category': 'other', 'sentiment': 0.04, 'keyword_mentioned': 'other', 'message_length': 34}
2025-10-04 00:06:03 | INFO | {'message': 'I just saw a meme! It was funny.', 'author': 'Bob', 'timestamp': '2025-10-04 00:06:03', 'category': 'humor', 'sentiment': 0.71, 'keyword_mentioned': 'meme', 'message_length': 32}
2025-10-04 00:06:08 | INFO | {'message': 'I just tried a trick! It was boring.', 'author': 'Alice', 'timestamp': '2025-10-04 00:06:08', 'category': 'other', 'sentiment': 0.72, 'keyword_mentioned': 'other', 'message_length': 36}
2025-10-04 00:06:13 | INFO | {'message': 'I just tried a trick! It was boring.', 'author': 'Alice', 'timestamp': '2025-10-04 00:06:13', 'category': 'other', 'sentiment': 0.28, 'keyword_mentioned': 'other', 'message_length': 36}
2025-10-04 00:06:21 | INFO | {'message': 'I just saw a trick! It was amazing.', 'author': 'Alice', 'timestamp': '2025-10-04 00:06:21', 'category': 'other', 'sentiment': 0.76, 'keyword_mentioned': 'other', 'message_length': 35}
2025-10-04 00:06:26 | INFO | {'message': 'I just saw travel! It was weird.', 'author': 'Bob', 'timestamp': '2025-10-04 00:06:26', 'category': 'travel', 'sentiment': 0.13, 'keyword_mentioned': 'travel', 'message_length': 32}
2025-10-04 00:06:31 | INFO | {'message': 'I just saw a story! It was funny.', 'author': 'Alice', 'timestamp': '2025-10-04 00:06:31', 'category': 'other', 'sentiment': 0.77, 'keyword_mentioned': 'other', 'message_length': 33}
2025-10-04 00:06:36 | INFO | {'message': 'I just loved recipe! It was funny.', 'author': 'Alice', 'timestamp': '2025-10-04 00:06:36', 'category': 'food', 'sentiment': 0.99, 'keyword_mentioned': 'recipe', 'message_length': 34}
2025-10-04 00:06:41 | INFO | {'message': 'I just saw travel! It was exciting.', 'author': 'Eve', 'timestamp': '2025-10-04 00:06:41', 'category': 'travel', 'sentiment': 0.03, 'keyword_mentioned': 'travel', 'message_length': 35}
2025-10-04 00:06:46 | INFO | {'message': 'I just shared travel! It was funny.', 'author': 'Bob', 'timestamp': '2025-10-04 00:06:46', 'category': 'travel', 'sentiment': 0.73, 'keyword_mentioned': 'travel', 'message_length': 35}
2025-10-04 00:06:54 | INFO | {'message': 'I just tried a story! It was amazing.', 'author': 'Bob', 'timestamp': '2025-10-04 00:06:54', 'category': 'other', 'sentiment': 0.8, 'keyword_mentioned': 'other', 'message_length': 37}
2025-10-04 00:06:59 | INFO | {'message': 'I just tried a story! It was boring.', 'author': 'Eve', 'timestamp': '2025-10-04 00:06:59', 'category': 'other', 'sentiment': 0.96, 'keyword_mentioned': 'other', 'message_length': 36}
2025-10-04 00:07:04 | INFO | {'message': 'I just found JavaScript! It was amazing.', 'author': 'Charlie', 'timestamp': '2025-10-04 00:07:04', 'category': 'tech', 'sentiment': 0.07, 'keyword_mentioned': 'JavaScript', 'message_length': 40}
2025-10-04 00:07:09 | INFO | {'message': 'I just saw travel! It was funny.', 'author': 'Alice', 'timestamp': '2025-10-04 00:07:09', 'category': 'travel', 'sentiment': 0.34, 'keyword_mentioned': 'travel', 'message_length': 32}
2025-10-04 00:07:14 | INFO | {'message': 'I just shared a trick! It was funny.', 'author': 'Alice', 'timestamp': '2025-10-04 00:07:14', 'category': 'other', 'sentiment': 0.92, 'keyword_mentioned': 'other', 'message_length': 36}
2025-10-04 00:07:19 | INFO | {'message': 'I just shared recipe! It was boring.', 'author': 'Eve', 'timestamp': '2025-10-04 00:07:19', 'category': 'food', 'sentiment': 0.91, 'keyword_mentioned': 'recipe', 'message_length': 36}
2025-10-04 00:07:24 | INFO | {'message': 'I just saw a meme! It was amazing.', 'author': 'Alice', 'timestamp': '2025-10-04 00:07:24', 'category': 'humor', 'sentiment': 0.16, 'keyword_mentioned': 'meme', 'message_length': 34}
2025-10-04 00:07:31 | INFO | {'message': 'I just shared travel! It was exciting.', 'author': 'Bob', 'timestamp': '2025-10-04 00:07:31', 'category': 'travel', 'sentiment': 0.67, 'keyword_mentioned': 'travel', 'message_length': 38}
2025-10-04 00:07:36 | INFO | {'message': 'I just found Python! It was weird.', 'author': 'Eve', 'timestamp': '2025-10-04 00:07:36', 'category': 'tech', 'sentiment': 0.91, 'keyword_mentioned': 'Python', 'message_length': 34}
2025-10-04 00:07:41 | INFO | {'message': 'I just shared Python! It was funny.', 'author': 'Bob', 'timestamp': '2025-10-04 00:07:41', 'category': 'tech', 'sentiment': 0.33, 'keyword_mentioned': 'Python', 'message_length': 35}
2025-10-04 00:07:46 | INFO | {'message': 'I just shared game! It was boring.', 'author': 'Eve', 'timestamp': '2025-10-04 00:07:46', 'category': 'gaming', 'sentiment': 0.77, 'keyword_mentioned': 'game', 'message_length': 34}
2025-10-04 00:07:51 | INFO | {'message': 'I just loved game! It was exciting.', 'author': 'Alice', 'timestamp': '2025-10-04 00:07:51', 'category': 'gaming', 'sentiment': 0.35, 'keyword_mentioned': 'game', 'message_length': 35}
2025-10-04 00:07:56 | INFO | {'message': 'I just loved a trick! It was funny.', 'author': 'Alice', 'timestamp': '2025-10-04 00:07:56', 'category': 'other', 'sentiment': 0.64, 'keyword_mentioned': 'other', 'message_length': 35}
2025-10-04 00:08:04 | INFO | {'message': 'I just tried a story! It was exciting.', 'author': 'Bob', 'timestamp': '2025-10-04 00:08:04', 'category': 'other', 'sentiment': 0.48, 'keyword_mentioned': 'other', 'message_length': 38}
2025-10-04 00:08:09 | INFO | {'message': 'I just shared travel! It was exciting.', 'author': 'Alice', 'timestamp': '2025-10-04 00:08:09', 'category': 'travel', 'sentiment': 0.07, 'keyword_mentioned': 'travel', 'message_length': 38}
2025-10-04 00:08:14 | INFO | {'message': 'I just tried JavaScript! It was exciting.', 'author': 'Charlie', 'timestamp': '2025-10-04 00:08:14', 'category': 'tech', 'sentiment': 0.23, 'keyword_mentioned': 'JavaScript', 'message_length': 41}
2025-10-04 00:08:19 | INFO | {'message': 'I just found an app! It was weird.', 'author': 'Alice', 'timestamp': '2025-10-04 00:08:19', 'category': 'other', 'sentiment': 0.43, 'keyword_mentioned': 'other', 'message_length': 34}
2025-10-04 00:08:24 | INFO | {'message': 'I just saw JavaScript! It was funny.', 'author': 'Eve', 'timestamp': '2025-10-04 00:08:24', 'category': 'tech', 'sentiment': 0.95, 'keyword_mentioned': 'JavaScript', 'message_length': 36}
