2025-10-04 01:44:10 | INFO | {'message': 'I just found travel! It was exciting.', 'author': 'Bob', 'timestamp': '2025-10-04 01:44:10', 'category': 'travel', 'sentiment': 0.47, 'keyword_mentioned': 'travel', 'message_length': 37}
2025-10-04 01:44:15 | INFO | {'message': 'I just shared an app! It was amazing.', 'author': 'Alice', 'timestamp': '2025-10-04 01:44:15', 'category': 'other', 'sentiment': 0.37, 'keyword_mentioned': 'other', 'message_length': 37}
2025-10-04 01:44:20 | INFO | {'message': 'I just found a trick! It was boring.', 'author': 'Eve', 'timestamp': '2025-10-04 01:44:20', 'category': 'other', 'sentiment': 0.44, 'keyword_mentioned': 'other', 'message_length': 36}
2025-10-04 01:44:28 | INFO | {'message': 'I just shared recipe! It was funny.', 'author': 'Bob', 'timestamp': '2025-10-04 01:44:28', 'category': 'food', 'sentiment': 0.98, 'keyword_mentioned': 'recipe', 'message_length': 35}
2025-10-04 01:44:33 | INFO | {'message': 'I just saw Python! It was funny.', 'author': 'Eve', 'timestamp': '2025-10-04 01:44:33', 'category': 'tech', 'sentiment': 0.31, 'keyword_mentioned': 'Python', 'message_length': 32}
2025-10-04 01:44:38 | INFO | {'message': 'I just found a movie! It was weird.', 'author': 'Charlie', 'timestamp': '2025-10-04 01:44:38', 'category': 'entertainment', 'sentiment': 0.03, 'keyword_mentioned': 'movie', 'message_length': 35}
2025-10-04 01:44:43 | INFO | {'message': 'I just loved a movie! It was boring.', 'author': 'Eve', 'timestamp': '2025-10-04 01:44:43', 'category': 'entertainment', 'sentiment': 0.28, 'keyword_mentioned': 'movie', 'message_length': 36}
2025-10-04 01:44:48 | INFO | {'message': 'I just shared travel! It was weird.', 'author': 'Eve', 'timestamp': '2025-10-04 01:44:48', 'category': 'travel', 'sentiment': 0.03, 'keyword_mentioned': 'travel', 'message_length': 35}
2025-10-04 01:44:53 | INFO | {'message': 'I just tried a trick! It was weird.', 'author': 'Alice', 'timestamp': '2025-10-04 01:44:53', 'category': 'other', 'sentiment': 0.73, 'keyword_mentioned': 'other', 'message_length': 35}
2025-10-04 01:45:01 | INFO | {'message': 'I just loved recipe! It was boring.', 'author': 'Alice', 'timestamp': '2025-10-04 01:45:01', 'category': 'food', 'sentiment': 0.82, 'keyword_mentioned': 'recipe', 'message_length': 35}
2025-10-04 01:45:06 | INFO | {'message': 'I just tried game! It was boring.', 'author': 'Bob', 'timestamp': '2025-10-04 01:45:06', 'category': 'gaming', 'sentiment': 0.77, 'keyword_mentioned': 'game', 'message_length': 33}
2025-10-04 01:45:11 | INFO | {'message': 'I just shared travel! It was boring.', 'author': 'Eve', 'timestamp': '2025-10-04 01:45:11', 'category': 'travel', 'sentiment': 0.01, 'keyword_mentioned': 'travel', 'message_length': 36}
2025-10-04 01:45:16 | INFO | {'message': 'I just found recipe! It was funny.', 'author': 'Bob', 'timestamp': '2025-10-04 01:45:16', 'category': 'food', 'sentiment': 0.6, 'keyword_mentioned': 'recipe', 'message_length': 34}
2025-10-04 01:45:21 | INFO | {'message': 'I just tried recipe! It was exciting.', 'author': 'Charlie', 'timestamp': '2025-10-04 01:45:21', 'category': 'food', 'sentiment': 0.88, 'keyword_mentioned': 'recipe', 'message_length': 37}
2025-10-04 01:45:26 | INFO | {'message': 'I just tried a trick! It was funny.', 'author': 'Bob', 'timestamp': '2025-10-04 01:45:26', 'category': 'other', 'sentiment': 0.37, 'keyword_mentioned': 'other', 'message_length': 35}
2025-10-04 01:45:31 | INFO | {'message': 'I just tried game! It was boring.', 'author': 'Charlie', 'timestamp': '2025-10-04 01:45:31', 'category': 'gaming', 'sentiment': 0.95, 'keyword_mentioned': 'game', 'message_length': 33}
2025-10-04 01:45:39 | INFO | {'message': 'I just saw Python! It was amazing.', 'author': 'Bob', 'timestamp': '2025-10-04 01:45:39', 'category': 'tech', 'sentiment': 0.38, 'keyword_mentioned': 'Python', 'message_length': 34}
2025-10-04 01:45:44 | INFO | {'message': 'I just tried a meme! It was funny.', 'author': 'Alice', 'timestamp': '2025-10-04 01:45:44', 'category': 'humor', 'sentiment': 0.46, 'keyword_mentioned': 'meme', 'message_length': 34}
2025-10-04 01:45:49 | INFO | {'message': 'I just shared a meme! It was boring.', 'author': 'Eve', 'timestamp': '2025-10-04 01:45:49', 'category': 'humor', 'sentiment': 0.24, 'keyword_mentioned': 'meme', 'message_length': 36}
2025-10-04 01:45:54 | INFO | {'message': 'I just loved recipe! It was weird.', 'author': 'Eve', 'timestamp': '2025-10-04 01:45:54', 'category': 'food', 'sentiment': 0.42, 'keyword_mentioned': 'recipe', 'message_length': 34}
2025-10-04 01:45:59 | INFO | {'message': 'I just found travel! It was boring.', 'author': 'Bob', 'timestamp': '2025-10-04 01:45:59', 'category': 'travel', 'sentiment': 0.02, 'keyword_mentioned': 'travel', 'message_length': 35}
2025-10-04 01:46:04 | INFO | {'message': 'I just loved a meme! It was exciting.', 'author': 'Bob', 'timestamp': '2025-10-04 01:46:04', 'category': 'humor', 'sentiment': 0.95, 'keyword_mentioned': 'meme', 'message_length': 37}
2025-10-04 01:46:12 | INFO | {'message': 'I just saw recipe! It was amazing.', 'author': 'Bob', 'timestamp': '2025-10-04 01:46:12', 'category': 'food', 'sentiment': 0.57, 'keyword_mentioned': 'recipe', 'message_length': 34}
2025-10-04 01:46:17 | INFO | {'message': 'I just tried a trick! It was amazing.', 'author': 'Alice', 'timestamp': '2025-10-04 01:46:17', 'category': 'other', 'sentiment': 0.3, 'keyword_mentioned': 'other', 'message_length': 37}
2025-10-04 01:46:22 | INFO | {'message': 'I just found travel! It was boring.', 'author': 'Bob', 'timestamp': '2025-10-04 01:46:22', 'category': 'travel', 'sentiment': 0.24, 'keyword_mentioned': 'travel', 'message_length': 35}
2025-10-04 01:46:27 | INFO | {'message': 'I just saw a meme! It was amazing.', 'author': 'Eve', 'timestamp': '2025-10-04 01:46:27', 'category': 'humor', 'sentiment': 0.74, 'keyword_mentioned': 'meme', 'message_length': 34}
2025-10-04 01:46:32 | INFO | {'message': 'I just saw travel! It was boring.', 'author': 'Charlie', 'timestamp': '2025-10-04 01:46:32', 'category': 'travel', 'sentiment': 0.66, 'keyword_mentioned': 'travel', 'message_length': 33}
2025-10-04 01:46:37 | INFO | {'message': 'I just shared a trick! It was boring.', 'author': 'Eve', 'timestamp': '2025-10-04 01:46:37', 'category': 'other', 'sentiment': 0.89, 'keyword_mentioned': 'other', 'message_length': 37}
2025-10-04 01:46:45 | INFO | {'message': 'I just shared a story! It was funny.', 'author': 'Charlie', 'timestamp': '2025-10-04 01:46:45', 'category': 'other', 'sentiment': 0.66, 'keyword_mentioned': 'other', 'message_length': 36}
2025-10-04 01:46:50 | INFO | {'message': 'I just found a meme! It was exciting.', 'author': 'Bob', 'timestamp': '2025-10-04 01:46:50', 'category': 'humor', 'sentiment': 0.3, 'keyword_mentioned': 'meme', 'message_length': 37}
2025-10-04 01:46:55 | INFO | {'message': 'I just found Python! It was exciting.', 'author': 'Alice', 'timestamp': '2025-10-04 01:46:55', 'category': 'tech', 'sentiment': 0.71, 'keyword_mentioned': 'Python', 'message_length': 37}
2025-10-04 01:47:00 | INFO | {'message': 'I just found game! It was weird.', 'author': 'Eve', 'timestamp': '2025-10-04 01:47:00', 'category': 'gaming', 'sentiment': 0.07, 'keyword_mentioned': 'game', 'message_length': 32}
2025-10-04 01:47:05 | INFO | {'message': 'I just tried travel! It was boring.', 'author': 'Alice', 'timestamp': '2025-10-04 01:47:05', 'category': 'travel', 'sentiment': 0.44, 'keyword_mentioned': 'travel', 'message_length': 35}
2025-10-04 01:47:10 | INFO | {'message': 'I just tried a movie! It was weird.', 'author': 'Charlie', 'timestamp': '2025-10-04 01:47:10', 'category': 'entertainment', 'sentiment': 0.99, 'keyword_mentioned': 'movie', 'message_length': 35}
2025-10-04 01:47:15 | INFO | {'message': 'I just found a movie! It was boring.', 'author': 'Charlie', 'timestamp': '2025-10-04 01:47:15', 'category': 'entertainment', 'sentiment': 0.52, 'keyword_mentioned': 'movie', 'message_length': 36}
2025-10-04 01:47:24 | INFO | {'message': 'I just shared a trick! It was amazing.', 'author': 'Alice', 'timestamp': '2025-10-04 01:47:24', 'category': 'other', 'sentiment': 0.51, 'keyword_mentioned': 'other', 'message_length': 38}
2025-10-04 01:47:29 | INFO | {'message': 'I just loved recipe! It was amazing.', 'author': 'Eve', 'timestamp': '2025-10-04 01:47:29', 'category': 'food', 'sentiment': 0.83, 'keyword_mentioned': 'recipe', 'message_length': 36}
2025-10-04 01:47:34 | INFO | {'message': 'I just shared an app! It was amazing.', 'author': 'Charlie', 'timestamp': '2025-10-04 01:47:34', 'category': 'other', 'sentiment': 0.04, 'keyword_mentioned': 'other', 'message_length': 37}
2025-10-04 01:47:39 | INFO | {'message': 'I just found a story! It was exciting.', 'author': 'Charlie', 'timestamp': '2025-10-04 01:47:39', 'category': 'other', 'sentiment': 0.44, 'keyword_mentioned': 'other', 'message_length': 38}
2025-10-04 01:47:44 | INFO | {'message': 'I just saw JavaScript! It was funny.', 'author': 'Alice', 'timestamp': '2025-10-04 01:47:44', 'category': 'tech', 'sentiment': 0.06, 'keyword_mentioned': 'JavaScript', 'message_length': 36}
2025-10-04 01:47:49 | INFO | {'message': 'I just found an app! It was weird.', 'author': 'Charlie', 'timestamp': '2025-10-04 01:47:49', 'category': 'other', 'sentiment': 0.97, 'keyword_mentioned': 'other', 'message_length': 34}
2025-10-04 01:47:57 | INFO | {'message': 'I just found an app! It was amazing.', 'author': 'Bob', 'timestamp': '2025-10-04 01:47:57', 'category': 'other', 'sentiment': 0.67, 'keyword_mentioned': 'other', 'message_length': 36}
2025-10-04 01:48:02 | INFO | {'message': 'I just shared travel! It was funny.', 'author': 'Eve', 'timestamp': '2025-10-04 01:48:02', 'category': 'travel', 'sentiment': 0.6, 'keyword_mentioned': 'travel', 'message_length': 35}
2025-10-04 01:48:07 | INFO | {'message': 'I just saw JavaScript! It was boring.', 'author': 'Alice', 'timestamp': '2025-10-04 01:48:07', 'category': 'tech', 'sentiment': 0.3, 'keyword_mentioned': 'JavaScript', 'message_length': 37}
2025-10-04 01:48:12 | INFO | {'message': 'I just shared travel! It was boring.', 'author': 'Bob', 'timestamp': '2025-10-04 01:48:12', 'category': 'travel', 'sentiment': 0.47, 'keyword_mentioned': 'travel', 'message_length': 36}
2025-10-04 01:48:17 | INFO | {'message': 'I just loved game! It was boring.', 'author': 'Alice', 'timestamp': '2025-10-04 01:48:17', 'category': 'gaming', 'sentiment': 0.24, 'keyword_mentioned': 'game', 'message_length': 33}
2025-10-04 01:48:22 | INFO | {'message': 'I just saw recipe! It was amazing.', 'author': 'Bob', 'timestamp': '2025-10-04 01:48:22', 'category': 'food', 'sentiment': 0.05, 'keyword_mentioned': 'recipe', 'message_length': 34}
2025-10-04 01:48:27 | INFO | {'message': 'I just shared JavaScript! It was weird.', 'author': 'Eve', 'timestamp': '2025-10-04 01:48:27', 'category': 'tech', 'sentiment': 0.47, 'keyword_mentioned': 'JavaScript', 'message_length': 39}
2025-10-04 01:48:35 | INFO | {'message': 'I just found an app! It was weird.', 'author': 'Bob', 'timestamp': '2025-10-04 01:48:35', 'category': 'other', 'sentiment': 0.1, 'keyword_mentioned': 'other', 'message_length': 34}
2025-10-04 01:48:40 | INFO | {'message': 'I just shared a story! It was amazing.', 'author': 'Bob', 'timestamp': '2025-10-04 01:48:40', 'category': 'other', 'sentiment': 0.53, 'keyword_mentioned': 'other', 'message_length': 38}
2025-10-04 01:48:45 | INFO | {'message': 'I just found game! It was boring.', 'author': 'Bob', 'timestamp': '2025-10-04 01:48:45', 'category': 'gaming', 'sentiment': 0.01, 'keyword_mentioned': 'game', 'message_length': 33}
2025-10-04 01:48:50 | INFO | {'message': 'I just found Python! It was exciting.', 'author': 'Bob', 'timestamp': '2025-10-04 01:48:50', 'category': 'tech', 'sentiment': 0.36, 'keyword_mentioned': 'Python', 'message_length': 37}
2025-10-04 01:48:55 | INFO | {'message': 'I just shared travel! It was weird.', 'author': 'Eve', 'timestamp': '2025-10-04 01:48:55', 'category': 'travel', 'sentiment': 0.46, 'keyword_mentioned': 'travel', 'message_length': 35}
2025-10-04 01:49:00 | INFO | {'message': 'I just found a movie! It was amazing.', 'author': 'Bob', 'timestamp': '2025-10-04 01:49:00', 'category': 'entertainment', 'sentiment': 0.94, 'keyword_mentioned': 'movie', 'message_length': 37}
2025-10-04 01:49:08 | INFO | {'message': 'I just tried Python! It was exciting.', 'author': 'Eve', 'timestamp': '2025-10-04 01:49:08', 'category': 'tech', 'sentiment': 0.66, 'keyword_mentioned': 'Python', 'message_length': 37}
2025-10-04 01:49:13 | INFO | {'message': 'I just shared a meme! It was boring.', 'author': 'Bob', 'timestamp': '2025-10-04 01:49:13', 'category': 'humor', 'sentiment': 0.62, 'keyword_mentioned': 'meme', 'message_length': 36}
2025-10-04 01:49:18 | INFO | {'message': 'I just shared a meme! It was boring.', 'author': 'Eve', 'timestamp': '2025-10-04 01:49:18', 'category': 'humor', 'sentiment': 0.56, 'keyword_mentioned': 'meme', 'message_length': 36}
2025-10-04 01:49:23 | INFO | {'message': 'I just loved a story! It was weird.', 'author': 'Alice', 'timestamp': '2025-10-04 01:49:23', 'category': 'other', 'sentiment': 0.21, 'keyword_mentioned': 'other', 'message_length': 35}
2025-10-04 01:49:28 | INFO | {'message': 'I just tried game! It was boring.', 'author': 'Alice', 'timestamp': '2025-10-04 01:49:28', 'category': 'gaming', 'sentiment': 0.07, 'keyword_mentioned': 'game', 'message_length': 33}
2025-10-04 01:49:33 | INFO | {'message': 'I just loved an app! It was weird.', 'author': 'Bob', 'timestamp': '2025-10-04 01:49:33', 'category': 'other', 'sentiment': 0.02, 'keyword_mentioned': 'other', 'message_length': 34}
2025-10-04 01:49:38 | INFO | {'message': 'I just found recipe! It was weird.', 'author': 'Alice', 'timestamp': '2025-10-04 01:49:38', 'category': 'food', 'sentiment': 0.44, 'keyword_mentioned': 'recipe', 'message_length': 34}
2025-10-04 01:49:46 | INFO | {'message': 'I just shared JavaScript! It was boring.', 'author': 'Eve', 'timestamp': '2025-10-04 01:49:46', 'category': 'tech', 'sentiment': 0.08, 'keyword_mentioned': 'JavaScript', 'message_length': 40}
2025-10-04 01:49:51 | INFO | {'message': 'I just found a movie! It was exciting.', 'author': 'Alice', 'timestamp': '2025-10-04 01:49:51', 'category': 'entertainment', 'sentiment': 0.49, 'keyword_mentioned': 'movie', 'message_length': 38}
2025-10-04 01:49:56 | INFO | {'message': 'I just shared travel! It was boring.', 'author': 'Bob', 'timestamp': '2025-10-04 01:49:56', 'category': 'travel', 'sentiment': 0.16, 'keyword_mentioned': 'travel', 'message_length': 36}
2025-10-04 01:50:01 | INFO | {'message': 'I just tried a movie! It was funny.', 'author': 'Eve', 'timestamp': '2025-10-04 01:50:01', 'category': 'entertainment', 'sentiment': 0.55, 'keyword_mentioned': 'movie', 'message_length': 35}
2025-10-04 01:50:06 | INFO | {'message': 'I just found JavaScript! It was exciting.', 'author': 'Eve', 'timestamp': '2025-10-04 01:50:06', 'category': 'tech', 'sentiment': 0.51, 'keyword_mentioned': 'JavaScript', 'message_length': 41}
2025-10-04 01:50:11 | INFO | {'message': 'I just loved Python! It was boring.', 'author': 'Bob', 'timestamp': '2025-10-04 01:50:11', 'category': 'tech', 'sentiment': 0.84, 'keyword_mentioned': 'Python', 'message_length': 35}
2025-10-04 01:50:19 | INFO | {'message': 'I just found an app! It was exciting.', 'author': 'Eve', 'timestamp': '2025-10-04 01:50:19', 'category': 'other', 'sentiment': 0.23, 'keyword_mentioned': 'other', 'message_length': 37}
2025-10-04 01:50:24 | INFO | {'message': 'I just shared game! It was exciting.', 'author': 'Eve', 'timestamp': '2025-10-04 01:50:24', 'category': 'gaming', 'sentiment': 0.44, 'keyword_mentioned': 'game', 'message_length': 36}
2025-10-04 01:50:29 | INFO | {'message': 'I just found a meme! It was exciting.', 'author': 'Bob', 'timestamp': '2025-10-04 01:50:29', 'category': 'humor', 'sentiment': 0.98, 'keyword_mentioned': 'meme', 'message_length': 37}
2025-10-04 01:50:34 | INFO | {'message': 'I just loved game! It was boring.', 'author': 'Bob', 'timestamp': '2025-10-04 01:50:34', 'category': 'gaming', 'sentiment': 0.94, 'keyword_mentioned': 'game', 'message_length': 33}
2025-10-04 01:50:39 | INFO | {'message': 'I just shared a story! It was exciting.', 'author': 'Charlie', 'timestamp': '2025-10-04 01:50:39', 'category': 'other', 'sentiment': 0.49, 'keyword_mentioned': 'other', 'message_length': 39}
2025-10-04 01:50:44 | INFO | {'message': 'I just loved recipe! It was amazing.', 'author': 'Bob', 'timestamp': '2025-10-04 01:50:44', 'category': 'food', 'sentiment': 0.71, 'keyword_mentioned': 'recipe', 'message_length': 36}
2025-10-04 01:50:49 | INFO | {'message': 'I just tried game! It was boring.', 'author': 'Charlie', 'timestamp': '2025-10-04 01:50:49', 'category': 'gaming', 'sentiment': 0.51, 'keyword_mentioned': 'game', 'message_length': 33}
2025-10-04 01:50:57 | INFO | {'message': 'I just found a movie! It was boring.', 'author': 'Eve', 'timestamp': '2025-10-04 01:50:57', 'category': 'entertainment', 'sentiment': 0.34, 'keyword_mentioned': 'movie', 'message_length': 36}
2025-10-04 01:51:02 | INFO | {'message': 'I just tried a meme! It was exciting.', 'author': 'Charlie', 'timestamp': '2025-10-04 01:51:02', 'category': 'humor', 'sentiment': 0.69, 'keyword_mentioned': 'meme', 'message_length': 37}
2025-10-04 01:51:07 | INFO | {'message': 'I just shared recipe! It was boring.', 'author': 'Charlie', 'timestamp': '2025-10-04 01:51:07', 'category': 'food', 'sentiment': 0.37, 'keyword_mentioned': 'recipe', 'message_length': 36}
2025-10-04 01:51:12 | INFO | {'message': 'I just saw a movie! It was boring.', 'author': 'Eve', 'timestamp': '2025-10-04 01:51:12', 'category': 'entertainment', 'sentiment': 0.65, 'keyword_mentioned': 'movie', 'message_length': 34}
2025-10-04 01:51:17 | INFO | {'message': 'I just found Python! It was boring.', 'author': 'Alice', 'timestamp': '2025-10-04 01:51:17', 'category': 'tech', 'sentiment': 0.19, 'keyword_mentioned': 'Python', 'message_length': 35}
2025-10-04 01:51:22 | INFO | {'message': 'I just loved a meme! It was weird.', 'author': 'Eve', 'timestamp': '2025-10-04 01:51:22', 'category': 'humor', 'sentiment': 0.13, 'keyword_mentioned': 'meme', 'message_length': 34}
2025-10-04 01:51:30 | INFO | {'message': 'I just saw Python! It was exciting.', 'author': 'Bob', 'timestamp': '2025-10-04 01:51:30', 'category': 'tech', 'sentiment': 0.98, 'keyword_mentioned': 'Python', 'message_length': 35}
2025-10-04 01:51:35 | INFO | {'message': 'I just tried recipe! It was boring.', 'author': 'Bob', 'timestamp': '2025-10-04 01:51:35', 'category': 'food', 'sentiment': 0.31, 'keyword_mentioned': 'recipe', 'message_length': 35}
2025-10-04 01:51:40 | INFO | {'message': 'I just loved a meme! It was amazing.', 'author': 'Alice', 'timestamp': '2025-10-04 01:51:40', 'category': 'humor', 'sentiment': 0.6, 'keyword_mentioned': 'meme', 'message_length': 36}
2025-10-04 01:51:45 | INFO | {'message': 'I just loved a meme! It was amazing.', 'author': 'Charlie', 'timestamp': '2025-10-04 01:51:45', 'category': 'humor', 'sentiment': 0.66, 'keyword_mentioned': 'meme', 'message_length': 36}
2025-10-04 01:51:50 | INFO | {'message': 'I just shared game! It was boring.', 'author': 'Charlie', 'timestamp': '2025-10-04 01:51:50', 'category': 'gaming', 'sentiment': 0.9, 'keyword_mentioned': 'game', 'message_length': 34}
2025-10-04 01:51:55 | INFO | {'message': 'I just tried recipe! It was funny.', 'author': 'Eve', 'timestamp': '2025-10-04 01:51:55', 'category': 'food', 'sentiment': 0.15, 'keyword_mentioned': 'recipe', 'message_length': 34}
2025-10-04 01:52:03 | INFO | {'message': 'I just loved Python! It was boring.', 'author': 'Alice', 'timestamp': '2025-10-04 01:52:03', 'category': 'tech', 'sentiment': 0.2, 'keyword_mentioned': 'Python', 'message_length': 35}
2025-10-04 01:52:08 | INFO | {'message': 'I just loved travel! It was funny.', 'author': 'Eve', 'timestamp': '2025-10-04 01:52:08', 'category': 'travel', 'sentiment': 0.48, 'keyword_mentioned': 'travel', 'message_length': 34}
2025-10-04 01:52:13 | INFO | {'message': 'I just found travel! It was weird.', 'author': 'Alice', 'timestamp': '2025-10-04 01:52:13', 'category': 'travel', 'sentiment': 0.47, 'keyword_mentioned': 'travel', 'message_length': 34}
2025-10-04 01:52:18 | INFO | {'message': 'I just found recipe! It was amazing.', 'author': 'Bob', 'timestamp': '2025-10-04 01:52:18', 'category': 'food', 'sentiment': 0.51, 'keyword_mentioned': 'recipe', 'message_length': 36}
2025-10-04 01:52:23 | INFO | {'message': 'I just shared a trick! It was boring.', 'author': 'Charlie', 'timestamp': '2025-10-04 01:52:23', 'category': 'other', 'sentiment': 0.43, 'keyword_mentioned': 'other', 'message_length': 37}
2025-10-04 01:52:28 | INFO | {'message': 'I just saw a meme! It was exciting.', 'author': 'Bob', 'timestamp': '2025-10-04 01:52:28', 'category': 'humor', 'sentiment': 0.16, 'keyword_mentioned': 'meme', 'message_length': 35}
2025-10-04 01:52:33 | INFO | {'message': 'I just saw JavaScript! It was boring.', 'author': 'Alice', 'timestamp': '2025-10-04 01:52:33', 'category': 'tech', 'sentiment': 0.8, 'keyword_mentioned': 'JavaScript', 'message_length': 37}
2025-10-04 01:52:42 | INFO | {'message': 'I just saw JavaScript! It was amazing.', 'author': 'Charlie', 'timestamp': '2025-10-04 01:52:42', 'category': 'tech', 'sentiment': 0.77, 'keyword_mentioned': 'JavaScript', 'message_length': 38}
2025-10-04 01:52:47 | INFO | {'message': 'I just found a story! It was weird.', 'author': 'Bob', 'timestamp': '2025-10-04 01:52:47', 'category': 'other', 'sentiment': 0.58, 'keyword_mentioned': 'other', 'message_length': 35}
2025-10-04 01:52:52 | INFO | {'message': 'I just tried Python! It was exciting.', 'author': 'Charlie', 'timestamp': '2025-10-04 01:52:52', 'category': 'tech', 'sentiment': 0.58, 'keyword_mentioned': 'Python', 'message_length': 37}
2025-10-04 01:52:57 | INFO | {'message': 'I just shared Python! It was funny.', 'author': 'Bob', 'timestamp': '2025-10-04 01:52:57', 'category': 'tech', 'sentiment': 0.63, 'keyword_mentioned': 'Python', 'message_length': 35}
2025-10-04 01:53:02 | INFO | {'message': 'I just shared travel! It was exciting.', 'author': 'Charlie', 'timestamp': '2025-10-04 01:53:02', 'category': 'travel', 'sentiment': 0.43, 'keyword_mentioned': 'travel', 'message_length': 38}
2025-10-04 01:53:07 | INFO | {'message': 'I just tried recipe! It was amazing.', 'author': 'Alice', 'timestamp': '2025-10-04 01:53:07', 'category': 'food', 'sentiment': 0.12, 'keyword_mentioned': 'recipe', 'message_length': 36}
2025-10-04 01:53:15 | INFO | {'message': 'I just tried Python! It was exciting.', 'author': 'Eve', 'timestamp': '2025-10-04 01:53:15', 'category': 'tech', 'sentiment': 0.03, 'keyword_mentioned': 'Python', 'message_length': 37}
2025-10-04 01:53:20 | INFO | {'message': 'I just shared an app! It was boring.', 'author': 'Bob', 'timestamp': '2025-10-04 01:53:20', 'category': 'other', 'sentiment': 0.15, 'keyword_mentioned': 'other', 'message_length': 36}
2025-10-04 01:53:25 | INFO | {'message': 'I just shared an app! It was boring.', 'author': 'Bob', 'timestamp': '2025-10-04 01:53:25', 'category': 'other', 'sentiment': 0.43, 'keyword_mentioned': 'other', 'message_length': 36}
2025-10-04 01:53:30 | INFO | {'message': 'I just shared a trick! It was weird.', 'author': 'Charlie', 'timestamp': '2025-10-04 01:53:30', 'category': 'other', 'sentiment': 0.95, 'keyword_mentioned': 'other', 'message_length': 36}
2025-10-04 01:53:35 | INFO | {'message': 'I just tried an app! It was amazing.', 'author': 'Bob', 'timestamp': '2025-10-04 01:53:35', 'category': 'other', 'sentiment': 0.14, 'keyword_mentioned': 'other', 'message_length': 36}
2025-10-04 01:53:40 | INFO | {'message': 'I just tried Python! It was funny.', 'author': 'Eve', 'timestamp': '2025-10-04 01:53:40', 'category': 'tech', 'sentiment': 0.04, 'keyword_mentioned': 'Python', 'message_length': 34}
2025-10-04 01:53:45 | INFO | {'message': 'I just saw an app! It was weird.', 'author': 'Bob', 'timestamp': '2025-10-04 01:53:45', 'category': 'other', 'sentiment': 0.31, 'keyword_mentioned': 'other', 'message_length': 32}
2025-10-04 01:53:50 | INFO | {'message': 'I just found recipe! It was amazing.', 'author': 'Charlie', 'timestamp': '2025-10-04 01:53:50', 'category': 'food', 'sentiment': 0.27, 'keyword_mentioned': 'recipe', 'message_length': 36}
2025-10-04 01:53:55 | INFO | {'message': 'I just tried a story! It was exciting.', 'author': 'Eve', 'timestamp': '2025-10-04 01:53:55', 'category': 'other', 'sentiment': 0.94, 'keyword_mentioned': 'other', 'message_length': 38}
2025-10-04 01:54:00 | INFO | {'message': 'I just saw an app! It was amazing.', 'author': 'Alice', 'timestamp': '2025-10-04 01:54:00', 'category': 'other', 'sentiment': 0.14, 'keyword_mentioned': 'other', 'message_length': 34}
2025-10-04 01:54:08 | INFO | {'message': 'I just shared recipe! It was exciting.', 'author': 'Bob', 'timestamp': '2025-10-04 01:54:08', 'category': 'food', 'sentiment': 0.64, 'keyword_mentioned': 'recipe', 'message_length': 38}
2025-10-04 01:54:13 | INFO | {'message': 'I just saw a movie! It was boring.', 'author': 'Bob', 'timestamp': '2025-10-04 01:54:13', 'category': 'entertainment', 'sentiment': 0.95, 'keyword_mentioned': 'movie', 'message_length': 34}
2025-10-04 01:54:18 | INFO | {'message': 'I just loved a story! It was funny.', 'author': 'Bob', 'timestamp': '2025-10-04 01:54:18', 'category': 'other', 'sentiment': 0.67, 'keyword_mentioned': 'other', 'message_length': 35}
2025-10-04 01:54:23 | INFO | {'message': 'I just shared a story! It was funny.', 'author': 'Eve', 'timestamp': '2025-10-04 01:54:23', 'category': 'other', 'sentiment': 0.17, 'keyword_mentioned': 'other', 'message_length': 36}
2025-10-04 01:54:28 | INFO | {'message': 'I just loved a trick! It was funny.', 'author': 'Eve', 'timestamp': '2025-10-04 01:54:28', 'category': 'other', 'sentiment': 0.92, 'keyword_mentioned': 'other', 'message_length': 35}
2025-10-04 01:54:33 | INFO | {'message': 'I just tried Python! It was boring.', 'author': 'Eve', 'timestamp': '2025-10-04 01:54:33', 'category': 'tech', 'sentiment': 0.78, 'keyword_mentioned': 'Python', 'message_length': 35}
2025-10-04 01:54:38 | INFO | {'message': 'I just tried Python! It was amazing.', 'author': 'Alice', 'timestamp': '2025-10-04 01:54:38', 'category': 'tech', 'sentiment': 0.96, 'keyword_mentioned': 'Python', 'message_length': 36}
2025-10-04 01:54:43 | INFO | {'message': 'I just shared Python! It was boring.', 'author': 'Charlie', 'timestamp': '2025-10-04 01:54:43', 'category': 'tech', 'sentiment': 0.1, 'keyword_mentioned': 'Python', 'message_length': 36}
2025-10-04 01:54:48 | INFO | {'message': 'I just found a story! It was funny.', 'author': 'Charlie', 'timestamp': '2025-10-04 01:54:48', 'category': 'other', 'sentiment': 0.61, 'keyword_mentioned': 'other', 'message_length': 35}
2025-10-04 01:54:53 | INFO | {'message': 'I just saw a meme! It was weird.', 'author': 'Charlie', 'timestamp': '2025-10-04 01:54:53', 'category': 'humor', 'sentiment': 0.97, 'keyword_mentioned': 'meme', 'message_length': 32}
2025-10-04 01:54:58 | INFO | {'message': 'I just saw JavaScript! It was funny.', 'author': 'Eve', 'timestamp': '2025-10-04 01:54:58', 'category': 'tech', 'sentiment': 0.96, 'keyword_mentioned': 'JavaScript', 'message_length': 36}
2025-10-04 01:55:03 | INFO | {'message': 'I just shared game! It was amazing.', 'author': 'Bob', 'timestamp': '2025-10-04 01:55:03', 'category': 'gaming', 'sentiment': 0.35, 'keyword_mentioned': 'game', 'message_length': 35}
2025-10-04 01:55:08 | INFO | {'message': 'I just tried a movie! It was amazing.', 'author': 'Bob', 'timestamp': '2025-10-04 01:55:08', 'category': 'entertainment', 'sentiment': 0.4, 'keyword_mentioned': 'movie', 'message_length': 37}
2025-10-04 01:55:14 | INFO | {'message': 'I just found a movie! It was funny.', 'author': 'Bob', 'timestamp': '2025-10-04 01:55:14', 'category': 'entertainment', 'sentiment': 0.25, 'keyword_mentioned': 'movie', 'message_length': 35}
2025-10-04 01:55:19 | INFO | {'message': 'I just loved Python! It was funny.', 'author': 'Alice', 'timestamp': '2025-10-04 01:55:19', 'category': 'tech', 'sentiment': 0.78, 'keyword_mentioned': 'Python', 'message_length': 34}
2025-10-04 01:55:24 | INFO | {'message': 'I just loved travel! It was boring.', 'author': 'Charlie', 'timestamp': '2025-10-04 01:55:24', 'category': 'travel', 'sentiment': 0.09, 'keyword_mentioned': 'travel', 'message_length': 35}
2025-10-04 01:55:29 | INFO | {'message': 'I just found an app! It was amazing.', 'author': 'Alice', 'timestamp': '2025-10-04 01:55:29', 'category': 'other', 'sentiment': 0.01, 'keyword_mentioned': 'other', 'message_length': 36}
2025-10-04 01:55:34 | INFO | {'message': 'I just loved game! It was exciting.', 'author': 'Charlie', 'timestamp': '2025-10-04 01:55:34', 'category': 'gaming', 'sentiment': 0.01, 'keyword_mentioned': 'game', 'message_length': 35}
2025-10-04 01:55:39 | INFO | {'message': 'I just loved travel! It was funny.', 'author': 'Eve', 'timestamp': '2025-10-04 01:55:39', 'category': 'travel', 'sentiment': 0.69, 'keyword_mentioned': 'travel', 'message_length': 34}
2025-10-04 01:55:47 | INFO | {'message': 'I just shared a movie! It was funny.', 'author': 'Bob', 'timestamp': '2025-10-04 01:55:47', 'category': 'entertainment', 'sentiment': 0.05, 'keyword_mentioned': 'movie', 'message_length': 36}
2025-10-04 01:55:52 | INFO | {'message': 'I just loved a meme! It was weird.', 'author': 'Charlie', 'timestamp': '2025-10-04 01:55:52', 'category': 'humor', 'sentiment': 0.27, 'keyword_mentioned': 'meme', 'message_length': 34}
2025-10-04 01:55:57 | INFO | {'message': 'I just found a trick! It was boring.', 'author': 'Charlie', 'timestamp': '2025-10-04 01:55:57', 'category': 'other', 'sentiment': 0.83, 'keyword_mentioned': 'other', 'message_length': 36}
2025-10-04 01:56:02 | INFO | {'message': 'I just tried JavaScript! It was boring.', 'author': 'Alice', 'timestamp': '2025-10-04 01:56:02', 'category': 'tech', 'sentiment': 0.58, 'keyword_mentioned': 'JavaScript', 'message_length': 39}
2025-10-04 01:56:07 | INFO | {'message': 'I just saw a meme! It was exciting.', 'author': 'Bob', 'timestamp': '2025-10-04 01:56:07', 'category': 'humor', 'sentiment': 0.65, 'keyword_mentioned': 'meme', 'message_length': 35}
2025-10-04 01:56:12 | INFO | {'message': 'I just loved JavaScript! It was boring.', 'author': 'Eve', 'timestamp': '2025-10-04 01:56:12', 'category': 'tech', 'sentiment': 0.0, 'keyword_mentioned': 'JavaScript', 'message_length': 39}
2025-10-04 01:56:17 | INFO | {'message': 'I just tried an app! It was weird.', 'author': 'Alice', 'timestamp': '2025-10-04 01:56:17', 'category': 'other', 'sentiment': 0.1, 'keyword_mentioned': 'other', 'message_length': 34}
2025-10-04 01:56:24 | INFO | {'message': 'I just shared Python! It was amazing.', 'author': 'Eve', 'timestamp': '2025-10-04 01:56:24', 'category': 'tech', 'sentiment': 0.72, 'keyword_mentioned': 'Python', 'message_length': 37}
2025-10-04 01:56:29 | INFO | {'message': 'I just tried game! It was exciting.', 'author': 'Alice', 'timestamp': '2025-10-04 01:56:29', 'category': 'gaming', 'sentiment': 0.31, 'keyword_mentioned': 'game', 'message_length': 35}
2025-10-04 01:56:34 | INFO | {'message': 'I just saw game! It was amazing.', 'author': 'Charlie', 'timestamp': '2025-10-04 01:56:34', 'category': 'gaming', 'sentiment': 0.69, 'keyword_mentioned': 'game', 'message_length': 32}
2025-10-04 01:56:39 | INFO | {'message': 'I just shared JavaScript! It was boring.', 'author': 'Bob', 'timestamp': '2025-10-04 01:56:39', 'category': 'tech', 'sentiment': 0.65, 'keyword_mentioned': 'JavaScript', 'message_length': 40}
2025-10-04 01:56:44 | INFO | {'message': 'I just tried JavaScript! It was exciting.', 'author': 'Charlie', 'timestamp': '2025-10-04 01:56:44', 'category': 'tech', 'sentiment': 0.58, 'keyword_mentioned': 'JavaScript', 'message_length': 41}
2025-10-04 01:56:49 | INFO | {'message': 'I just found a story! It was weird.', 'author': 'Alice', 'timestamp': '2025-10-04 01:56:49', 'category': 'other', 'sentiment': 0.19, 'keyword_mentioned': 'other', 'message_length': 35}
2025-10-04 01:56:56 | INFO | {'message': 'I just shared travel! It was boring.', 'author': 'Alice', 'timestamp': '2025-10-04 01:56:56', 'category': 'travel', 'sentiment': 0.77, 'keyword_mentioned': 'travel', 'message_length': 36}
2025-10-04 01:57:01 | INFO | {'message': 'I just saw a trick! It was weird.', 'author': 'Alice', 'timestamp': '2025-10-04 01:57:01', 'category': 'other', 'sentiment': 0.97, 'keyword_mentioned': 'other', 'message_length': 33}
2025-10-04 01:57:06 | INFO | {'message': 'I just shared Python! It was exciting.', 'author': 'Bob', 'timestamp': '2025-10-04 01:57:06', 'category': 'tech', 'sentiment': 0.21, 'keyword_mentioned': 'Python', 'message_length': 38}
2025-10-04 01:57:11 | INFO | {'message': 'I just saw travel! It was funny.', 'author': 'Charlie', 'timestamp': '2025-10-04 01:57:11', 'category': 'travel', 'sentiment': 0.16, 'keyword_mentioned': 'travel', 'message_length': 32}
2025-10-04 01:57:16 | INFO | {'message': 'I just found Python! It was boring.', 'author': 'Charlie', 'timestamp': '2025-10-04 01:57:16', 'category': 'tech', 'sentiment': 0.7, 'keyword_mentioned': 'Python', 'message_length': 35}
2025-10-04 01:57:21 | INFO | {'message': 'I just shared Python! It was boring.', 'author': 'Eve', 'timestamp': '2025-10-04 01:57:21', 'category': 'tech', 'sentiment': 0.17, 'keyword_mentioned': 'Python', 'message_length': 36}
2025-10-04 01:57:26 | INFO | {'message': 'I just tried an app! It was exciting.', 'author': 'Eve', 'timestamp': '2025-10-04 01:57:26', 'category': 'other', 'sentiment': 0.7, 'keyword_mentioned': 'other', 'message_length': 37}
2025-10-04 01:57:33 | INFO | {'message': 'I just found JavaScript! It was funny.', 'author': 'Alice', 'timestamp': '2025-10-04 01:57:33', 'category': 'tech', 'sentiment': 0.81, 'keyword_mentioned': 'JavaScript', 'message_length': 38}
2025-10-04 01:57:38 | INFO | {'message': 'I just saw a movie! It was amazing.', 'author': 'Eve', 'timestamp': '2025-10-04 01:57:38', 'category': 'entertainment', 'sentiment': 0.58, 'keyword_mentioned': 'movie', 'message_length': 35}
2025-10-04 01:57:43 | INFO | {'message': 'I just loved a trick! It was boring.', 'author': 'Alice', 'timestamp': '2025-10-04 01:57:43', 'category': 'other', 'sentiment': 0.51, 'keyword_mentioned': 'other', 'message_length': 36}
2025-10-04 01:57:48 | INFO | {'message': 'I just shared a movie! It was weird.', 'author': 'Charlie', 'timestamp': '2025-10-04 01:57:48', 'category': 'entertainment', 'sentiment': 0.86, 'keyword_mentioned': 'movie', 'message_length': 36}
2025-10-04 01:57:53 | INFO | {'message': 'I just found a meme! It was boring.', 'author': 'Alice', 'timestamp': '2025-10-04 01:57:53', 'category': 'humor', 'sentiment': 0.17, 'keyword_mentioned': 'meme', 'message_length': 35}
2025-10-04 01:57:58 | INFO | {'message': 'I just tried an app! It was funny.', 'author': 'Charlie', 'timestamp': '2025-10-04 01:57:58', 'category': 'other', 'sentiment': 0.02, 'keyword_mentioned': 'other', 'message_length': 34}
2025-10-04 01:58:06 | INFO | {'message': 'I just saw Python! It was amazing.', 'author': 'Alice', 'timestamp': '2025-10-04 01:58:06', 'category': 'tech', 'sentiment': 0.29, 'keyword_mentioned': 'Python', 'message_length': 34}
2025-10-04 01:58:11 | INFO | {'message': 'I just shared an app! It was funny.', 'author': 'Bob', 'timestamp': '2025-10-04 01:58:11', 'category': 'other', 'sentiment': 0.8, 'keyword_mentioned': 'other', 'message_length': 35}
2025-10-04 01:58:16 | INFO | {'message': 'I just saw JavaScript! It was boring.', 'author': 'Bob', 'timestamp': '2025-10-04 01:58:16', 'category': 'tech', 'sentiment': 0.77, 'keyword_mentioned': 'JavaScript', 'message_length': 37}
2025-10-04 01:58:21 | INFO | {'message': 'I just tried a meme! It was exciting.', 'author': 'Bob', 'timestamp': '2025-10-04 01:58:21', 'category': 'humor', 'sentiment': 0.48, 'keyword_mentioned': 'meme', 'message_length': 37}
2025-10-04 01:58:26 | INFO | {'message': 'I just shared a movie! It was funny.', 'author': 'Bob', 'timestamp': '2025-10-04 01:58:26', 'category': 'entertainment', 'sentiment': 0.1, 'keyword_mentioned': 'movie', 'message_length': 36}
2025-10-04 01:58:31 | INFO | {'message': 'I just found Python! It was weird.', 'author': 'Alice', 'timestamp': '2025-10-04 01:58:31', 'category': 'tech', 'sentiment': 0.8, 'keyword_mentioned': 'Python', 'message_length': 34}
2025-10-04 01:58:38 | INFO | {'message': 'I just loved a meme! It was weird.', 'author': 'Eve', 'timestamp': '2025-10-04 01:58:38', 'category': 'humor', 'sentiment': 0.6, 'keyword_mentioned': 'meme', 'message_length': 34}
2025-10-04 01:58:43 | INFO | {'message': 'I just tried game! It was funny.', 'author': 'Eve', 'timestamp': '2025-10-04 01:58:43', 'category': 'gaming', 'sentiment': 0.97, 'keyword_mentioned': 'game', 'message_length': 32}
2025-10-04 01:58:48 | INFO | {'message': 'I just tried a movie! It was funny.', 'author': 'Charlie', 'timestamp': '2025-10-04 01:58:48', 'category': 'entertainment', 'sentiment': 0.04, 'keyword_mentioned': 'movie', 'message_length': 35}
2025-10-04 01:58:53 | INFO | {'message': 'I just loved game! It was weird.', 'author': 'Charlie', 'timestamp': '2025-10-04 01:58:53', 'category': 'gaming', 'sentiment': 0.85, 'keyword_mentioned': 'game', 'message_length': 32}
2025-10-04 01:58:58 | INFO | {'message': 'I just tried recipe! It was funny.', 'author': 'Charlie', 'timestamp': '2025-10-04 01:58:58', 'category': 'food', 'sentiment': 0.86, 'keyword_mentioned': 'recipe', 'message_length': 34}
2025-10-04 01:59:03 | INFO | {'message': 'I just loved an app! It was amazing.', 'author': 'Alice', 'timestamp': '2025-10-04 01:59:03', 'category': 'other', 'sentiment': 0.2, 'keyword_mentioned': 'other', 'message_length': 36}
2025-10-04 01:59:08 | INFO | {'message': 'I just tried Python! It was boring.', 'author': 'Charlie', 'timestamp': '2025-10-04 01:59:08', 'category': 'tech', 'sentiment': 0.45, 'keyword_mentioned': 'Python', 'message_length': 35}
2025-10-04 01:59:15 | INFO | {'message': 'I just tried a movie! It was boring.', 'author': 'Charlie', 'timestamp': '2025-10-04 01:59:15', 'category': 'entertainment', 'sentiment': 0.16, 'keyword_mentioned': 'movie', 'message_length': 36}
2025-10-04 01:59:20 | INFO | {'message': 'I just loved recipe! It was funny.', 'author': 'Charlie', 'timestamp': '2025-10-04 01:59:20', 'category': 'food', 'sentiment': 0.6, 'keyword_mentioned': 'recipe', 'message_length': 34}
2025-10-04 01:59:25 | INFO | {'message': 'I just saw travel! It was weird.', 'author': 'Charlie', 'timestamp': '2025-10-04 01:59:25', 'category': 'travel', 'sentiment': 0.24, 'keyword_mentioned': 'travel', 'message_length': 32}
2025-10-04 01:59:30 | INFO | {'message': 'I just found travel! It was boring.', 'author': 'Eve', 'timestamp': '2025-10-04 01:59:30', 'category': 'travel', 'sentiment': 0.8, 'keyword_mentioned': 'travel', 'message_length': 35}
2025-10-04 01:59:35 | INFO | {'message': 'I just found a meme! It was funny.', 'author': 'Bob', 'timestamp': '2025-10-04 01:59:35', 'category': 'humor', 'sentiment': 0.07, 'keyword_mentioned': 'meme', 'message_length': 34}
2025-10-04 01:59:40 | INFO | {'message': 'I just found Python! It was funny.', 'author': 'Bob', 'timestamp': '2025-10-04 01:59:40', 'category': 'tech', 'sentiment': 0.05, 'keyword_mentioned': 'Python', 'message_length': 34}
2025-10-04 01:59:48 | INFO | {'message': 'I just found an app! It was funny.', 'author': 'Eve', 'timestamp': '2025-10-04 01:59:48', 'category': 'other', 'sentiment': 0.19, 'keyword_mentioned': 'other', 'message_length': 34}
2025-10-04 01:59:53 | INFO | {'message': 'I just shared a meme! It was exciting.', 'author': 'Charlie', 'timestamp': '2025-10-04 01:59:53', 'category': 'humor', 'sentiment': 0.1, 'keyword_mentioned': 'meme', 'message_length': 38}
2025-10-04 01:59:58 | INFO | {'message': 'I just saw game! It was exciting.', 'author': 'Eve', 'timestamp': '2025-10-04 01:59:58', 'category': 'gaming', 'sentiment': 0.28, 'keyword_mentioned': 'game', 'message_length': 33}
2025-10-04 02:00:03 | INFO | {'message': 'I just tried recipe! It was exciting.', 'author': 'Charlie', 'timestamp': '2025-10-04 02:00:03', 'category': 'food', 'sentiment': 0.58, 'keyword_mentioned': 'recipe', 'message_length': 37}
2025-10-04 02:00:08 | INFO | {'message': 'I just found a meme! It was amazing.', 'author': 'Eve', 'timestamp': '2025-10-04 02:00:08', 'category': 'humor', 'sentiment': 0.61, 'keyword_mentioned': 'meme', 'message_length': 36}
2025-10-04 02:00:13 | INFO | {'message': 'I just loved travel! It was exciting.', 'author': 'Bob', 'timestamp': '2025-10-04 02:00:13', 'category': 'travel', 'sentiment': 0.66, 'keyword_mentioned': 'travel', 'message_length': 37}
2025-10-04 02:00:18 | INFO | {'message': 'I just loved recipe! It was boring.', 'author': 'Alice', 'timestamp': '2025-10-04 02:00:18', 'category': 'food', 'sentiment': 0.81, 'keyword_mentioned': 'recipe', 'message_length': 35}
2025-10-04 02:00:25 | INFO | {'message': 'I just found a trick! It was weird.', 'author': 'Eve', 'timestamp': '2025-10-04 02:00:25', 'category': 'other', 'sentiment': 0.89, 'keyword_mentioned': 'other', 'message_length': 35}
2025-10-04 02:00:30 | INFO | {'message': 'I just tried JavaScript! It was amazing.', 'author': 'Eve', 'timestamp': '2025-10-04 02:00:30', 'category': 'tech', 'sentiment': 0.25, 'keyword_mentioned': 'JavaScript', 'message_length': 40}
2025-10-04 02:00:35 | INFO | {'message': 'I just loved game! It was weird.', 'author': 'Charlie', 'timestamp': '2025-10-04 02:00:35', 'category': 'gaming', 'sentiment': 0.92, 'keyword_mentioned': 'game', 'message_length': 32}
2025-10-04 02:00:40 | INFO | {'message': 'I just loved a meme! It was boring.', 'author': 'Eve', 'timestamp': '2025-10-04 02:00:40', 'category': 'humor', 'sentiment': 0.14, 'keyword_mentioned': 'meme', 'message_length': 35}
2025-10-04 02:00:45 | INFO | {'message': 'I just shared travel! It was boring.', 'author': 'Charlie', 'timestamp': '2025-10-04 02:00:45', 'category': 'travel', 'sentiment': 0.99, 'keyword_mentioned': 'travel', 'message_length': 36}
2025-10-04 02:00:50 | INFO | {'message': 'I just loved travel! It was weird.', 'author': 'Bob', 'timestamp': '2025-10-04 02:00:50', 'category': 'travel', 'sentiment': 0.64, 'keyword_mentioned': 'travel', 'message_length': 34}
2025-10-04 02:00:57 | INFO | {'message': 'I just saw a story! It was funny.', 'author': 'Charlie', 'timestamp': '2025-10-04 02:00:57', 'category': 'other', 'sentiment': 0.35, 'keyword_mentioned': 'other', 'message_length': 33}
2025-10-04 02:01:02 | INFO | {'message': 'I just saw a story! It was exciting.', 'author': 'Alice', 'timestamp': '2025-10-04 02:01:02', 'category': 'other', 'sentiment': 0.25, 'keyword_mentioned': 'other', 'message_length': 36}
2025-10-04 02:01:07 | INFO | {'message': 'I just shared travel! It was amazing.', 'author': 'Eve', 'timestamp': '2025-10-04 02:01:07', 'category': 'travel', 'sentiment': 0.13, 'keyword_mentioned': 'travel', 'message_length': 37}
2025-10-04 02:01:12 | INFO | {'message': 'I just found a story! It was amazing.', 'author': 'Eve', 'timestamp': '2025-10-04 02:01:12', 'category': 'other', 'sentiment': 0.3, 'keyword_mentioned': 'other', 'message_length': 37}
2025-10-04 02:01:17 | INFO | {'message': 'I just found travel! It was boring.', 'author': 'Bob', 'timestamp': '2025-10-04 02:01:17', 'category': 'travel', 'sentiment': 0.79, 'keyword_mentioned': 'travel', 'message_length': 35}
2025-10-04 02:01:22 | INFO | {'message': 'I just loved a story! It was weird.', 'author': 'Bob', 'timestamp': '2025-10-04 02:01:22', 'category': 'other', 'sentiment': 0.03, 'keyword_mentioned': 'other', 'message_length': 35}
2025-10-04 02:01:27 | INFO | {'message': 'I just found a meme! It was amazing.', 'author': 'Alice', 'timestamp': '2025-10-04 02:01:27', 'category': 'humor', 'sentiment': 0.34, 'keyword_mentioned': 'meme', 'message_length': 36}
2025-10-04 02:01:32 | INFO | {'message': 'I just tried travel! It was exciting.', 'author': 'Bob', 'timestamp': '2025-10-04 02:01:32', 'category': 'travel', 'sentiment': 0.91, 'keyword_mentioned': 'travel', 'message_length': 37}
2025-10-04 02:01:37 | INFO | {'message': 'I just found game! It was amazing.', 'author': 'Eve', 'timestamp': '2025-10-04 02:01:37', 'category': 'gaming', 'sentiment': 0.54, 'keyword_mentioned': 'game', 'message_length': 34}
2025-10-04 02:01:42 | INFO | {'message': 'I just saw a meme! It was boring.', 'author': 'Charlie', 'timestamp': '2025-10-04 02:01:42', 'category': 'humor', 'sentiment': 0.21, 'keyword_mentioned': 'meme', 'message_length': 33}
2025-10-04 02:01:47 | INFO | {'message': 'I just found JavaScript! It was boring.', 'author': 'Eve', 'timestamp': '2025-10-04 02:01:47', 'category': 'tech', 'sentiment': 0.38, 'keyword_mentioned': 'JavaScript', 'message_length': 39}
2025-10-04 02:01:52 | INFO | {'message': 'I just found recipe! It was funny.', 'author': 'Bob', 'timestamp': '2025-10-04 02:01:52', 'category': 'food', 'sentiment': 0.12, 'keyword_mentioned': 'recipe', 'message_length': 34}
2025-10-04 02:01:57 | INFO | {'message': 'I just loved recipe! It was weird.', 'author': 'Eve', 'timestamp': '2025-10-04 02:01:57', 'category': 'food', 'sentiment': 0.11, 'keyword_mentioned': 'recipe', 'message_length': 34}
2025-10-04 02:02:03 | INFO | {'message': 'I just tried game! It was weird.', 'author': 'Charlie', 'timestamp': '2025-10-04 02:02:03', 'category': 'gaming', 'sentiment': 0.32, 'keyword_mentioned': 'game', 'message_length': 32}
2025-10-04 02:02:08 | INFO | {'message': 'I just tried JavaScript! It was weird.', 'author': 'Eve', 'timestamp': '2025-10-04 02:02:08', 'category': 'tech', 'sentiment': 0.03, 'keyword_mentioned': 'JavaScript', 'message_length': 38}
2025-10-04 02:02:13 | INFO | {'message': 'I just tried travel! It was boring.', 'author': 'Eve', 'timestamp': '2025-10-04 02:02:13', 'category': 'travel', 'sentiment': 0.27, 'keyword_mentioned': 'travel', 'message_length': 35}
2025-10-04 02:02:18 | INFO | {'message': 'I just saw a story! It was exciting.', 'author': 'Bob', 'timestamp': '2025-10-04 02:02:18', 'category': 'other', 'sentiment': 0.02, 'keyword_mentioned': 'other', 'message_length': 36}
2025-10-04 02:02:23 | INFO | {'message': 'I just shared a meme! It was weird.', 'author': 'Alice', 'timestamp': '2025-10-04 02:02:23', 'category': 'humor', 'sentiment': 0.01, 'keyword_mentioned': 'meme', 'message_length': 35}
2025-10-04 02:02:28 | INFO | {'message': 'I just shared a story! It was exciting.', 'author': 'Alice', 'timestamp': '2025-10-04 02:02:28', 'category': 'other', 'sentiment': 0.98, 'keyword_mentioned': 'other', 'message_length': 39}
2025-10-04 02:02:33 | INFO | {'message': 'I just found JavaScript! It was amazing.', 'author': 'Charlie', 'timestamp': '2025-10-04 02:02:33', 'category': 'tech', 'sentiment': 0.14, 'keyword_mentioned': 'JavaScript', 'message_length': 40}
2025-10-04 02:02:40 | INFO | {'message': 'I just loved travel! It was exciting.', 'author': 'Bob', 'timestamp': '2025-10-04 02:02:40', 'category': 'travel', 'sentiment': 0.23, 'keyword_mentioned': 'travel', 'message_length': 37}
2025-10-04 02:02:45 | INFO | {'message': 'I just loved a trick! It was funny.', 'author': 'Charlie', 'timestamp': '2025-10-04 02:02:45', 'category': 'other', 'sentiment': 0.5, 'keyword_mentioned': 'other', 'message_length': 35}
2025-10-04 02:02:50 | INFO | {'message': 'I just saw a movie! It was weird.', 'author': 'Bob', 'timestamp': '2025-10-04 02:02:50', 'category': 'entertainment', 'sentiment': 0.71, 'keyword_mentioned': 'movie', 'message_length': 33}
2025-10-04 02:02:55 | INFO | {'message': 'I just loved JavaScript! It was exciting.', 'author': 'Alice', 'timestamp': '2025-10-04 02:02:55', 'category': 'tech', 'sentiment': 0.05, 'keyword_mentioned': 'JavaScript', 'message_length': 41}
2025-10-04 02:03:00 | INFO | {'message': 'I just found recipe! It was weird.', 'author': 'Alice', 'timestamp': '2025-10-04 02:03:00', 'category': 'food', 'sentiment': 0.72, 'keyword_mentioned': 'recipe', 'message_length': 34}
2025-10-04 02:03:05 | INFO | {'message': 'I just saw JavaScript! It was weird.', 'author': 'Bob', 'timestamp': '2025-10-04 02:03:05', 'category': 'tech', 'sentiment': 0.24, 'keyword_mentioned': 'JavaScript', 'message_length': 36}
2025-10-04 02:03:12 | INFO | {'message': 'I just shared an app! It was funny.', 'author': 'Bob', 'timestamp': '2025-10-04 02:03:12', 'category': 'other', 'sentiment': 0.74, 'keyword_mentioned': 'other', 'message_length': 35}
2025-10-04 02:03:17 | INFO | {'message': 'I just found game! It was amazing.', 'author': 'Charlie', 'timestamp': '2025-10-04 02:03:17', 'category': 'gaming', 'sentiment': 0.64, 'keyword_mentioned': 'game', 'message_length': 34}
2025-10-04 02:03:22 | INFO | {'message': 'I just found JavaScript! It was boring.', 'author': 'Eve', 'timestamp': '2025-10-04 02:03:22', 'category': 'tech', 'sentiment': 0.62, 'keyword_mentioned': 'JavaScript', 'message_length': 39}
2025-10-04 02:03:27 | INFO | {'message': 'I just found Python! It was exciting.', 'author': 'Alice', 'timestamp': '2025-10-04 02:03:27', 'category': 'tech', 'sentiment': 0.11, 'keyword_mentioned': 'Python', 'message_length': 37}
2025-10-04 02:03:32 | INFO | {'message': 'I just tried a story! It was amazing.', 'author': 'Charlie', 'timestamp': '2025-10-04 02:03:32', 'category': 'other', 'sentiment': 0.92, 'keyword_mentioned': 'other', 'message_length': 37}
2025-10-04 02:03:37 | INFO | {'message': 'I just loved a movie! It was amazing.', 'author': 'Bob', 'timestamp': '2025-10-04 02:03:37', 'category': 'entertainment', 'sentiment': 0.09, 'keyword_mentioned': 'movie', 'message_length': 37}
2025-10-04 02:03:45 | INFO | {'message': 'I just found a movie! It was weird.', 'author': 'Bob', 'timestamp': '2025-10-04 02:03:45', 'category': 'entertainment', 'sentiment': 0.96, 'keyword_mentioned': 'movie', 'message_length': 35}
