2025-10-04 02:23:28 | INFO | {'message': 'I just tried an app! It was amazing.', 'author': 'Bob', 'timestamp': '2025-10-04 02:23:28', 'category': 'other', 'sentiment': 0.99, 'keyword_mentioned': 'other', 'message_length': 36}
2025-10-04 02:23:33 | INFO | {'message': 'I just shared an app! It was exciting.', 'author': 'Bob', 'timestamp': '2025-10-04 02:23:33', 'category': 'other', 'sentiment': 0.8, 'keyword_mentioned': 'other', 'message_length': 38}
2025-10-04 02:23:38 | INFO | {'message': 'I just loved JavaScript! It was funny.', 'author': 'Bob', 'timestamp': '2025-10-04 02:23:38', 'category': 'tech', 'sentiment': 0.01, 'keyword_mentioned': 'JavaScript', 'message_length': 38}
2025-10-04 02:23:43 | INFO | {'message': 'I just found a meme! It was boring.', 'author': 'Eve', 'timestamp': '2025-10-04 02:23:43', 'category': 'humor', 'sentiment': 0.24, 'keyword_mentioned': 'meme', 'message_length': 35}
2025-10-04 02:23:48 | INFO | {'message': 'I just loved an app! It was exciting.', 'author': 'Bob', 'timestamp': '2025-10-04 02:23:48', 'category': 'other', 'sentiment': 0.2, 'keyword_mentioned': 'other', 'message_length': 37}
2025-10-04 02:23:53 | INFO | {'message': 'I just found an app! It was boring.', 'author': 'Alice', 'timestamp': '2025-10-04 02:23:53', 'category': 'other', 'sentiment': 0.47, 'keyword_mentioned': 'other', 'message_length': 35}
2025-10-04 02:24:01 | INFO | {'message': 'I just tried a movie! It was weird.', 'author': 'Alice', 'timestamp': '2025-10-04 02:24:01', 'category': 'entertainment', 'sentiment': 0.48, 'keyword_mentioned': 'movie', 'message_length': 35}
2025-10-04 02:24:06 | INFO | {'message': 'I just tried recipe! It was boring.', 'author': 'Bob', 'timestamp': '2025-10-04 02:24:06', 'category': 'food', 'sentiment': 0.51, 'keyword_mentioned': 'recipe', 'message_length': 35}
2025-10-04 02:24:11 | INFO | {'message': 'I just found game! It was exciting.', 'author': 'Charlie', 'timestamp': '2025-10-04 02:24:11', 'category': 'gaming', 'sentiment': 0.67, 'keyword_mentioned': 'game', 'message_length': 35}
2025-10-04 02:24:16 | INFO | {'message': 'I just tried an app! It was amazing.', 'author': 'Eve', 'timestamp': '2025-10-04 02:24:16', 'category': 'other', 'sentiment': 0.48, 'keyword_mentioned': 'other', 'message_length': 36}
2025-10-04 02:24:21 | INFO | {'message': 'I just tried JavaScript! It was exciting.', 'author': 'Alice', 'timestamp': '2025-10-04 02:24:21', 'category': 'tech', 'sentiment': 0.98, 'keyword_mentioned': 'JavaScript', 'message_length': 41}
2025-10-04 02:24:26 | INFO | {'message': 'I just shared recipe! It was funny.', 'author': 'Bob', 'timestamp': '2025-10-04 02:24:26', 'category': 'food', 'sentiment': 0.24, 'keyword_mentioned': 'recipe', 'message_length': 35}
2025-10-04 02:24:31 | INFO | {'message': 'I just found a trick! It was boring.', 'author': 'Eve', 'timestamp': '2025-10-04 02:24:31', 'category': 'other', 'sentiment': 0.04, 'keyword_mentioned': 'other', 'message_length': 36}
2025-10-04 02:24:38 | INFO | {'message': 'I just loved a movie! It was weird.', 'author': 'Bob', 'timestamp': '2025-10-04 02:24:38', 'category': 'entertainment', 'sentiment': 0.52, 'keyword_mentioned': 'movie', 'message_length': 35}
2025-10-04 02:24:43 | INFO | {'message': 'I just shared a movie! It was amazing.', 'author': 'Bob', 'timestamp': '2025-10-04 02:24:43', 'category': 'entertainment', 'sentiment': 0.62, 'keyword_mentioned': 'movie', 'message_length': 38}
2025-10-04 02:24:48 | INFO | {'message': 'I just loved a meme! It was amazing.', 'author': 'Eve', 'timestamp': '2025-10-04 02:24:48', 'category': 'humor', 'sentiment': 0.69, 'keyword_mentioned': 'meme', 'message_length': 36}
2025-10-04 02:24:53 | INFO | {'message': 'I just found an app! It was funny.', 'author': 'Eve', 'timestamp': '2025-10-04 02:24:53', 'category': 'other', 'sentiment': 0.0, 'keyword_mentioned': 'other', 'message_length': 34}
2025-10-04 02:24:58 | INFO | {'message': 'I just tried a movie! It was exciting.', 'author': 'Charlie', 'timestamp': '2025-10-04 02:24:58', 'category': 'entertainment', 'sentiment': 0.17, 'keyword_mentioned': 'movie', 'message_length': 38}
2025-10-04 02:25:03 | INFO | {'message': 'I just saw a story! It was exciting.', 'author': 'Alice', 'timestamp': '2025-10-04 02:25:03', 'category': 'other', 'sentiment': 0.77, 'keyword_mentioned': 'other', 'message_length': 36}
2025-10-04 02:25:10 | INFO | {'message': 'I just saw a story! It was exciting.', 'author': 'Eve', 'timestamp': '2025-10-04 02:25:10', 'category': 'other', 'sentiment': 0.76, 'keyword_mentioned': 'other', 'message_length': 36}
2025-10-04 02:25:15 | INFO | {'message': 'I just found game! It was amazing.', 'author': 'Alice', 'timestamp': '2025-10-04 02:25:15', 'category': 'gaming', 'sentiment': 0.17, 'keyword_mentioned': 'game', 'message_length': 34}
2025-10-04 02:25:20 | INFO | {'message': 'I just tried an app! It was funny.', 'author': 'Eve', 'timestamp': '2025-10-04 02:25:20', 'category': 'other', 'sentiment': 0.12, 'keyword_mentioned': 'other', 'message_length': 34}
2025-10-04 02:25:25 | INFO | {'message': 'I just found a trick! It was weird.', 'author': 'Eve', 'timestamp': '2025-10-04 02:25:25', 'category': 'other', 'sentiment': 0.41, 'keyword_mentioned': 'other', 'message_length': 35}
2025-10-04 02:25:30 | INFO | {'message': 'I just saw recipe! It was exciting.', 'author': 'Bob', 'timestamp': '2025-10-04 02:25:30', 'category': 'food', 'sentiment': 0.65, 'keyword_mentioned': 'recipe', 'message_length': 35}
2025-10-04 02:25:35 | INFO | {'message': 'I just loved travel! It was weird.', 'author': 'Bob', 'timestamp': '2025-10-04 02:25:35', 'category': 'travel', 'sentiment': 0.32, 'keyword_mentioned': 'travel', 'message_length': 34}
2025-10-04 02:25:42 | INFO | {'message': 'I just loved a meme! It was funny.', 'author': 'Alice', 'timestamp': '2025-10-04 02:25:42', 'category': 'humor', 'sentiment': 0.2, 'keyword_mentioned': 'meme', 'message_length': 34}
2025-10-04 02:25:47 | INFO | {'message': 'I just loved recipe! It was boring.', 'author': 'Charlie', 'timestamp': '2025-10-04 02:25:47', 'category': 'food', 'sentiment': 0.49, 'keyword_mentioned': 'recipe', 'message_length': 35}
2025-10-04 02:25:52 | INFO | {'message': 'I just saw game! It was boring.', 'author': 'Alice', 'timestamp': '2025-10-04 02:25:52', 'category': 'gaming', 'sentiment': 0.76, 'keyword_mentioned': 'game', 'message_length': 31}
2025-10-04 02:25:57 | INFO | {'message': 'I just found a trick! It was boring.', 'author': 'Eve', 'timestamp': '2025-10-04 02:25:57', 'category': 'other', 'sentiment': 0.72, 'keyword_mentioned': 'other', 'message_length': 36}
2025-10-04 02:26:02 | INFO | {'message': 'I just saw a movie! It was exciting.', 'author': 'Charlie', 'timestamp': '2025-10-04 02:26:02', 'category': 'entertainment', 'sentiment': 0.24, 'keyword_mentioned': 'movie', 'message_length': 36}
2025-10-04 02:26:07 | INFO | {'message': 'I just saw recipe! It was exciting.', 'author': 'Charlie', 'timestamp': '2025-10-04 02:26:07', 'category': 'food', 'sentiment': 0.12, 'keyword_mentioned': 'recipe', 'message_length': 35}
2025-10-04 02:26:12 | INFO | {'message': 'I just tried Python! It was amazing.', 'author': 'Alice', 'timestamp': '2025-10-04 02:26:12', 'category': 'tech', 'sentiment': 0.83, 'keyword_mentioned': 'Python', 'message_length': 36}
2025-10-04 02:26:20 | INFO | {'message': 'I just tried Python! It was weird.', 'author': 'Eve', 'timestamp': '2025-10-04 02:26:20', 'category': 'tech', 'sentiment': 0.81, 'keyword_mentioned': 'Python', 'message_length': 34}
2025-10-04 02:26:25 | INFO | {'message': 'I just loved game! It was amazing.', 'author': 'Eve', 'timestamp': '2025-10-04 02:26:25', 'category': 'gaming', 'sentiment': 0.86, 'keyword_mentioned': 'game', 'message_length': 34}
2025-10-04 02:26:30 | INFO | {'message': 'I just tried Python! It was weird.', 'author': 'Eve', 'timestamp': '2025-10-04 02:26:30', 'category': 'tech', 'sentiment': 0.43, 'keyword_mentioned': 'Python', 'message_length': 34}
2025-10-04 02:26:35 | INFO | {'message': 'I just shared Python! It was weird.', 'author': 'Eve', 'timestamp': '2025-10-04 02:26:35', 'category': 'tech', 'sentiment': 0.41, 'keyword_mentioned': 'Python', 'message_length': 35}
2025-10-04 02:26:40 | INFO | {'message': 'I just loved recipe! It was weird.', 'author': 'Eve', 'timestamp': '2025-10-04 02:26:40', 'category': 'food', 'sentiment': 0.27, 'keyword_mentioned': 'recipe', 'message_length': 34}
2025-10-04 02:26:45 | INFO | {'message': 'I just found travel! It was amazing.', 'author': 'Bob', 'timestamp': '2025-10-04 02:26:45', 'category': 'travel', 'sentiment': 0.68, 'keyword_mentioned': 'travel', 'message_length': 36}
2025-10-04 02:26:52 | INFO | {'message': 'I just tried a story! It was amazing.', 'author': 'Eve', 'timestamp': '2025-10-04 02:26:52', 'category': 'other', 'sentiment': 0.27, 'keyword_mentioned': 'other', 'message_length': 37}
2025-10-04 02:26:57 | INFO | {'message': 'I just shared JavaScript! It was boring.', 'author': 'Charlie', 'timestamp': '2025-10-04 02:26:57', 'category': 'tech', 'sentiment': 0.61, 'keyword_mentioned': 'JavaScript', 'message_length': 40}
2025-10-04 02:27:02 | INFO | {'message': 'I just tried a meme! It was amazing.', 'author': 'Alice', 'timestamp': '2025-10-04 02:27:02', 'category': 'humor', 'sentiment': 0.98, 'keyword_mentioned': 'meme', 'message_length': 36}
2025-10-04 02:27:07 | INFO | {'message': 'I just tried JavaScript! It was funny.', 'author': 'Alice', 'timestamp': '2025-10-04 02:27:07', 'category': 'tech', 'sentiment': 0.76, 'keyword_mentioned': 'JavaScript', 'message_length': 38}
2025-10-04 02:27:12 | INFO | {'message': 'I just found a story! It was amazing.', 'author': 'Eve', 'timestamp': '2025-10-04 02:27:12', 'category': 'other', 'sentiment': 0.38, 'keyword_mentioned': 'other', 'message_length': 37}
2025-10-04 02:27:17 | INFO | {'message': 'I just shared an app! It was weird.', 'author': 'Bob', 'timestamp': '2025-10-04 02:27:17', 'category': 'other', 'sentiment': 0.27, 'keyword_mentioned': 'other', 'message_length': 35}
2025-10-04 02:27:22 | INFO | {'message': 'I just saw JavaScript! It was funny.', 'author': 'Bob', 'timestamp': '2025-10-04 02:27:22', 'category': 'tech', 'sentiment': 0.53, 'keyword_mentioned': 'JavaScript', 'message_length': 36}
2025-10-04 02:27:30 | INFO | {'message': 'I just saw a meme! It was weird.', 'author': 'Bob', 'timestamp': '2025-10-04 02:27:30', 'category': 'humor', 'sentiment': 0.9, 'keyword_mentioned': 'meme', 'message_length': 32}
2025-10-04 02:27:35 | INFO | {'message': 'I just shared travel! It was boring.', 'author': 'Charlie', 'timestamp': '2025-10-04 02:27:35', 'category': 'travel', 'sentiment': 0.77, 'keyword_mentioned': 'travel', 'message_length': 36}
2025-10-04 02:27:40 | INFO | {'message': 'I just loved game! It was weird.', 'author': 'Alice', 'timestamp': '2025-10-04 02:27:40', 'category': 'gaming', 'sentiment': 0.1, 'keyword_mentioned': 'game', 'message_length': 32}
2025-10-04 02:27:45 | INFO | {'message': 'I just saw travel! It was boring.', 'author': 'Bob', 'timestamp': '2025-10-04 02:27:45', 'category': 'travel', 'sentiment': 0.32, 'keyword_mentioned': 'travel', 'message_length': 33}
2025-10-04 02:27:50 | INFO | {'message': 'I just tried a story! It was amazing.', 'author': 'Eve', 'timestamp': '2025-10-04 02:27:50', 'category': 'other', 'sentiment': 0.65, 'keyword_mentioned': 'other', 'message_length': 37}
2025-10-04 02:27:55 | INFO | {'message': 'I just loved a movie! It was funny.', 'author': 'Eve', 'timestamp': '2025-10-04 02:27:55', 'category': 'entertainment', 'sentiment': 0.86, 'keyword_mentioned': 'movie', 'message_length': 35}
2025-10-04 02:28:02 | INFO | {'message': 'I just tried JavaScript! It was weird.', 'author': 'Eve', 'timestamp': '2025-10-04 02:28:02', 'category': 'tech', 'sentiment': 0.06, 'keyword_mentioned': 'JavaScript', 'message_length': 38}
2025-10-04 02:28:07 | INFO | {'message': 'I just loved an app! It was amazing.', 'author': 'Charlie', 'timestamp': '2025-10-04 02:28:07', 'category': 'other', 'sentiment': 0.3, 'keyword_mentioned': 'other', 'message_length': 36}
2025-10-04 02:28:12 | INFO | {'message': 'I just shared travel! It was weird.', 'author': 'Eve', 'timestamp': '2025-10-04 02:28:12', 'category': 'travel', 'sentiment': 0.25, 'keyword_mentioned': 'travel', 'message_length': 35}
2025-10-04 02:28:17 | INFO | {'message': 'I just loved a movie! It was weird.', 'author': 'Bob', 'timestamp': '2025-10-04 02:28:17', 'category': 'entertainment', 'sentiment': 0.63, 'keyword_mentioned': 'movie', 'message_length': 35}
2025-10-04 02:28:22 | INFO | {'message': 'I just saw JavaScript! It was amazing.', 'author': 'Eve', 'timestamp': '2025-10-04 02:28:22', 'category': 'tech', 'sentiment': 0.85, 'keyword_mentioned': 'JavaScript', 'message_length': 38}
2025-10-04 02:28:27 | INFO | {'message': 'I just saw travel! It was weird.', 'author': 'Eve', 'timestamp': '2025-10-04 02:28:27', 'category': 'travel', 'sentiment': 0.35, 'keyword_mentioned': 'travel', 'message_length': 32}
2025-10-04 02:28:32 | INFO | {'message': 'I just loved a movie! It was boring.', 'author': 'Alice', 'timestamp': '2025-10-04 02:28:32', 'category': 'entertainment', 'sentiment': 0.85, 'keyword_mentioned': 'movie', 'message_length': 36}
2025-10-04 02:28:40 | INFO | {'message': 'I just found JavaScript! It was funny.', 'author': 'Eve', 'timestamp': '2025-10-04 02:28:40', 'category': 'tech', 'sentiment': 0.1, 'keyword_mentioned': 'JavaScript', 'message_length': 38}
2025-10-04 02:28:45 | INFO | {'message': 'I just found a story! It was exciting.', 'author': 'Eve', 'timestamp': '2025-10-04 02:28:45', 'category': 'other', 'sentiment': 0.79, 'keyword_mentioned': 'other', 'message_length': 38}
2025-10-04 02:28:50 | INFO | {'message': 'I just shared Python! It was weird.', 'author': 'Charlie', 'timestamp': '2025-10-04 02:28:50', 'category': 'tech', 'sentiment': 0.15, 'keyword_mentioned': 'Python', 'message_length': 35}
2025-10-04 02:28:55 | INFO | {'message': 'I just found a movie! It was amazing.', 'author': 'Charlie', 'timestamp': '2025-10-04 02:28:55', 'category': 'entertainment', 'sentiment': 0.28, 'keyword_mentioned': 'movie', 'message_length': 37}
2025-10-04 02:29:00 | INFO | {'message': 'I just saw a movie! It was funny.', 'author': 'Eve', 'timestamp': '2025-10-04 02:29:00', 'category': 'entertainment', 'sentiment': 0.84, 'keyword_mentioned': 'movie', 'message_length': 33}
2025-10-04 02:29:05 | INFO | {'message': 'I just shared a trick! It was boring.', 'author': 'Charlie', 'timestamp': '2025-10-04 02:29:05', 'category': 'other', 'sentiment': 0.53, 'keyword_mentioned': 'other', 'message_length': 37}
2025-10-04 02:29:12 | INFO | {'message': 'I just found an app! It was amazing.', 'author': 'Eve', 'timestamp': '2025-10-04 02:29:12', 'category': 'other', 'sentiment': 0.52, 'keyword_mentioned': 'other', 'message_length': 36}
2025-10-04 02:29:17 | INFO | {'message': 'I just loved a meme! It was exciting.', 'author': 'Bob', 'timestamp': '2025-10-04 02:29:17', 'category': 'humor', 'sentiment': 0.5, 'keyword_mentioned': 'meme', 'message_length': 37}
2025-10-04 02:29:22 | INFO | {'message': 'I just loved recipe! It was exciting.', 'author': 'Eve', 'timestamp': '2025-10-04 02:29:22', 'category': 'food', 'sentiment': 0.78, 'keyword_mentioned': 'recipe', 'message_length': 37}
2025-10-04 02:29:27 | INFO | {'message': 'I just found an app! It was weird.', 'author': 'Charlie', 'timestamp': '2025-10-04 02:29:27', 'category': 'other', 'sentiment': 0.03, 'keyword_mentioned': 'other', 'message_length': 34}
2025-10-04 02:29:32 | INFO | {'message': 'I just tried a meme! It was funny.', 'author': 'Eve', 'timestamp': '2025-10-04 02:29:32', 'category': 'humor', 'sentiment': 0.63, 'keyword_mentioned': 'meme', 'message_length': 34}
2025-10-04 02:29:37 | INFO | {'message': 'I just loved a meme! It was amazing.', 'author': 'Bob', 'timestamp': '2025-10-04 02:29:37', 'category': 'humor', 'sentiment': 0.95, 'keyword_mentioned': 'meme', 'message_length': 36}
2025-10-04 02:29:42 | INFO | {'message': 'I just saw a trick! It was funny.', 'author': 'Alice', 'timestamp': '2025-10-04 02:29:42', 'category': 'other', 'sentiment': 0.35, 'keyword_mentioned': 'other', 'message_length': 33}
2025-10-04 02:29:50 | INFO | {'message': 'I just shared recipe! It was boring.', 'author': 'Alice', 'timestamp': '2025-10-04 02:29:50', 'category': 'food', 'sentiment': 0.97, 'keyword_mentioned': 'recipe', 'message_length': 36}
2025-10-04 02:29:55 | INFO | {'message': 'I just loved Python! It was exciting.', 'author': 'Charlie', 'timestamp': '2025-10-04 02:29:55', 'category': 'tech', 'sentiment': 0.38, 'keyword_mentioned': 'Python', 'message_length': 37}
2025-10-04 02:30:00 | INFO | {'message': 'I just tried an app! It was amazing.', 'author': 'Eve', 'timestamp': '2025-10-04 02:30:00', 'category': 'other', 'sentiment': 0.35, 'keyword_mentioned': 'other', 'message_length': 36}
2025-10-04 02:30:05 | INFO | {'message': 'I just tried a trick! It was exciting.', 'author': 'Bob', 'timestamp': '2025-10-04 02:30:05', 'category': 'other', 'sentiment': 0.6, 'keyword_mentioned': 'other', 'message_length': 38}
2025-10-04 02:30:10 | INFO | {'message': 'I just shared a movie! It was amazing.', 'author': 'Charlie', 'timestamp': '2025-10-04 02:30:10', 'category': 'entertainment', 'sentiment': 0.39, 'keyword_mentioned': 'movie', 'message_length': 38}
2025-10-04 02:30:15 | INFO | {'message': 'I just found game! It was boring.', 'author': 'Alice', 'timestamp': '2025-10-04 02:30:15', 'category': 'gaming', 'sentiment': 0.76, 'keyword_mentioned': 'game', 'message_length': 33}
2025-10-04 02:30:23 | INFO | {'message': 'I just found a trick! It was boring.', 'author': 'Bob', 'timestamp': '2025-10-04 02:30:23', 'category': 'other', 'sentiment': 0.53, 'keyword_mentioned': 'other', 'message_length': 36}
2025-10-04 02:30:28 | INFO | {'message': 'I just loved a meme! It was amazing.', 'author': 'Bob', 'timestamp': '2025-10-04 02:30:28', 'category': 'humor', 'sentiment': 0.37, 'keyword_mentioned': 'meme', 'message_length': 36}
2025-10-04 02:30:33 | INFO | {'message': 'I just found game! It was boring.', 'author': 'Bob', 'timestamp': '2025-10-04 02:30:33', 'category': 'gaming', 'sentiment': 0.07, 'keyword_mentioned': 'game', 'message_length': 33}
2025-10-04 02:30:38 | INFO | {'message': 'I just saw JavaScript! It was amazing.', 'author': 'Charlie', 'timestamp': '2025-10-04 02:30:38', 'category': 'tech', 'sentiment': 0.42, 'keyword_mentioned': 'JavaScript', 'message_length': 38}
2025-10-04 02:30:43 | INFO | {'message': 'I just tried a story! It was boring.', 'author': 'Alice', 'timestamp': '2025-10-04 02:30:43', 'category': 'other', 'sentiment': 0.18, 'keyword_mentioned': 'other', 'message_length': 36}
2025-10-04 02:30:48 | INFO | {'message': 'I just found recipe! It was funny.', 'author': 'Eve', 'timestamp': '2025-10-04 02:30:48', 'category': 'food', 'sentiment': 0.96, 'keyword_mentioned': 'recipe', 'message_length': 34}
2025-10-04 02:30:55 | INFO | {'message': 'I just shared recipe! It was funny.', 'author': 'Alice', 'timestamp': '2025-10-04 02:30:55', 'category': 'food', 'sentiment': 0.89, 'keyword_mentioned': 'recipe', 'message_length': 35}
2025-10-04 02:31:00 | INFO | {'message': 'I just tried travel! It was amazing.', 'author': 'Alice', 'timestamp': '2025-10-04 02:31:00', 'category': 'travel', 'sentiment': 0.52, 'keyword_mentioned': 'travel', 'message_length': 36}
2025-10-04 02:31:05 | INFO | {'message': 'I just shared a movie! It was amazing.', 'author': 'Bob', 'timestamp': '2025-10-04 02:31:05', 'category': 'entertainment', 'sentiment': 0.64, 'keyword_mentioned': 'movie', 'message_length': 38}
2025-10-04 02:31:10 | INFO | {'message': 'I just shared Python! It was weird.', 'author': 'Bob', 'timestamp': '2025-10-04 02:31:10', 'category': 'tech', 'sentiment': 0.45, 'keyword_mentioned': 'Python', 'message_length': 35}
2025-10-04 02:31:15 | INFO | {'message': 'I just shared Python! It was exciting.', 'author': 'Charlie', 'timestamp': '2025-10-04 02:31:15', 'category': 'tech', 'sentiment': 0.65, 'keyword_mentioned': 'Python', 'message_length': 38}
2025-10-04 02:31:20 | INFO | {'message': 'I just loved Python! It was weird.', 'author': 'Alice', 'timestamp': '2025-10-04 02:31:20', 'category': 'tech', 'sentiment': 0.55, 'keyword_mentioned': 'Python', 'message_length': 34}
2025-10-04 02:31:25 | INFO | {'message': 'I just tried Python! It was exciting.', 'author': 'Eve', 'timestamp': '2025-10-04 02:31:25', 'category': 'tech', 'sentiment': 0.59, 'keyword_mentioned': 'Python', 'message_length': 37}
2025-10-04 02:31:33 | INFO | {'message': 'I just tried a story! It was weird.', 'author': 'Eve', 'timestamp': '2025-10-04 02:31:33', 'category': 'other', 'sentiment': 0.77, 'keyword_mentioned': 'other', 'message_length': 35}
2025-10-04 02:31:38 | INFO | {'message': 'I just loved Python! It was boring.', 'author': 'Eve', 'timestamp': '2025-10-04 02:31:38', 'category': 'tech', 'sentiment': 0.2, 'keyword_mentioned': 'Python', 'message_length': 35}
2025-10-04 02:31:43 | INFO | {'message': 'I just shared a meme! It was amazing.', 'author': 'Bob', 'timestamp': '2025-10-04 02:31:43', 'category': 'humor', 'sentiment': 0.94, 'keyword_mentioned': 'meme', 'message_length': 37}
2025-10-04 02:31:48 | INFO | {'message': 'I just saw a movie! It was amazing.', 'author': 'Bob', 'timestamp': '2025-10-04 02:31:48', 'category': 'entertainment', 'sentiment': 0.46, 'keyword_mentioned': 'movie', 'message_length': 35}
2025-10-04 02:31:53 | INFO | {'message': 'I just tried recipe! It was weird.', 'author': 'Charlie', 'timestamp': '2025-10-04 02:31:53', 'category': 'food', 'sentiment': 0.8, 'keyword_mentioned': 'recipe', 'message_length': 34}
2025-10-04 02:31:58 | INFO | {'message': 'I just saw recipe! It was weird.', 'author': 'Charlie', 'timestamp': '2025-10-04 02:31:58', 'category': 'food', 'sentiment': 0.46, 'keyword_mentioned': 'recipe', 'message_length': 32}
2025-10-04 02:32:06 | INFO | {'message': 'I just found a meme! It was exciting.', 'author': 'Bob', 'timestamp': '2025-10-04 02:32:06', 'category': 'humor', 'sentiment': 0.57, 'keyword_mentioned': 'meme', 'message_length': 37}
2025-10-04 02:32:11 | INFO | {'message': 'I just tried a story! It was weird.', 'author': 'Bob', 'timestamp': '2025-10-04 02:32:11', 'category': 'other', 'sentiment': 0.55, 'keyword_mentioned': 'other', 'message_length': 35}
2025-10-04 02:32:16 | INFO | {'message': 'I just shared a movie! It was exciting.', 'author': 'Bob', 'timestamp': '2025-10-04 02:32:16', 'category': 'entertainment', 'sentiment': 0.61, 'keyword_mentioned': 'movie', 'message_length': 39}
2025-10-04 02:32:21 | INFO | {'message': 'I just shared recipe! It was weird.', 'author': 'Eve', 'timestamp': '2025-10-04 02:32:21', 'category': 'food', 'sentiment': 0.85, 'keyword_mentioned': 'recipe', 'message_length': 35}
2025-10-04 02:32:26 | INFO | {'message': 'I just found a story! It was funny.', 'author': 'Eve', 'timestamp': '2025-10-04 02:32:26', 'category': 'other', 'sentiment': 0.8, 'keyword_mentioned': 'other', 'message_length': 35}
2025-10-04 02:32:31 | INFO | {'message': 'I just found recipe! It was weird.', 'author': 'Eve', 'timestamp': '2025-10-04 02:32:31', 'category': 'food', 'sentiment': 0.27, 'keyword_mentioned': 'recipe', 'message_length': 34}
2025-10-04 02:32:36 | INFO | {'message': 'I just tried a meme! It was amazing.', 'author': 'Alice', 'timestamp': '2025-10-04 02:32:36', 'category': 'humor', 'sentiment': 0.9, 'keyword_mentioned': 'meme', 'message_length': 36}
2025-10-04 02:32:43 | INFO | {'message': 'I just shared recipe! It was exciting.', 'author': 'Eve', 'timestamp': '2025-10-04 02:32:43', 'category': 'food', 'sentiment': 0.63, 'keyword_mentioned': 'recipe', 'message_length': 38}
2025-10-04 02:32:48 | INFO | {'message': 'I just found recipe! It was exciting.', 'author': 'Bob', 'timestamp': '2025-10-04 02:32:48', 'category': 'food', 'sentiment': 0.35, 'keyword_mentioned': 'recipe', 'message_length': 37}
2025-10-04 02:32:53 | INFO | {'message': 'I just tried a movie! It was boring.', 'author': 'Alice', 'timestamp': '2025-10-04 02:32:53', 'category': 'entertainment', 'sentiment': 0.72, 'keyword_mentioned': 'movie', 'message_length': 36}
2025-10-04 02:32:58 | INFO | {'message': 'I just found Python! It was exciting.', 'author': 'Alice', 'timestamp': '2025-10-04 02:32:58', 'category': 'tech', 'sentiment': 0.98, 'keyword_mentioned': 'Python', 'message_length': 37}
2025-10-04 02:33:03 | INFO | {'message': 'I just shared a movie! It was amazing.', 'author': 'Eve', 'timestamp': '2025-10-04 02:33:03', 'category': 'entertainment', 'sentiment': 0.57, 'keyword_mentioned': 'movie', 'message_length': 38}
2025-10-04 02:33:08 | INFO | {'message': 'I just shared travel! It was boring.', 'author': 'Bob', 'timestamp': '2025-10-04 02:33:08', 'category': 'travel', 'sentiment': 0.45, 'keyword_mentioned': 'travel', 'message_length': 36}
2025-10-04 02:33:16 | INFO | {'message': 'I just loved travel! It was funny.', 'author': 'Alice', 'timestamp': '2025-10-04 02:33:16', 'category': 'travel', 'sentiment': 0.39, 'keyword_mentioned': 'travel', 'message_length': 34}
2025-10-04 02:33:21 | INFO | {'message': 'I just tried an app! It was funny.', 'author': 'Alice', 'timestamp': '2025-10-04 02:33:21', 'category': 'other', 'sentiment': 0.85, 'keyword_mentioned': 'other', 'message_length': 34}
2025-10-04 02:33:26 | INFO | {'message': 'I just loved game! It was boring.', 'author': 'Charlie', 'timestamp': '2025-10-04 02:33:26', 'category': 'gaming', 'sentiment': 0.54, 'keyword_mentioned': 'game', 'message_length': 33}
2025-10-04 02:33:31 | INFO | {'message': 'I just loved travel! It was boring.', 'author': 'Charlie', 'timestamp': '2025-10-04 02:33:31', 'category': 'travel', 'sentiment': 0.23, 'keyword_mentioned': 'travel', 'message_length': 35}
2025-10-04 02:33:36 | INFO | {'message': 'I just tried a movie! It was amazing.', 'author': 'Alice', 'timestamp': '2025-10-04 02:33:36', 'category': 'entertainment', 'sentiment': 0.49, 'keyword_mentioned': 'movie', 'message_length': 37}
2025-10-04 02:33:41 | INFO | {'message': 'I just loved a trick! It was boring.', 'author': 'Bob', 'timestamp': '2025-10-04 02:33:41', 'category': 'other', 'sentiment': 0.15, 'keyword_mentioned': 'other', 'message_length': 36}
2025-10-04 02:33:46 | INFO | {'message': 'I just found a trick! It was funny.', 'author': 'Eve', 'timestamp': '2025-10-04 02:33:46', 'category': 'other', 'sentiment': 0.52, 'keyword_mentioned': 'other', 'message_length': 35}
2025-10-04 02:33:54 | INFO | {'message': 'I just found a movie! It was amazing.', 'author': 'Alice', 'timestamp': '2025-10-04 02:33:54', 'category': 'entertainment', 'sentiment': 0.2, 'keyword_mentioned': 'movie', 'message_length': 37}
2025-10-04 02:33:59 | INFO | {'message': 'I just tried a movie! It was exciting.', 'author': 'Bob', 'timestamp': '2025-10-04 02:33:59', 'category': 'entertainment', 'sentiment': 0.89, 'keyword_mentioned': 'movie', 'message_length': 38}
2025-10-04 02:34:04 | INFO | {'message': 'I just tried a story! It was exciting.', 'author': 'Bob', 'timestamp': '2025-10-04 02:34:04', 'category': 'other', 'sentiment': 0.88, 'keyword_mentioned': 'other', 'message_length': 38}
2025-10-04 02:34:09 | INFO | {'message': 'I just found a trick! It was boring.', 'author': 'Eve', 'timestamp': '2025-10-04 02:34:09', 'category': 'other', 'sentiment': 0.31, 'keyword_mentioned': 'other', 'message_length': 36}
2025-10-04 02:34:14 | INFO | {'message': 'I just tried Python! It was amazing.', 'author': 'Alice', 'timestamp': '2025-10-04 02:34:14', 'category': 'tech', 'sentiment': 0.34, 'keyword_mentioned': 'Python', 'message_length': 36}
2025-10-04 02:34:19 | INFO | {'message': 'I just tried a trick! It was weird.', 'author': 'Eve', 'timestamp': '2025-10-04 02:34:19', 'category': 'other', 'sentiment': 0.77, 'keyword_mentioned': 'other', 'message_length': 35}
2025-10-04 02:34:27 | INFO | {'message': 'I just found a movie! It was exciting.', 'author': 'Eve', 'timestamp': '2025-10-04 02:34:27', 'category': 'entertainment', 'sentiment': 0.36, 'keyword_mentioned': 'movie', 'message_length': 38}
2025-10-04 02:34:32 | INFO | {'message': 'I just loved a trick! It was boring.', 'author': 'Alice', 'timestamp': '2025-10-04 02:34:32', 'category': 'other', 'sentiment': 0.74, 'keyword_mentioned': 'other', 'message_length': 36}
2025-10-04 02:34:37 | INFO | {'message': 'I just loved a movie! It was exciting.', 'author': 'Alice', 'timestamp': '2025-10-04 02:34:37', 'category': 'entertainment', 'sentiment': 0.49, 'keyword_mentioned': 'movie', 'message_length': 38}
2025-10-04 02:34:42 | INFO | {'message': 'I just shared a story! It was amazing.', 'author': 'Bob', 'timestamp': '2025-10-04 02:34:42', 'category': 'other', 'sentiment': 0.99, 'keyword_mentioned': 'other', 'message_length': 38}
2025-10-04 02:34:47 | INFO | {'message': 'I just shared Python! It was weird.', 'author': 'Bob', 'timestamp': '2025-10-04 02:34:47', 'category': 'tech', 'sentiment': 0.69, 'keyword_mentioned': 'Python', 'message_length': 35}
2025-10-04 02:34:52 | INFO | {'message': 'I just tried a story! It was amazing.', 'author': 'Eve', 'timestamp': '2025-10-04 02:34:52', 'category': 'other', 'sentiment': 0.83, 'keyword_mentioned': 'other', 'message_length': 37}
2025-10-04 02:34:57 | INFO | {'message': 'I just loved a meme! It was amazing.', 'author': 'Bob', 'timestamp': '2025-10-04 02:34:57', 'category': 'humor', 'sentiment': 0.36, 'keyword_mentioned': 'meme', 'message_length': 36}
2025-10-04 02:35:04 | INFO | {'message': 'I just shared Python! It was weird.', 'author': 'Eve', 'timestamp': '2025-10-04 02:35:04', 'category': 'tech', 'sentiment': 0.1, 'keyword_mentioned': 'Python', 'message_length': 35}
2025-10-04 02:35:09 | INFO | {'message': 'I just shared an app! It was funny.', 'author': 'Alice', 'timestamp': '2025-10-04 02:35:09', 'category': 'other', 'sentiment': 0.22, 'keyword_mentioned': 'other', 'message_length': 35}
2025-10-04 02:35:14 | INFO | {'message': 'I just loved a meme! It was weird.', 'author': 'Eve', 'timestamp': '2025-10-04 02:35:14', 'category': 'humor', 'sentiment': 0.47, 'keyword_mentioned': 'meme', 'message_length': 34}
2025-10-04 02:35:19 | INFO | {'message': 'I just loved travel! It was funny.', 'author': 'Alice', 'timestamp': '2025-10-04 02:35:19', 'category': 'travel', 'sentiment': 0.57, 'keyword_mentioned': 'travel', 'message_length': 34}
2025-10-04 02:35:24 | INFO | {'message': 'I just found game! It was boring.', 'author': 'Charlie', 'timestamp': '2025-10-04 02:35:24', 'category': 'gaming', 'sentiment': 0.3, 'keyword_mentioned': 'game', 'message_length': 33}
2025-10-04 02:35:29 | INFO | {'message': 'I just loved a movie! It was exciting.', 'author': 'Charlie', 'timestamp': '2025-10-04 02:35:29', 'category': 'entertainment', 'sentiment': 0.8, 'keyword_mentioned': 'movie', 'message_length': 38}
2025-10-04 02:35:36 | INFO | {'message': 'I just found a meme! It was exciting.', 'author': 'Eve', 'timestamp': '2025-10-04 02:35:36', 'category': 'humor', 'sentiment': 0.63, 'keyword_mentioned': 'meme', 'message_length': 37}
2025-10-04 02:35:41 | INFO | {'message': 'I just found JavaScript! It was amazing.', 'author': 'Eve', 'timestamp': '2025-10-04 02:35:41', 'category': 'tech', 'sentiment': 0.54, 'keyword_mentioned': 'JavaScript', 'message_length': 40}
2025-10-04 02:35:46 | INFO | {'message': 'I just loved a story! It was boring.', 'author': 'Charlie', 'timestamp': '2025-10-04 02:35:46', 'category': 'other', 'sentiment': 0.19, 'keyword_mentioned': 'other', 'message_length': 36}
2025-10-04 02:35:51 | INFO | {'message': 'I just shared a meme! It was boring.', 'author': 'Charlie', 'timestamp': '2025-10-04 02:35:51', 'category': 'humor', 'sentiment': 0.54, 'keyword_mentioned': 'meme', 'message_length': 36}
2025-10-04 02:35:56 | INFO | {'message': 'I just loved a story! It was boring.', 'author': 'Alice', 'timestamp': '2025-10-04 02:35:56', 'category': 'other', 'sentiment': 0.02, 'keyword_mentioned': 'other', 'message_length': 36}
2025-10-04 02:36:01 | INFO | {'message': 'I just saw Python! It was boring.', 'author': 'Charlie', 'timestamp': '2025-10-04 02:36:01', 'category': 'tech', 'sentiment': 0.13, 'keyword_mentioned': 'Python', 'message_length': 33}
2025-10-04 02:36:09 | INFO | {'message': 'I just shared Python! It was exciting.', 'author': 'Eve', 'timestamp': '2025-10-04 02:36:09', 'category': 'tech', 'sentiment': 0.66, 'keyword_mentioned': 'Python', 'message_length': 38}
2025-10-04 02:36:14 | INFO | {'message': 'I just shared game! It was weird.', 'author': 'Eve', 'timestamp': '2025-10-04 02:36:14', 'category': 'gaming', 'sentiment': 0.78, 'keyword_mentioned': 'game', 'message_length': 33}
2025-10-04 02:36:19 | INFO | {'message': 'I just found JavaScript! It was amazing.', 'author': 'Bob', 'timestamp': '2025-10-04 02:36:19', 'category': 'tech', 'sentiment': 0.23, 'keyword_mentioned': 'JavaScript', 'message_length': 40}
2025-10-04 02:36:24 | INFO | {'message': 'I just saw a story! It was boring.', 'author': 'Alice', 'timestamp': '2025-10-04 02:36:24', 'category': 'other', 'sentiment': 0.95, 'keyword_mentioned': 'other', 'message_length': 34}
2025-10-04 02:36:29 | INFO | {'message': 'I just saw a story! It was exciting.', 'author': 'Alice', 'timestamp': '2025-10-04 02:36:29', 'category': 'other', 'sentiment': 0.69, 'keyword_mentioned': 'other', 'message_length': 36}
2025-10-04 02:36:34 | INFO | {'message': 'I just found an app! It was funny.', 'author': 'Alice', 'timestamp': '2025-10-04 02:36:34', 'category': 'other', 'sentiment': 0.29, 'keyword_mentioned': 'other', 'message_length': 34}
2025-10-04 02:36:39 | INFO | {'message': 'I just saw recipe! It was boring.', 'author': 'Bob', 'timestamp': '2025-10-04 02:36:39', 'category': 'food', 'sentiment': 0.86, 'keyword_mentioned': 'recipe', 'message_length': 33}
2025-10-04 02:36:46 | INFO | {'message': 'I just tried a story! It was amazing.', 'author': 'Eve', 'timestamp': '2025-10-04 02:36:46', 'category': 'other', 'sentiment': 0.25, 'keyword_mentioned': 'other', 'message_length': 37}
2025-10-04 02:36:51 | INFO | {'message': 'I just found a meme! It was weird.', 'author': 'Eve', 'timestamp': '2025-10-04 02:36:51', 'category': 'humor', 'sentiment': 0.86, 'keyword_mentioned': 'meme', 'message_length': 34}
2025-10-04 02:36:56 | INFO | {'message': 'I just shared game! It was weird.', 'author': 'Bob', 'timestamp': '2025-10-04 02:36:56', 'category': 'gaming', 'sentiment': 0.36, 'keyword_mentioned': 'game', 'message_length': 33}
2025-10-04 02:37:01 | INFO | {'message': 'I just tried a story! It was amazing.', 'author': 'Charlie', 'timestamp': '2025-10-04 02:37:01', 'category': 'other', 'sentiment': 0.83, 'keyword_mentioned': 'other', 'message_length': 37}
2025-10-04 02:37:06 | INFO | {'message': 'I just shared a trick! It was amazing.', 'author': 'Alice', 'timestamp': '2025-10-04 02:37:06', 'category': 'other', 'sentiment': 0.08, 'keyword_mentioned': 'other', 'message_length': 38}
2025-10-04 02:37:11 | INFO | {'message': 'I just shared JavaScript! It was boring.', 'author': 'Bob', 'timestamp': '2025-10-04 02:37:11', 'category': 'tech', 'sentiment': 0.73, 'keyword_mentioned': 'JavaScript', 'message_length': 40}
2025-10-04 02:37:19 | INFO | {'message': 'I just found JavaScript! It was funny.', 'author': 'Charlie', 'timestamp': '2025-10-04 02:37:19', 'category': 'tech', 'sentiment': 0.76, 'keyword_mentioned': 'JavaScript', 'message_length': 38}
2025-10-04 02:37:24 | INFO | {'message': 'I just found a meme! It was amazing.', 'author': 'Alice', 'timestamp': '2025-10-04 02:37:24', 'category': 'humor', 'sentiment': 0.26, 'keyword_mentioned': 'meme', 'message_length': 36}
2025-10-04 02:37:29 | INFO | {'message': 'I just saw Python! It was amazing.', 'author': 'Alice', 'timestamp': '2025-10-04 02:37:29', 'category': 'tech', 'sentiment': 0.27, 'keyword_mentioned': 'Python', 'message_length': 34}
2025-10-04 02:37:34 | INFO | {'message': 'I just tried a movie! It was amazing.', 'author': 'Eve', 'timestamp': '2025-10-04 02:37:34', 'category': 'entertainment', 'sentiment': 0.89, 'keyword_mentioned': 'movie', 'message_length': 37}
2025-10-04 02:37:39 | INFO | {'message': 'I just loved JavaScript! It was exciting.', 'author': 'Eve', 'timestamp': '2025-10-04 02:37:39', 'category': 'tech', 'sentiment': 0.33, 'keyword_mentioned': 'JavaScript', 'message_length': 41}
2025-10-04 02:37:44 | INFO | {'message': 'I just tried travel! It was amazing.', 'author': 'Charlie', 'timestamp': '2025-10-04 02:37:44', 'category': 'travel', 'sentiment': 0.07, 'keyword_mentioned': 'travel', 'message_length': 36}
2025-10-04 02:37:49 | INFO | {'message': 'I just loved a story! It was weird.', 'author': 'Charlie', 'timestamp': '2025-10-04 02:37:49', 'category': 'other', 'sentiment': 0.24, 'keyword_mentioned': 'other', 'message_length': 35}
2025-10-04 02:37:57 | INFO | {'message': 'I just saw a trick! It was weird.', 'author': 'Alice', 'timestamp': '2025-10-04 02:37:57', 'category': 'other', 'sentiment': 0.93, 'keyword_mentioned': 'other', 'message_length': 33}
2025-10-04 02:38:02 | INFO | {'message': 'I just shared a story! It was amazing.', 'author': 'Alice', 'timestamp': '2025-10-04 02:38:02', 'category': 'other', 'sentiment': 0.47, 'keyword_mentioned': 'other', 'message_length': 38}
2025-10-04 02:38:07 | INFO | {'message': 'I just found Python! It was exciting.', 'author': 'Alice', 'timestamp': '2025-10-04 02:38:07', 'category': 'tech', 'sentiment': 0.96, 'keyword_mentioned': 'Python', 'message_length': 37}
2025-10-04 02:38:12 | INFO | {'message': 'I just found an app! It was weird.', 'author': 'Alice', 'timestamp': '2025-10-04 02:38:12', 'category': 'other', 'sentiment': 0.94, 'keyword_mentioned': 'other', 'message_length': 34}
2025-10-04 02:38:17 | INFO | {'message': 'I just loved recipe! It was boring.', 'author': 'Eve', 'timestamp': '2025-10-04 02:38:17', 'category': 'food', 'sentiment': 0.65, 'keyword_mentioned': 'recipe', 'message_length': 35}
2025-10-04 02:38:22 | INFO | {'message': 'I just found a movie! It was amazing.', 'author': 'Alice', 'timestamp': '2025-10-04 02:38:22', 'category': 'entertainment', 'sentiment': 0.26, 'keyword_mentioned': 'movie', 'message_length': 37}
2025-10-04 02:38:29 | INFO | {'message': 'I just saw a meme! It was exciting.', 'author': 'Bob', 'timestamp': '2025-10-04 02:38:29', 'category': 'humor', 'sentiment': 0.8, 'keyword_mentioned': 'meme', 'message_length': 35}
2025-10-04 02:38:34 | INFO | {'message': 'I just found game! It was exciting.', 'author': 'Alice', 'timestamp': '2025-10-04 02:38:34', 'category': 'gaming', 'sentiment': 0.74, 'keyword_mentioned': 'game', 'message_length': 35}
2025-10-04 02:38:39 | INFO | {'message': 'I just loved a meme! It was exciting.', 'author': 'Eve', 'timestamp': '2025-10-04 02:38:39', 'category': 'humor', 'sentiment': 0.26, 'keyword_mentioned': 'meme', 'message_length': 37}
2025-10-04 02:38:44 | INFO | {'message': 'I just saw a meme! It was exciting.', 'author': 'Alice', 'timestamp': '2025-10-04 02:38:44', 'category': 'humor', 'sentiment': 0.89, 'keyword_mentioned': 'meme', 'message_length': 35}
2025-10-04 02:38:49 | INFO | {'message': 'I just found a trick! It was funny.', 'author': 'Alice', 'timestamp': '2025-10-04 02:38:49', 'category': 'other', 'sentiment': 0.44, 'keyword_mentioned': 'other', 'message_length': 35}
2025-10-04 02:38:54 | INFO | {'message': 'I just loved a movie! It was amazing.', 'author': 'Bob', 'timestamp': '2025-10-04 02:38:54', 'category': 'entertainment', 'sentiment': 0.12, 'keyword_mentioned': 'movie', 'message_length': 37}
2025-10-04 02:38:59 | INFO | {'message': 'I just tried a story! It was weird.', 'author': 'Alice', 'timestamp': '2025-10-04 02:38:59', 'category': 'other', 'sentiment': 0.92, 'keyword_mentioned': 'other', 'message_length': 35}
2025-10-04 02:39:06 | INFO | {'message': 'I just saw travel! It was amazing.', 'author': 'Alice', 'timestamp': '2025-10-04 02:39:06', 'category': 'travel', 'sentiment': 0.82, 'keyword_mentioned': 'travel', 'message_length': 34}
2025-10-04 02:39:11 | INFO | {'message': 'I just saw a movie! It was amazing.', 'author': 'Alice', 'timestamp': '2025-10-04 02:39:11', 'category': 'entertainment', 'sentiment': 0.86, 'keyword_mentioned': 'movie', 'message_length': 35}
2025-10-04 02:39:16 | INFO | {'message': 'I just shared a trick! It was exciting.', 'author': 'Eve', 'timestamp': '2025-10-04 02:39:16', 'category': 'other', 'sentiment': 0.37, 'keyword_mentioned': 'other', 'message_length': 39}
2025-10-04 02:39:21 | INFO | {'message': 'I just shared Python! It was funny.', 'author': 'Eve', 'timestamp': '2025-10-04 02:39:21', 'category': 'tech', 'sentiment': 0.57, 'keyword_mentioned': 'Python', 'message_length': 35}
2025-10-04 02:39:26 | INFO | {'message': 'I just found a meme! It was amazing.', 'author': 'Eve', 'timestamp': '2025-10-04 02:39:26', 'category': 'humor', 'sentiment': 0.73, 'keyword_mentioned': 'meme', 'message_length': 36}
2025-10-04 02:39:31 | INFO | {'message': 'I just shared recipe! It was boring.', 'author': 'Eve', 'timestamp': '2025-10-04 02:39:31', 'category': 'food', 'sentiment': 0.09, 'keyword_mentioned': 'recipe', 'message_length': 36}
2025-10-04 02:39:39 | INFO | {'message': 'I just shared an app! It was exciting.', 'author': 'Alice', 'timestamp': '2025-10-04 02:39:39', 'category': 'other', 'sentiment': 0.26, 'keyword_mentioned': 'other', 'message_length': 38}
2025-10-04 02:39:44 | INFO | {'message': 'I just saw recipe! It was weird.', 'author': 'Eve', 'timestamp': '2025-10-04 02:39:44', 'category': 'food', 'sentiment': 0.08, 'keyword_mentioned': 'recipe', 'message_length': 32}
2025-10-04 02:39:49 | INFO | {'message': 'I just found travel! It was funny.', 'author': 'Charlie', 'timestamp': '2025-10-04 02:39:49', 'category': 'travel', 'sentiment': 0.14, 'keyword_mentioned': 'travel', 'message_length': 34}
2025-10-04 02:39:54 | INFO | {'message': 'I just found travel! It was boring.', 'author': 'Charlie', 'timestamp': '2025-10-04 02:39:54', 'category': 'travel', 'sentiment': 0.25, 'keyword_mentioned': 'travel', 'message_length': 35}
2025-10-04 02:39:59 | INFO | {'message': 'I just tried a movie! It was boring.', 'author': 'Bob', 'timestamp': '2025-10-04 02:39:59', 'category': 'entertainment', 'sentiment': 0.44, 'keyword_mentioned': 'movie', 'message_length': 36}
2025-10-04 02:40:04 | INFO | {'message': 'I just shared JavaScript! It was amazing.', 'author': 'Bob', 'timestamp': '2025-10-04 02:40:04', 'category': 'tech', 'sentiment': 0.44, 'keyword_mentioned': 'JavaScript', 'message_length': 41}
2025-10-04 02:40:09 | INFO | {'message': 'I just saw travel! It was boring.', 'author': 'Alice', 'timestamp': '2025-10-04 02:40:09', 'category': 'travel', 'sentiment': 0.33, 'keyword_mentioned': 'travel', 'message_length': 33}
2025-10-04 02:40:16 | INFO | {'message': 'I just shared a story! It was funny.', 'author': 'Charlie', 'timestamp': '2025-10-04 02:40:16', 'category': 'other', 'sentiment': 0.89, 'keyword_mentioned': 'other', 'message_length': 36}
2025-10-04 02:40:21 | INFO | {'message': 'I just saw an app! It was exciting.', 'author': 'Eve', 'timestamp': '2025-10-04 02:40:21', 'category': 'other', 'sentiment': 0.82, 'keyword_mentioned': 'other', 'message_length': 35}
2025-10-04 02:40:26 | INFO | {'message': 'I just tried JavaScript! It was boring.', 'author': 'Charlie', 'timestamp': '2025-10-04 02:40:26', 'category': 'tech', 'sentiment': 0.03, 'keyword_mentioned': 'JavaScript', 'message_length': 39}
2025-10-04 02:40:31 | INFO | {'message': 'I just loved an app! It was weird.', 'author': 'Charlie', 'timestamp': '2025-10-04 02:40:31', 'category': 'other', 'sentiment': 0.67, 'keyword_mentioned': 'other', 'message_length': 34}
2025-10-04 02:40:36 | INFO | {'message': 'I just loved an app! It was funny.', 'author': 'Alice', 'timestamp': '2025-10-04 02:40:36', 'category': 'other', 'sentiment': 0.41, 'keyword_mentioned': 'other', 'message_length': 34}
2025-10-04 02:40:41 | INFO | {'message': 'I just tried game! It was weird.', 'author': 'Alice', 'timestamp': '2025-10-04 02:40:41', 'category': 'gaming', 'sentiment': 0.63, 'keyword_mentioned': 'game', 'message_length': 32}
2025-10-04 02:40:49 | INFO | {'message': 'I just found JavaScript! It was amazing.', 'author': 'Alice', 'timestamp': '2025-10-04 02:40:49', 'category': 'tech', 'sentiment': 0.78, 'keyword_mentioned': 'JavaScript', 'message_length': 40}
2025-10-04 02:40:54 | INFO | {'message': 'I just tried game! It was amazing.', 'author': 'Bob', 'timestamp': '2025-10-04 02:40:54', 'category': 'gaming', 'sentiment': 0.49, 'keyword_mentioned': 'game', 'message_length': 34}
2025-10-04 02:40:59 | INFO | {'message': 'I just found travel! It was amazing.', 'author': 'Eve', 'timestamp': '2025-10-04 02:40:59', 'category': 'travel', 'sentiment': 0.11, 'keyword_mentioned': 'travel', 'message_length': 36}
2025-10-04 02:41:04 | INFO | {'message': 'I just loved Python! It was amazing.', 'author': 'Eve', 'timestamp': '2025-10-04 02:41:04', 'category': 'tech', 'sentiment': 0.15, 'keyword_mentioned': 'Python', 'message_length': 36}
2025-10-04 02:41:09 | INFO | {'message': 'I just saw a trick! It was boring.', 'author': 'Alice', 'timestamp': '2025-10-04 02:41:09', 'category': 'other', 'sentiment': 0.18, 'keyword_mentioned': 'other', 'message_length': 34}
2025-10-04 02:41:14 | INFO | {'message': 'I just shared travel! It was amazing.', 'author': 'Bob', 'timestamp': '2025-10-04 02:41:14', 'category': 'travel', 'sentiment': 0.3, 'keyword_mentioned': 'travel', 'message_length': 37}
2025-10-04 02:41:21 | INFO | {'message': 'I just shared JavaScript! It was funny.', 'author': 'Eve', 'timestamp': '2025-10-04 02:41:21', 'category': 'tech', 'sentiment': 0.6, 'keyword_mentioned': 'JavaScript', 'message_length': 39}
2025-10-04 02:41:26 | INFO | {'message': 'I just shared an app! It was exciting.', 'author': 'Alice', 'timestamp': '2025-10-04 02:41:26', 'category': 'other', 'sentiment': 0.28, 'keyword_mentioned': 'other', 'message_length': 38}
2025-10-04 02:41:31 | INFO | {'message': 'I just loved travel! It was funny.', 'author': 'Bob', 'timestamp': '2025-10-04 02:41:31', 'category': 'travel', 'sentiment': 0.76, 'keyword_mentioned': 'travel', 'message_length': 34}
2025-10-04 02:41:36 | INFO | {'message': 'I just loved a meme! It was amazing.', 'author': 'Bob', 'timestamp': '2025-10-04 02:41:36', 'category': 'humor', 'sentiment': 0.4, 'keyword_mentioned': 'meme', 'message_length': 36}
2025-10-04 02:41:41 | INFO | {'message': 'I just tried a movie! It was weird.', 'author': 'Charlie', 'timestamp': '2025-10-04 02:41:41', 'category': 'entertainment', 'sentiment': 0.16, 'keyword_mentioned': 'movie', 'message_length': 35}
2025-10-04 02:41:46 | INFO | {'message': 'I just shared a story! It was weird.', 'author': 'Alice', 'timestamp': '2025-10-04 02:41:46', 'category': 'other', 'sentiment': 0.94, 'keyword_mentioned': 'other', 'message_length': 36}
2025-10-04 02:41:51 | INFO | {'message': 'I just saw Python! It was boring.', 'author': 'Charlie', 'timestamp': '2025-10-04 02:41:51', 'category': 'tech', 'sentiment': 0.73, 'keyword_mentioned': 'Python', 'message_length': 33}
2025-10-04 02:41:59 | INFO | {'message': 'I just shared recipe! It was boring.', 'author': 'Eve', 'timestamp': '2025-10-04 02:41:59', 'category': 'food', 'sentiment': 0.83, 'keyword_mentioned': 'recipe', 'message_length': 36}
2025-10-04 02:42:04 | INFO | {'message': 'I just shared recipe! It was amazing.', 'author': 'Alice', 'timestamp': '2025-10-04 02:42:04', 'category': 'food', 'sentiment': 0.12, 'keyword_mentioned': 'recipe', 'message_length': 37}
2025-10-04 02:42:09 | INFO | {'message': 'I just shared a story! It was funny.', 'author': 'Alice', 'timestamp': '2025-10-04 02:42:09', 'category': 'other', 'sentiment': 0.99, 'keyword_mentioned': 'other', 'message_length': 36}
2025-10-04 02:42:14 | INFO | {'message': 'I just saw JavaScript! It was weird.', 'author': 'Bob', 'timestamp': '2025-10-04 02:42:14', 'category': 'tech', 'sentiment': 0.06, 'keyword_mentioned': 'JavaScript', 'message_length': 36}
2025-10-04 02:42:19 | INFO | {'message': 'I just found Python! It was weird.', 'author': 'Alice', 'timestamp': '2025-10-04 02:42:19', 'category': 'tech', 'sentiment': 0.28, 'keyword_mentioned': 'Python', 'message_length': 34}
2025-10-04 02:42:24 | INFO | {'message': 'I just tried travel! It was amazing.', 'author': 'Alice', 'timestamp': '2025-10-04 02:42:24', 'category': 'travel', 'sentiment': 0.96, 'keyword_mentioned': 'travel', 'message_length': 36}
2025-10-04 02:42:31 | INFO | {'message': 'I just found JavaScript! It was boring.', 'author': 'Charlie', 'timestamp': '2025-10-04 02:42:31', 'category': 'tech', 'sentiment': 0.57, 'keyword_mentioned': 'JavaScript', 'message_length': 39}
2025-10-04 02:42:36 | INFO | {'message': 'I just shared an app! It was boring.', 'author': 'Charlie', 'timestamp': '2025-10-04 02:42:36', 'category': 'other', 'sentiment': 0.17, 'keyword_mentioned': 'other', 'message_length': 36}
2025-10-04 02:42:41 | INFO | {'message': 'I just tried a story! It was amazing.', 'author': 'Alice', 'timestamp': '2025-10-04 02:42:41', 'category': 'other', 'sentiment': 0.35, 'keyword_mentioned': 'other', 'message_length': 37}
2025-10-04 02:42:46 | INFO | {'message': 'I just loved a trick! It was weird.', 'author': 'Bob', 'timestamp': '2025-10-04 02:42:46', 'category': 'other', 'sentiment': 0.67, 'keyword_mentioned': 'other', 'message_length': 35}
2025-10-04 02:42:51 | INFO | {'message': 'I just found JavaScript! It was weird.', 'author': 'Charlie', 'timestamp': '2025-10-04 02:42:51', 'category': 'tech', 'sentiment': 0.44, 'keyword_mentioned': 'JavaScript', 'message_length': 38}
2025-10-04 02:42:56 | INFO | {'message': 'I just loved game! It was weird.', 'author': 'Alice', 'timestamp': '2025-10-04 02:42:56', 'category': 'gaming', 'sentiment': 0.31, 'keyword_mentioned': 'game', 'message_length': 32}
