2025-10-03 23:31:26 | INFO | {'message': 'I just shared travel! It was funny.', 'author': 'Eve', 'timestamp': '2025-10-03 23:31:26', 'category': 'travel', 'sentiment': 0.4, 'keyword_mentioned': 'travel', 'message_length': 35}
2025-10-03 23:31:31 | INFO | {'message': 'I just found JavaScript! It was weird.', 'author': 'Bob', 'timestamp': '2025-10-03 23:31:31', 'category': 'tech', 'sentiment': 0.53, 'keyword_mentioned': 'JavaScript', 'message_length': 38}
2025-10-03 23:31:36 | INFO | {'message': 'I just saw Python! It was exciting.', 'author': 'Alice', 'timestamp': '2025-10-03 23:31:36', 'category': 'tech', 'sentiment': 0.52, 'keyword_mentioned': 'Python', 'message_length': 35}
2025-10-03 23:31:41 | INFO | {'message': 'I just saw JavaScript! It was funny.', 'author': 'Eve', 'timestamp': '2025-10-03 23:31:41', 'category': 'tech', 'sentiment': 0.84, 'keyword_mentioned': 'JavaScript', 'message_length': 36}
2025-10-03 23:31:46 | INFO | {'message': 'I just tried travel! It was weird.', 'author': 'Bob', 'timestamp': '2025-10-03 23:31:46', 'category': 'travel', 'sentiment': 0.09, 'keyword_mentioned': 'travel', 'message_length': 34}
2025-10-03 23:31:51 | INFO | {'message': 'I just shared an app! It was amazing.', 'author': 'Bob', 'timestamp': '2025-10-03 23:31:51', 'category': 'other', 'sentiment': 0.66, 'keyword_mentioned': 'other', 'message_length': 37}
2025-10-03 23:31:58 | INFO | {'message': 'I just loved game! It was amazing.', 'author': 'Alice', 'timestamp': '2025-10-03 23:31:58', 'category': 'gaming', 'sentiment': 0.42, 'keyword_mentioned': 'game', 'message_length': 34}
2025-10-03 23:32:03 | INFO | {'message': 'I just found an app! It was exciting.', 'author': 'Alice', 'timestamp': '2025-10-03 23:32:03', 'category': 'other', 'sentiment': 0.04, 'keyword_mentioned': 'other', 'message_length': 37}
2025-10-03 23:32:08 | INFO | {'message': 'I just shared a meme! It was weird.', 'author': 'Eve', 'timestamp': '2025-10-03 23:32:08', 'category': 'humor', 'sentiment': 0.1, 'keyword_mentioned': 'meme', 'message_length': 35}
2025-10-03 23:32:13 | INFO | {'message': 'I just saw a trick! It was exciting.', 'author': 'Bob', 'timestamp': '2025-10-03 23:32:13', 'category': 'other', 'sentiment': 0.02, 'keyword_mentioned': 'other', 'message_length': 36}
2025-10-03 23:32:18 | INFO | {'message': 'I just shared JavaScript! It was funny.', 'author': 'Bob', 'timestamp': '2025-10-03 23:32:18', 'category': 'tech', 'sentiment': 0.39, 'keyword_mentioned': 'JavaScript', 'message_length': 39}
2025-10-03 23:32:23 | INFO | {'message': 'I just found a trick! It was amazing.', 'author': 'Charlie', 'timestamp': '2025-10-03 23:32:23', 'category': 'other', 'sentiment': 0.78, 'keyword_mentioned': 'other', 'message_length': 37}
2025-10-03 23:32:31 | INFO | {'message': 'I just shared JavaScript! It was funny.', 'author': 'Charlie', 'timestamp': '2025-10-03 23:32:31', 'category': 'tech', 'sentiment': 0.9, 'keyword_mentioned': 'JavaScript', 'message_length': 39}
2025-10-03 23:32:36 | INFO | {'message': 'I just saw a movie! It was funny.', 'author': 'Charlie', 'timestamp': '2025-10-03 23:32:36', 'category': 'entertainment', 'sentiment': 0.42, 'keyword_mentioned': 'movie', 'message_length': 33}
2025-10-03 23:32:41 | INFO | {'message': 'I just loved Python! It was weird.', 'author': 'Bob', 'timestamp': '2025-10-03 23:32:41', 'category': 'tech', 'sentiment': 0.72, 'keyword_mentioned': 'Python', 'message_length': 34}
2025-10-03 23:32:46 | INFO | {'message': 'I just tried a story! It was boring.', 'author': 'Charlie', 'timestamp': '2025-10-03 23:32:46', 'category': 'other', 'sentiment': 0.19, 'keyword_mentioned': 'other', 'message_length': 36}
2025-10-03 23:32:51 | INFO | {'message': 'I just found game! It was amazing.', 'author': 'Eve', 'timestamp': '2025-10-03 23:32:51', 'category': 'gaming', 'sentiment': 0.91, 'keyword_mentioned': 'game', 'message_length': 34}
2025-10-03 23:32:56 | INFO | {'message': 'I just found an app! It was weird.', 'author': 'Charlie', 'timestamp': '2025-10-03 23:32:56', 'category': 'other', 'sentiment': 0.06, 'keyword_mentioned': 'other', 'message_length': 34}
2025-10-03 23:33:04 | INFO | {'message': 'I just tried a trick! It was exciting.', 'author': 'Eve', 'timestamp': '2025-10-03 23:33:04', 'category': 'other', 'sentiment': 0.5, 'keyword_mentioned': 'other', 'message_length': 38}
2025-10-03 23:33:09 | INFO | {'message': 'I just loved game! It was exciting.', 'author': 'Bob', 'timestamp': '2025-10-03 23:33:09', 'category': 'gaming', 'sentiment': 0.07, 'keyword_mentioned': 'game', 'message_length': 35}
2025-10-03 23:33:14 | INFO | {'message': 'I just shared a meme! It was funny.', 'author': 'Alice', 'timestamp': '2025-10-03 23:33:14', 'category': 'humor', 'sentiment': 0.94, 'keyword_mentioned': 'meme', 'message_length': 35}
2025-10-03 23:33:19 | INFO | {'message': 'I just tried a trick! It was exciting.', 'author': 'Bob', 'timestamp': '2025-10-03 23:33:19', 'category': 'other', 'sentiment': 0.34, 'keyword_mentioned': 'other', 'message_length': 38}
2025-10-03 23:33:24 | INFO | {'message': 'I just saw Python! It was weird.', 'author': 'Charlie', 'timestamp': '2025-10-03 23:33:24', 'category': 'tech', 'sentiment': 0.57, 'keyword_mentioned': 'Python', 'message_length': 32}
2025-10-03 23:33:29 | INFO | {'message': 'I just shared game! It was funny.', 'author': 'Charlie', 'timestamp': '2025-10-03 23:33:29', 'category': 'gaming', 'sentiment': 0.53, 'keyword_mentioned': 'game', 'message_length': 33}
2025-10-03 23:33:34 | INFO | {'message': 'I just saw a trick! It was exciting.', 'author': 'Bob', 'timestamp': '2025-10-03 23:33:34', 'category': 'other', 'sentiment': 0.53, 'keyword_mentioned': 'other', 'message_length': 36}
2025-10-03 23:33:42 | INFO | {'message': 'I just found travel! It was boring.', 'author': 'Alice', 'timestamp': '2025-10-03 23:33:42', 'category': 'travel', 'sentiment': 0.54, 'keyword_mentioned': 'travel', 'message_length': 35}
2025-10-03 23:33:47 | INFO | {'message': 'I just loved a movie! It was amazing.', 'author': 'Eve', 'timestamp': '2025-10-03 23:33:47', 'category': 'entertainment', 'sentiment': 0.37, 'keyword_mentioned': 'movie', 'message_length': 37}
2025-10-03 23:33:52 | INFO | {'message': 'I just loved Python! It was amazing.', 'author': 'Alice', 'timestamp': '2025-10-03 23:33:52', 'category': 'tech', 'sentiment': 0.59, 'keyword_mentioned': 'Python', 'message_length': 36}
2025-10-03 23:33:57 | INFO | {'message': 'I just tried travel! It was exciting.', 'author': 'Bob', 'timestamp': '2025-10-03 23:33:57', 'category': 'travel', 'sentiment': 0.27, 'keyword_mentioned': 'travel', 'message_length': 37}
2025-10-03 23:34:02 | INFO | {'message': 'I just shared an app! It was boring.', 'author': 'Bob', 'timestamp': '2025-10-03 23:34:02', 'category': 'other', 'sentiment': 0.72, 'keyword_mentioned': 'other', 'message_length': 36}
2025-10-03 23:34:07 | INFO | {'message': 'I just shared JavaScript! It was funny.', 'author': 'Alice', 'timestamp': '2025-10-03 23:34:07', 'category': 'tech', 'sentiment': 0.95, 'keyword_mentioned': 'JavaScript', 'message_length': 39}
2025-10-03 23:34:15 | INFO | {'message': 'I just saw recipe! It was amazing.', 'author': 'Charlie', 'timestamp': '2025-10-03 23:34:15', 'category': 'food', 'sentiment': 0.75, 'keyword_mentioned': 'recipe', 'message_length': 34}
2025-10-03 23:34:20 | INFO | {'message': 'I just tried Python! It was exciting.', 'author': 'Bob', 'timestamp': '2025-10-03 23:34:20', 'category': 'tech', 'sentiment': 0.84, 'keyword_mentioned': 'Python', 'message_length': 37}
2025-10-03 23:34:25 | INFO | {'message': 'I just shared Python! It was weird.', 'author': 'Alice', 'timestamp': '2025-10-03 23:34:25', 'category': 'tech', 'sentiment': 0.69, 'keyword_mentioned': 'Python', 'message_length': 35}
2025-10-03 23:34:30 | INFO | {'message': 'I just shared a movie! It was amazing.', 'author': 'Eve', 'timestamp': '2025-10-03 23:34:30', 'category': 'entertainment', 'sentiment': 0.31, 'keyword_mentioned': 'movie', 'message_length': 38}
2025-10-03 23:34:35 | INFO | {'message': 'I just found JavaScript! It was exciting.', 'author': 'Bob', 'timestamp': '2025-10-03 23:34:35', 'category': 'tech', 'sentiment': 0.47, 'keyword_mentioned': 'JavaScript', 'message_length': 41}
2025-10-03 23:34:40 | INFO | {'message': 'I just shared a movie! It was boring.', 'author': 'Eve', 'timestamp': '2025-10-03 23:34:40', 'category': 'entertainment', 'sentiment': 0.45, 'keyword_mentioned': 'movie', 'message_length': 37}
2025-10-03 23:34:45 | INFO | {'message': 'I just shared game! It was exciting.', 'author': 'Alice', 'timestamp': '2025-10-03 23:34:45', 'category': 'gaming', 'sentiment': 0.59, 'keyword_mentioned': 'game', 'message_length': 36}
2025-10-03 23:34:52 | INFO | {'message': 'I just tried JavaScript! It was amazing.', 'author': 'Eve', 'timestamp': '2025-10-03 23:34:52', 'category': 'tech', 'sentiment': 0.66, 'keyword_mentioned': 'JavaScript', 'message_length': 40}
2025-10-03 23:34:57 | INFO | {'message': 'I just shared a trick! It was funny.', 'author': 'Charlie', 'timestamp': '2025-10-03 23:34:57', 'category': 'other', 'sentiment': 0.59, 'keyword_mentioned': 'other', 'message_length': 36}
2025-10-03 23:35:02 | INFO | {'message': 'I just saw travel! It was funny.', 'author': 'Bob', 'timestamp': '2025-10-03 23:35:02', 'category': 'travel', 'sentiment': 0.52, 'keyword_mentioned': 'travel', 'message_length': 32}
2025-10-03 23:35:07 | INFO | {'message': 'I just saw travel! It was weird.', 'author': 'Charlie', 'timestamp': '2025-10-03 23:35:07', 'category': 'travel', 'sentiment': 0.57, 'keyword_mentioned': 'travel', 'message_length': 32}
2025-10-03 23:35:12 | INFO | {'message': 'I just loved travel! It was boring.', 'author': 'Alice', 'timestamp': '2025-10-03 23:35:12', 'category': 'travel', 'sentiment': 0.53, 'keyword_mentioned': 'travel', 'message_length': 35}
2025-10-03 23:35:17 | INFO | {'message': 'I just tried a movie! It was amazing.', 'author': 'Charlie', 'timestamp': '2025-10-03 23:35:17', 'category': 'entertainment', 'sentiment': 0.42, 'keyword_mentioned': 'movie', 'message_length': 37}
2025-10-03 23:35:25 | INFO | {'message': 'I just loved a meme! It was weird.', 'author': 'Bob', 'timestamp': '2025-10-03 23:35:25', 'category': 'humor', 'sentiment': 0.29, 'keyword_mentioned': 'meme', 'message_length': 34}
2025-10-03 23:35:30 | INFO | {'message': 'I just found JavaScript! It was weird.', 'author': 'Bob', 'timestamp': '2025-10-03 23:35:30', 'category': 'tech', 'sentiment': 0.21, 'keyword_mentioned': 'JavaScript', 'message_length': 38}
2025-10-03 23:35:35 | INFO | {'message': 'I just tried a meme! It was weird.', 'author': 'Alice', 'timestamp': '2025-10-03 23:35:35', 'category': 'humor', 'sentiment': 0.53, 'keyword_mentioned': 'meme', 'message_length': 34}
2025-10-03 23:35:40 | INFO | {'message': 'I just tried Python! It was boring.', 'author': 'Alice', 'timestamp': '2025-10-03 23:35:40', 'category': 'tech', 'sentiment': 0.16, 'keyword_mentioned': 'Python', 'message_length': 35}
2025-10-03 23:35:45 | INFO | {'message': 'I just tried JavaScript! It was weird.', 'author': 'Charlie', 'timestamp': '2025-10-03 23:35:45', 'category': 'tech', 'sentiment': 0.1, 'keyword_mentioned': 'JavaScript', 'message_length': 38}
2025-10-03 23:35:50 | INFO | {'message': 'I just tried a movie! It was boring.', 'author': 'Bob', 'timestamp': '2025-10-03 23:35:50', 'category': 'entertainment', 'sentiment': 0.51, 'keyword_mentioned': 'movie', 'message_length': 36}
2025-10-03 23:35:55 | INFO | {'message': 'I just saw a story! It was weird.', 'author': 'Charlie', 'timestamp': '2025-10-03 23:35:55', 'category': 'other', 'sentiment': 0.87, 'keyword_mentioned': 'other', 'message_length': 33}
2025-10-03 23:36:03 | INFO | {'message': 'I just loved JavaScript! It was boring.', 'author': 'Alice', 'timestamp': '2025-10-03 23:36:03', 'category': 'tech', 'sentiment': 0.36, 'keyword_mentioned': 'JavaScript', 'message_length': 39}
2025-10-03 23:36:08 | INFO | {'message': 'I just shared a story! It was funny.', 'author': 'Alice', 'timestamp': '2025-10-03 23:36:08', 'category': 'other', 'sentiment': 0.79, 'keyword_mentioned': 'other', 'message_length': 36}
2025-10-03 23:36:13 | INFO | {'message': 'I just shared a movie! It was funny.', 'author': 'Bob', 'timestamp': '2025-10-03 23:36:13', 'category': 'entertainment', 'sentiment': 0.87, 'keyword_mentioned': 'movie', 'message_length': 36}
2025-10-03 23:36:18 | INFO | {'message': 'I just tried Python! It was weird.', 'author': 'Eve', 'timestamp': '2025-10-03 23:36:18', 'category': 'tech', 'sentiment': 0.57, 'keyword_mentioned': 'Python', 'message_length': 34}
2025-10-03 23:36:23 | INFO | {'message': 'I just loved a movie! It was boring.', 'author': 'Bob', 'timestamp': '2025-10-03 23:36:23', 'category': 'entertainment', 'sentiment': 1.0, 'keyword_mentioned': 'movie', 'message_length': 36}
2025-10-03 23:36:28 | INFO | {'message': 'I just found Python! It was amazing.', 'author': 'Bob', 'timestamp': '2025-10-03 23:36:28', 'category': 'tech', 'sentiment': 0.19, 'keyword_mentioned': 'Python', 'message_length': 36}
2025-10-03 23:36:36 | INFO | {'message': 'I just shared a trick! It was boring.', 'author': 'Bob', 'timestamp': '2025-10-03 23:36:36', 'category': 'other', 'sentiment': 0.0, 'keyword_mentioned': 'other', 'message_length': 37}
2025-10-03 23:36:41 | INFO | {'message': 'I just shared recipe! It was weird.', 'author': 'Charlie', 'timestamp': '2025-10-03 23:36:41', 'category': 'food', 'sentiment': 0.12, 'keyword_mentioned': 'recipe', 'message_length': 35}
2025-10-03 23:36:46 | INFO | {'message': 'I just loved a trick! It was exciting.', 'author': 'Eve', 'timestamp': '2025-10-03 23:36:46', 'category': 'other', 'sentiment': 0.21, 'keyword_mentioned': 'other', 'message_length': 38}
2025-10-03 23:36:51 | INFO | {'message': 'I just tried a movie! It was funny.', 'author': 'Alice', 'timestamp': '2025-10-03 23:36:51', 'category': 'entertainment', 'sentiment': 0.44, 'keyword_mentioned': 'movie', 'message_length': 35}
2025-10-03 23:36:56 | INFO | {'message': 'I just shared recipe! It was amazing.', 'author': 'Alice', 'timestamp': '2025-10-03 23:36:56', 'category': 'food', 'sentiment': 0.93, 'keyword_mentioned': 'recipe', 'message_length': 37}
2025-10-03 23:37:01 | INFO | {'message': 'I just saw a movie! It was amazing.', 'author': 'Bob', 'timestamp': '2025-10-03 23:37:01', 'category': 'entertainment', 'sentiment': 0.52, 'keyword_mentioned': 'movie', 'message_length': 35}
2025-10-03 23:37:06 | INFO | {'message': 'I just loved Python! It was weird.', 'author': 'Alice', 'timestamp': '2025-10-03 23:37:06', 'category': 'tech', 'sentiment': 0.03, 'keyword_mentioned': 'Python', 'message_length': 34}
2025-10-03 23:37:14 | INFO | {'message': 'I just saw a trick! It was funny.', 'author': 'Bob', 'timestamp': '2025-10-03 23:37:14', 'category': 'other', 'sentiment': 0.94, 'keyword_mentioned': 'other', 'message_length': 33}
2025-10-03 23:37:19 | INFO | {'message': 'I just found JavaScript! It was funny.', 'author': 'Alice', 'timestamp': '2025-10-03 23:37:19', 'category': 'tech', 'sentiment': 0.69, 'keyword_mentioned': 'JavaScript', 'message_length': 38}
2025-10-03 23:37:24 | INFO | {'message': 'I just shared a trick! It was amazing.', 'author': 'Bob', 'timestamp': '2025-10-03 23:37:24', 'category': 'other', 'sentiment': 0.61, 'keyword_mentioned': 'other', 'message_length': 38}
2025-10-03 23:37:29 | INFO | {'message': 'I just shared recipe! It was amazing.', 'author': 'Eve', 'timestamp': '2025-10-03 23:37:29', 'category': 'food', 'sentiment': 0.87, 'keyword_mentioned': 'recipe', 'message_length': 37}
2025-10-03 23:37:34 | INFO | {'message': 'I just shared Python! It was weird.', 'author': 'Eve', 'timestamp': '2025-10-03 23:37:34', 'category': 'tech', 'sentiment': 0.77, 'keyword_mentioned': 'Python', 'message_length': 35}
2025-10-03 23:37:39 | INFO | {'message': 'I just saw a story! It was funny.', 'author': 'Charlie', 'timestamp': '2025-10-03 23:37:39', 'category': 'other', 'sentiment': 0.16, 'keyword_mentioned': 'other', 'message_length': 33}
2025-10-03 23:37:47 | INFO | {'message': 'I just saw JavaScript! It was boring.', 'author': 'Alice', 'timestamp': '2025-10-03 23:37:47', 'category': 'tech', 'sentiment': 0.55, 'keyword_mentioned': 'JavaScript', 'message_length': 37}
2025-10-03 23:37:52 | INFO | {'message': 'I just found recipe! It was weird.', 'author': 'Eve', 'timestamp': '2025-10-03 23:37:52', 'category': 'food', 'sentiment': 0.97, 'keyword_mentioned': 'recipe', 'message_length': 34}
2025-10-03 23:37:57 | INFO | {'message': 'I just loved a story! It was boring.', 'author': 'Eve', 'timestamp': '2025-10-03 23:37:57', 'category': 'other', 'sentiment': 0.71, 'keyword_mentioned': 'other', 'message_length': 36}
2025-10-03 23:38:02 | INFO | {'message': 'I just loved an app! It was boring.', 'author': 'Charlie', 'timestamp': '2025-10-03 23:38:02', 'category': 'other', 'sentiment': 0.83, 'keyword_mentioned': 'other', 'message_length': 35}
2025-10-03 23:38:07 | INFO | {'message': 'I just found a trick! It was weird.', 'author': 'Bob', 'timestamp': '2025-10-03 23:38:07', 'category': 'other', 'sentiment': 0.65, 'keyword_mentioned': 'other', 'message_length': 35}
2025-10-03 23:38:12 | INFO | {'message': 'I just loved Python! It was funny.', 'author': 'Eve', 'timestamp': '2025-10-03 23:38:12', 'category': 'tech', 'sentiment': 0.08, 'keyword_mentioned': 'Python', 'message_length': 34}
2025-10-03 23:38:20 | INFO | {'message': 'I just found recipe! It was weird.', 'author': 'Bob', 'timestamp': '2025-10-03 23:38:20', 'category': 'food', 'sentiment': 0.57, 'keyword_mentioned': 'recipe', 'message_length': 34}
2025-10-03 23:38:25 | INFO | {'message': 'I just shared a movie! It was weird.', 'author': 'Alice', 'timestamp': '2025-10-03 23:38:25', 'category': 'entertainment', 'sentiment': 0.81, 'keyword_mentioned': 'movie', 'message_length': 36}
2025-10-03 23:38:30 | INFO | {'message': 'I just loved a trick! It was weird.', 'author': 'Eve', 'timestamp': '2025-10-03 23:38:30', 'category': 'other', 'sentiment': 0.48, 'keyword_mentioned': 'other', 'message_length': 35}
2025-10-03 23:38:35 | INFO | {'message': 'I just shared a trick! It was amazing.', 'author': 'Eve', 'timestamp': '2025-10-03 23:38:35', 'category': 'other', 'sentiment': 0.14, 'keyword_mentioned': 'other', 'message_length': 38}
2025-10-03 23:38:40 | INFO | {'message': 'I just found a trick! It was boring.', 'author': 'Alice', 'timestamp': '2025-10-03 23:38:40', 'category': 'other', 'sentiment': 0.86, 'keyword_mentioned': 'other', 'message_length': 36}
2025-10-03 23:38:45 | INFO | {'message': 'I just tried Python! It was amazing.', 'author': 'Charlie', 'timestamp': '2025-10-03 23:38:45', 'category': 'tech', 'sentiment': 0.87, 'keyword_mentioned': 'Python', 'message_length': 36}
2025-10-03 23:38:50 | INFO | {'message': 'I just tried game! It was funny.', 'author': 'Bob', 'timestamp': '2025-10-03 23:38:50', 'category': 'gaming', 'sentiment': 0.5, 'keyword_mentioned': 'game', 'message_length': 32}
2025-10-03 23:38:57 | INFO | {'message': 'I just shared JavaScript! It was exciting.', 'author': 'Bob', 'timestamp': '2025-10-03 23:38:57', 'category': 'tech', 'sentiment': 0.24, 'keyword_mentioned': 'JavaScript', 'message_length': 42}
2025-10-03 23:39:02 | INFO | {'message': 'I just shared Python! It was exciting.', 'author': 'Alice', 'timestamp': '2025-10-03 23:39:02', 'category': 'tech', 'sentiment': 0.09, 'keyword_mentioned': 'Python', 'message_length': 38}
2025-10-03 23:39:07 | INFO | {'message': 'I just tried a story! It was amazing.', 'author': 'Eve', 'timestamp': '2025-10-03 23:39:07', 'category': 'other', 'sentiment': 0.16, 'keyword_mentioned': 'other', 'message_length': 37}
2025-10-03 23:39:12 | INFO | {'message': 'I just loved Python! It was exciting.', 'author': 'Eve', 'timestamp': '2025-10-03 23:39:12', 'category': 'tech', 'sentiment': 0.39, 'keyword_mentioned': 'Python', 'message_length': 37}
2025-10-03 23:39:17 | INFO | {'message': 'I just loved a meme! It was amazing.', 'author': 'Eve', 'timestamp': '2025-10-03 23:39:17', 'category': 'humor', 'sentiment': 0.41, 'keyword_mentioned': 'meme', 'message_length': 36}
2025-10-03 23:39:22 | INFO | {'message': 'I just loved game! It was boring.', 'author': 'Alice', 'timestamp': '2025-10-03 23:39:22', 'category': 'gaming', 'sentiment': 0.93, 'keyword_mentioned': 'game', 'message_length': 33}
2025-10-03 23:39:30 | INFO | {'message': 'I just loved a movie! It was boring.', 'author': 'Alice', 'timestamp': '2025-10-03 23:39:30', 'category': 'entertainment', 'sentiment': 0.44, 'keyword_mentioned': 'movie', 'message_length': 36}
2025-10-03 23:39:35 | INFO | {'message': 'I just tried a movie! It was boring.', 'author': 'Bob', 'timestamp': '2025-10-03 23:39:35', 'category': 'entertainment', 'sentiment': 0.14, 'keyword_mentioned': 'movie', 'message_length': 36}
2025-10-03 23:39:40 | INFO | {'message': 'I just saw recipe! It was amazing.', 'author': 'Bob', 'timestamp': '2025-10-03 23:39:40', 'category': 'food', 'sentiment': 0.68, 'keyword_mentioned': 'recipe', 'message_length': 34}
2025-10-03 23:39:45 | INFO | {'message': 'I just found game! It was boring.', 'author': 'Charlie', 'timestamp': '2025-10-03 23:39:45', 'category': 'gaming', 'sentiment': 0.57, 'keyword_mentioned': 'game', 'message_length': 33}
2025-10-03 23:39:50 | INFO | {'message': 'I just tried a story! It was weird.', 'author': 'Eve', 'timestamp': '2025-10-03 23:39:50', 'category': 'other', 'sentiment': 0.14, 'keyword_mentioned': 'other', 'message_length': 35}
2025-10-03 23:39:55 | INFO | {'message': 'I just loved a movie! It was exciting.', 'author': 'Eve', 'timestamp': '2025-10-03 23:39:55', 'category': 'entertainment', 'sentiment': 0.94, 'keyword_mentioned': 'movie', 'message_length': 38}
2025-10-03 23:40:00 | INFO | {'message': 'I just loved an app! It was funny.', 'author': 'Bob', 'timestamp': '2025-10-03 23:40:00', 'category': 'other', 'sentiment': 0.08, 'keyword_mentioned': 'other', 'message_length': 34}
2025-10-03 23:40:08 | INFO | {'message': 'I just tried a trick! It was weird.', 'author': 'Bob', 'timestamp': '2025-10-03 23:40:08', 'category': 'other', 'sentiment': 0.84, 'keyword_mentioned': 'other', 'message_length': 35}
2025-10-03 23:40:13 | INFO | {'message': 'I just loved Python! It was weird.', 'author': 'Bob', 'timestamp': '2025-10-03 23:40:13', 'category': 'tech', 'sentiment': 0.23, 'keyword_mentioned': 'Python', 'message_length': 34}
2025-10-03 23:40:18 | INFO | {'message': 'I just loved Python! It was amazing.', 'author': 'Bob', 'timestamp': '2025-10-03 23:40:18', 'category': 'tech', 'sentiment': 0.69, 'keyword_mentioned': 'Python', 'message_length': 36}
2025-10-03 23:40:23 | INFO | {'message': 'I just tried JavaScript! It was funny.', 'author': 'Bob', 'timestamp': '2025-10-03 23:40:23', 'category': 'tech', 'sentiment': 0.26, 'keyword_mentioned': 'JavaScript', 'message_length': 38}
2025-10-03 23:40:28 | INFO | {'message': 'I just saw a meme! It was funny.', 'author': 'Charlie', 'timestamp': '2025-10-03 23:40:28', 'category': 'humor', 'sentiment': 0.42, 'keyword_mentioned': 'meme', 'message_length': 32}
2025-10-03 23:40:33 | INFO | {'message': 'I just loved a movie! It was boring.', 'author': 'Charlie', 'timestamp': '2025-10-03 23:40:33', 'category': 'entertainment', 'sentiment': 0.88, 'keyword_mentioned': 'movie', 'message_length': 36}
2025-10-03 23:40:41 | INFO | {'message': 'I just loved a meme! It was boring.', 'author': 'Eve', 'timestamp': '2025-10-03 23:40:41', 'category': 'humor', 'sentiment': 0.57, 'keyword_mentioned': 'meme', 'message_length': 35}
2025-10-03 23:40:46 | INFO | {'message': 'I just tried recipe! It was weird.', 'author': 'Eve', 'timestamp': '2025-10-03 23:40:46', 'category': 'food', 'sentiment': 0.63, 'keyword_mentioned': 'recipe', 'message_length': 34}
2025-10-03 23:40:51 | INFO | {'message': 'I just shared a movie! It was amazing.', 'author': 'Bob', 'timestamp': '2025-10-03 23:40:51', 'category': 'entertainment', 'sentiment': 0.42, 'keyword_mentioned': 'movie', 'message_length': 38}
2025-10-03 23:40:56 | INFO | {'message': 'I just found a trick! It was boring.', 'author': 'Bob', 'timestamp': '2025-10-03 23:40:56', 'category': 'other', 'sentiment': 0.55, 'keyword_mentioned': 'other', 'message_length': 36}
2025-10-03 23:41:01 | INFO | {'message': 'I just saw travel! It was funny.', 'author': 'Charlie', 'timestamp': '2025-10-03 23:41:01', 'category': 'travel', 'sentiment': 0.76, 'keyword_mentioned': 'travel', 'message_length': 32}
2025-10-03 23:41:06 | INFO | {'message': 'I just tried a story! It was exciting.', 'author': 'Bob', 'timestamp': '2025-10-03 23:41:06', 'category': 'other', 'sentiment': 1.0, 'keyword_mentioned': 'other', 'message_length': 38}
2025-10-03 23:41:11 | INFO | {'message': 'I just found game! It was exciting.', 'author': 'Eve', 'timestamp': '2025-10-03 23:41:11', 'category': 'gaming', 'sentiment': 0.85, 'keyword_mentioned': 'game', 'message_length': 35}
2025-10-03 23:41:19 | INFO | {'message': 'I just shared a movie! It was weird.', 'author': 'Bob', 'timestamp': '2025-10-03 23:41:19', 'category': 'entertainment', 'sentiment': 0.53, 'keyword_mentioned': 'movie', 'message_length': 36}
2025-10-03 23:41:24 | INFO | {'message': 'I just loved a story! It was amazing.', 'author': 'Bob', 'timestamp': '2025-10-03 23:41:24', 'category': 'other', 'sentiment': 0.67, 'keyword_mentioned': 'other', 'message_length': 37}
2025-10-03 23:41:29 | INFO | {'message': 'I just loved recipe! It was amazing.', 'author': 'Alice', 'timestamp': '2025-10-03 23:41:29', 'category': 'food', 'sentiment': 0.89, 'keyword_mentioned': 'recipe', 'message_length': 36}
2025-10-03 23:41:34 | INFO | {'message': 'I just saw JavaScript! It was amazing.', 'author': 'Bob', 'timestamp': '2025-10-03 23:41:34', 'category': 'tech', 'sentiment': 0.82, 'keyword_mentioned': 'JavaScript', 'message_length': 38}
2025-10-03 23:41:39 | INFO | {'message': 'I just found game! It was weird.', 'author': 'Alice', 'timestamp': '2025-10-03 23:41:39', 'category': 'gaming', 'sentiment': 0.67, 'keyword_mentioned': 'game', 'message_length': 32}
2025-10-03 23:41:44 | INFO | {'message': 'I just tried JavaScript! It was amazing.', 'author': 'Bob', 'timestamp': '2025-10-03 23:41:44', 'category': 'tech', 'sentiment': 0.31, 'keyword_mentioned': 'JavaScript', 'message_length': 40}
2025-10-03 23:41:52 | INFO | {'message': 'I just tried a story! It was funny.', 'author': 'Eve', 'timestamp': '2025-10-03 23:41:52', 'category': 'other', 'sentiment': 0.17, 'keyword_mentioned': 'other', 'message_length': 35}
2025-10-03 23:41:57 | INFO | {'message': 'I just loved a meme! It was amazing.', 'author': 'Alice', 'timestamp': '2025-10-03 23:41:57', 'category': 'humor', 'sentiment': 0.42, 'keyword_mentioned': 'meme', 'message_length': 36}
2025-10-03 23:42:02 | INFO | {'message': 'I just tried JavaScript! It was amazing.', 'author': 'Bob', 'timestamp': '2025-10-03 23:42:02', 'category': 'tech', 'sentiment': 0.04, 'keyword_mentioned': 'JavaScript', 'message_length': 40}
2025-10-03 23:42:07 | INFO | {'message': 'I just tried recipe! It was boring.', 'author': 'Alice', 'timestamp': '2025-10-03 23:42:07', 'category': 'food', 'sentiment': 0.58, 'keyword_mentioned': 'recipe', 'message_length': 35}
2025-10-03 23:42:12 | INFO | {'message': 'I just tried Python! It was funny.', 'author': 'Eve', 'timestamp': '2025-10-03 23:42:12', 'category': 'tech', 'sentiment': 0.34, 'keyword_mentioned': 'Python', 'message_length': 34}
2025-10-03 23:42:17 | INFO | {'message': 'I just shared a trick! It was exciting.', 'author': 'Charlie', 'timestamp': '2025-10-03 23:42:17', 'category': 'other', 'sentiment': 0.28, 'keyword_mentioned': 'other', 'message_length': 39}
2025-10-03 23:42:22 | INFO | {'message': 'I just tried a trick! It was weird.', 'author': 'Eve', 'timestamp': '2025-10-03 23:42:22', 'category': 'other', 'sentiment': 0.83, 'keyword_mentioned': 'other', 'message_length': 35}
2025-10-03 23:42:30 | INFO | {'message': 'I just tried game! It was weird.', 'author': 'Alice', 'timestamp': '2025-10-03 23:42:30', 'category': 'gaming', 'sentiment': 0.22, 'keyword_mentioned': 'game', 'message_length': 32}
2025-10-03 23:42:35 | INFO | {'message': 'I just saw an app! It was weird.', 'author': 'Alice', 'timestamp': '2025-10-03 23:42:35', 'category': 'other', 'sentiment': 0.87, 'keyword_mentioned': 'other', 'message_length': 32}
2025-10-03 23:42:40 | INFO | {'message': 'I just saw a trick! It was amazing.', 'author': 'Charlie', 'timestamp': '2025-10-03 23:42:40', 'category': 'other', 'sentiment': 0.09, 'keyword_mentioned': 'other', 'message_length': 35}
2025-10-03 23:42:45 | INFO | {'message': 'I just found a movie! It was funny.', 'author': 'Charlie', 'timestamp': '2025-10-03 23:42:45', 'category': 'entertainment', 'sentiment': 0.74, 'keyword_mentioned': 'movie', 'message_length': 35}
2025-10-03 23:42:50 | INFO | {'message': 'I just found a movie! It was weird.', 'author': 'Eve', 'timestamp': '2025-10-03 23:42:50', 'category': 'entertainment', 'sentiment': 0.4, 'keyword_mentioned': 'movie', 'message_length': 35}
2025-10-03 23:42:55 | INFO | {'message': 'I just found a movie! It was exciting.', 'author': 'Alice', 'timestamp': '2025-10-03 23:42:55', 'category': 'entertainment', 'sentiment': 0.97, 'keyword_mentioned': 'movie', 'message_length': 38}
2025-10-03 23:43:02 | INFO | {'message': 'I just loved Python! It was funny.', 'author': 'Alice', 'timestamp': '2025-10-03 23:43:02', 'category': 'tech', 'sentiment': 0.87, 'keyword_mentioned': 'Python', 'message_length': 34}
2025-10-03 23:43:07 | INFO | {'message': 'I just shared a movie! It was amazing.', 'author': 'Bob', 'timestamp': '2025-10-03 23:43:07', 'category': 'entertainment', 'sentiment': 0.43, 'keyword_mentioned': 'movie', 'message_length': 38}
2025-10-03 23:43:12 | INFO | {'message': 'I just saw game! It was funny.', 'author': 'Eve', 'timestamp': '2025-10-03 23:43:12', 'category': 'gaming', 'sentiment': 0.39, 'keyword_mentioned': 'game', 'message_length': 30}
2025-10-03 23:43:17 | INFO | {'message': 'I just loved recipe! It was boring.', 'author': 'Alice', 'timestamp': '2025-10-03 23:43:17', 'category': 'food', 'sentiment': 0.61, 'keyword_mentioned': 'recipe', 'message_length': 35}
2025-10-03 23:43:22 | INFO | {'message': 'I just saw game! It was exciting.', 'author': 'Eve', 'timestamp': '2025-10-03 23:43:22', 'category': 'gaming', 'sentiment': 0.19, 'keyword_mentioned': 'game', 'message_length': 33}
2025-10-03 23:43:27 | INFO | {'message': 'I just loved recipe! It was amazing.', 'author': 'Charlie', 'timestamp': '2025-10-03 23:43:27', 'category': 'food', 'sentiment': 0.5, 'keyword_mentioned': 'recipe', 'message_length': 36}
2025-10-03 23:43:32 | INFO | {'message': 'I just tried Python! It was weird.', 'author': 'Charlie', 'timestamp': '2025-10-03 23:43:32', 'category': 'tech', 'sentiment': 0.69, 'keyword_mentioned': 'Python', 'message_length': 34}
2025-10-03 23:43:40 | INFO | {'message': 'I just found a movie! It was exciting.', 'author': 'Eve', 'timestamp': '2025-10-03 23:43:40', 'category': 'entertainment', 'sentiment': 0.11, 'keyword_mentioned': 'movie', 'message_length': 38}
2025-10-03 23:43:45 | INFO | {'message': 'I just found a movie! It was amazing.', 'author': 'Bob', 'timestamp': '2025-10-03 23:43:45', 'category': 'entertainment', 'sentiment': 0.27, 'keyword_mentioned': 'movie', 'message_length': 37}
2025-10-03 23:43:50 | INFO | {'message': 'I just saw Python! It was exciting.', 'author': 'Eve', 'timestamp': '2025-10-03 23:43:50', 'category': 'tech', 'sentiment': 0.11, 'keyword_mentioned': 'Python', 'message_length': 35}
2025-10-03 23:43:55 | INFO | {'message': 'I just shared a trick! It was exciting.', 'author': 'Alice', 'timestamp': '2025-10-03 23:43:55', 'category': 'other', 'sentiment': 0.22, 'keyword_mentioned': 'other', 'message_length': 39}
2025-10-03 23:44:00 | INFO | {'message': 'I just shared travel! It was amazing.', 'author': 'Charlie', 'timestamp': '2025-10-03 23:44:00', 'category': 'travel', 'sentiment': 0.63, 'keyword_mentioned': 'travel', 'message_length': 37}
2025-10-03 23:44:05 | INFO | {'message': 'I just shared an app! It was exciting.', 'author': 'Bob', 'timestamp': '2025-10-03 23:44:05', 'category': 'other', 'sentiment': 0.29, 'keyword_mentioned': 'other', 'message_length': 38}
2025-10-03 23:44:12 | INFO | {'message': 'I just loved recipe! It was boring.', 'author': 'Charlie', 'timestamp': '2025-10-03 23:44:12', 'category': 'food', 'sentiment': 0.28, 'keyword_mentioned': 'recipe', 'message_length': 35}
2025-10-03 23:44:17 | INFO | {'message': 'I just saw a trick! It was weird.', 'author': 'Alice', 'timestamp': '2025-10-03 23:44:17', 'category': 'other', 'sentiment': 0.6, 'keyword_mentioned': 'other', 'message_length': 33}
2025-10-03 23:44:22 | INFO | {'message': 'I just saw a meme! It was exciting.', 'author': 'Bob', 'timestamp': '2025-10-03 23:44:22', 'category': 'humor', 'sentiment': 0.1, 'keyword_mentioned': 'meme', 'message_length': 35}
2025-10-03 23:44:27 | INFO | {'message': 'I just shared a meme! It was exciting.', 'author': 'Bob', 'timestamp': '2025-10-03 23:44:27', 'category': 'humor', 'sentiment': 0.69, 'keyword_mentioned': 'meme', 'message_length': 38}
2025-10-03 23:44:32 | INFO | {'message': 'I just saw game! It was amazing.', 'author': 'Alice', 'timestamp': '2025-10-03 23:44:32', 'category': 'gaming', 'sentiment': 0.51, 'keyword_mentioned': 'game', 'message_length': 32}
2025-10-03 23:44:37 | INFO | {'message': 'I just saw a trick! It was exciting.', 'author': 'Bob', 'timestamp': '2025-10-03 23:44:37', 'category': 'other', 'sentiment': 0.12, 'keyword_mentioned': 'other', 'message_length': 36}
2025-10-03 23:44:45 | INFO | {'message': 'I just saw a meme! It was weird.', 'author': 'Bob', 'timestamp': '2025-10-03 23:44:45', 'category': 'humor', 'sentiment': 0.44, 'keyword_mentioned': 'meme', 'message_length': 32}
2025-10-03 23:44:50 | INFO | {'message': 'I just shared JavaScript! It was weird.', 'author': 'Alice', 'timestamp': '2025-10-03 23:44:50', 'category': 'tech', 'sentiment': 0.32, 'keyword_mentioned': 'JavaScript', 'message_length': 39}
2025-10-03 23:44:55 | INFO | {'message': 'I just loved recipe! It was exciting.', 'author': 'Eve', 'timestamp': '2025-10-03 23:44:55', 'category': 'food', 'sentiment': 0.0, 'keyword_mentioned': 'recipe', 'message_length': 37}
2025-10-03 23:45:00 | INFO | {'message': 'I just found Python! It was funny.', 'author': 'Eve', 'timestamp': '2025-10-03 23:45:00', 'category': 'tech', 'sentiment': 0.06, 'keyword_mentioned': 'Python', 'message_length': 34}
2025-10-03 23:45:05 | INFO | {'message': 'I just found an app! It was amazing.', 'author': 'Eve', 'timestamp': '2025-10-03 23:45:05', 'category': 'other', 'sentiment': 0.14, 'keyword_mentioned': 'other', 'message_length': 36}
2025-10-03 23:45:10 | INFO | {'message': 'I just saw travel! It was amazing.', 'author': 'Alice', 'timestamp': '2025-10-03 23:45:10', 'category': 'travel', 'sentiment': 0.42, 'keyword_mentioned': 'travel', 'message_length': 34}
2025-10-03 23:45:15 | INFO | {'message': 'I just shared a movie! It was boring.', 'author': 'Bob', 'timestamp': '2025-10-03 23:45:15', 'category': 'entertainment', 'sentiment': 0.31, 'keyword_mentioned': 'movie', 'message_length': 37}
2025-10-03 23:45:22 | INFO | {'message': 'I just shared recipe! It was amazing.', 'author': 'Eve', 'timestamp': '2025-10-03 23:45:22', 'category': 'food', 'sentiment': 0.71, 'keyword_mentioned': 'recipe', 'message_length': 37}
2025-10-03 23:45:27 | INFO | {'message': 'I just saw JavaScript! It was funny.', 'author': 'Eve', 'timestamp': '2025-10-03 23:45:27', 'category': 'tech', 'sentiment': 0.0, 'keyword_mentioned': 'JavaScript', 'message_length': 36}
2025-10-03 23:45:32 | INFO | {'message': 'I just loved a movie! It was funny.', 'author': 'Charlie', 'timestamp': '2025-10-03 23:45:32', 'category': 'entertainment', 'sentiment': 0.13, 'keyword_mentioned': 'movie', 'message_length': 35}
2025-10-03 23:45:37 | INFO | {'message': 'I just tried travel! It was funny.', 'author': 'Alice', 'timestamp': '2025-10-03 23:45:37', 'category': 'travel', 'sentiment': 0.1, 'keyword_mentioned': 'travel', 'message_length': 34}
2025-10-03 23:45:42 | INFO | {'message': 'I just shared a movie! It was funny.', 'author': 'Alice', 'timestamp': '2025-10-03 23:45:42', 'category': 'entertainment', 'sentiment': 0.38, 'keyword_mentioned': 'movie', 'message_length': 36}
2025-10-03 23:45:47 | INFO | {'message': 'I just loved Python! It was funny.', 'author': 'Charlie', 'timestamp': '2025-10-03 23:45:47', 'category': 'tech', 'sentiment': 0.64, 'keyword_mentioned': 'Python', 'message_length': 34}
2025-10-03 23:45:55 | INFO | {'message': 'I just loved a story! It was funny.', 'author': 'Eve', 'timestamp': '2025-10-03 23:45:55', 'category': 'other', 'sentiment': 0.54, 'keyword_mentioned': 'other', 'message_length': 35}
2025-10-03 23:46:00 | INFO | {'message': 'I just loved JavaScript! It was boring.', 'author': 'Eve', 'timestamp': '2025-10-03 23:46:00', 'category': 'tech', 'sentiment': 0.66, 'keyword_mentioned': 'JavaScript', 'message_length': 39}
2025-10-03 23:46:05 | INFO | {'message': 'I just found travel! It was exciting.', 'author': 'Bob', 'timestamp': '2025-10-03 23:46:05', 'category': 'travel', 'sentiment': 0.42, 'keyword_mentioned': 'travel', 'message_length': 37}
2025-10-03 23:46:10 | INFO | {'message': 'I just found an app! It was amazing.', 'author': 'Eve', 'timestamp': '2025-10-03 23:46:10', 'category': 'other', 'sentiment': 0.33, 'keyword_mentioned': 'other', 'message_length': 36}
2025-10-03 23:46:15 | INFO | {'message': 'I just found Python! It was exciting.', 'author': 'Eve', 'timestamp': '2025-10-03 23:46:15', 'category': 'tech', 'sentiment': 0.38, 'keyword_mentioned': 'Python', 'message_length': 37}
2025-10-03 23:46:20 | INFO | {'message': 'I just saw an app! It was amazing.', 'author': 'Charlie', 'timestamp': '2025-10-03 23:46:20', 'category': 'other', 'sentiment': 0.4, 'keyword_mentioned': 'other', 'message_length': 34}
2025-10-03 23:46:25 | INFO | {'message': 'I just saw a movie! It was exciting.', 'author': 'Alice', 'timestamp': '2025-10-03 23:46:25', 'category': 'entertainment', 'sentiment': 0.71, 'keyword_mentioned': 'movie', 'message_length': 36}
2025-10-03 23:46:32 | INFO | {'message': 'I just found an app! It was weird.', 'author': 'Charlie', 'timestamp': '2025-10-03 23:46:32', 'category': 'other', 'sentiment': 0.67, 'keyword_mentioned': 'other', 'message_length': 34}
2025-10-03 23:46:37 | INFO | {'message': 'I just found a story! It was amazing.', 'author': 'Bob', 'timestamp': '2025-10-03 23:46:37', 'category': 'other', 'sentiment': 0.54, 'keyword_mentioned': 'other', 'message_length': 37}
2025-10-03 23:46:42 | INFO | {'message': 'I just loved a story! It was weird.', 'author': 'Eve', 'timestamp': '2025-10-03 23:46:42', 'category': 'other', 'sentiment': 0.43, 'keyword_mentioned': 'other', 'message_length': 35}
2025-10-03 23:46:47 | INFO | {'message': 'I just saw a trick! It was exciting.', 'author': 'Alice', 'timestamp': '2025-10-03 23:46:47', 'category': 'other', 'sentiment': 0.75, 'keyword_mentioned': 'other', 'message_length': 36}
2025-10-03 23:46:52 | INFO | {'message': 'I just saw JavaScript! It was amazing.', 'author': 'Charlie', 'timestamp': '2025-10-03 23:46:52', 'category': 'tech', 'sentiment': 0.1, 'keyword_mentioned': 'JavaScript', 'message_length': 38}
2025-10-03 23:46:57 | INFO | {'message': 'I just saw Python! It was exciting.', 'author': 'Eve', 'timestamp': '2025-10-03 23:46:57', 'category': 'tech', 'sentiment': 0.68, 'keyword_mentioned': 'Python', 'message_length': 35}
2025-10-03 23:47:04 | INFO | {'message': 'I just loved a trick! It was weird.', 'author': 'Alice', 'timestamp': '2025-10-03 23:47:04', 'category': 'other', 'sentiment': 0.02, 'keyword_mentioned': 'other', 'message_length': 35}
2025-10-03 23:47:09 | INFO | {'message': 'I just shared an app! It was boring.', 'author': 'Eve', 'timestamp': '2025-10-03 23:47:09', 'category': 'other', 'sentiment': 0.37, 'keyword_mentioned': 'other', 'message_length': 36}
2025-10-03 23:47:14 | INFO | {'message': 'I just found recipe! It was funny.', 'author': 'Alice', 'timestamp': '2025-10-03 23:47:14', 'category': 'food', 'sentiment': 0.1, 'keyword_mentioned': 'recipe', 'message_length': 34}
2025-10-03 23:47:19 | INFO | {'message': 'I just saw recipe! It was amazing.', 'author': 'Eve', 'timestamp': '2025-10-03 23:47:19', 'category': 'food', 'sentiment': 0.49, 'keyword_mentioned': 'recipe', 'message_length': 34}
2025-10-03 23:47:24 | INFO | {'message': 'I just loved recipe! It was boring.', 'author': 'Eve', 'timestamp': '2025-10-03 23:47:24', 'category': 'food', 'sentiment': 0.31, 'keyword_mentioned': 'recipe', 'message_length': 35}
2025-10-03 23:47:29 | INFO | {'message': 'I just shared travel! It was exciting.', 'author': 'Eve', 'timestamp': '2025-10-03 23:47:29', 'category': 'travel', 'sentiment': 0.02, 'keyword_mentioned': 'travel', 'message_length': 38}
2025-10-03 23:47:34 | INFO | {'message': 'I just saw an app! It was weird.', 'author': 'Charlie', 'timestamp': '2025-10-03 23:47:34', 'category': 'other', 'sentiment': 0.84, 'keyword_mentioned': 'other', 'message_length': 32}
2025-10-03 23:47:42 | INFO | {'message': 'I just saw an app! It was amazing.', 'author': 'Eve', 'timestamp': '2025-10-03 23:47:42', 'category': 'other', 'sentiment': 0.8, 'keyword_mentioned': 'other', 'message_length': 34}
2025-10-03 23:47:47 | INFO | {'message': 'I just saw a story! It was amazing.', 'author': 'Alice', 'timestamp': '2025-10-03 23:47:47', 'category': 'other', 'sentiment': 0.11, 'keyword_mentioned': 'other', 'message_length': 35}
2025-10-03 23:47:52 | INFO | {'message': 'I just loved JavaScript! It was exciting.', 'author': 'Charlie', 'timestamp': '2025-10-03 23:47:52', 'category': 'tech', 'sentiment': 0.96, 'keyword_mentioned': 'JavaScript', 'message_length': 41}
2025-10-03 23:47:57 | INFO | {'message': 'I just loved game! It was weird.', 'author': 'Bob', 'timestamp': '2025-10-03 23:47:57', 'category': 'gaming', 'sentiment': 0.42, 'keyword_mentioned': 'game', 'message_length': 32}
2025-10-03 23:48:02 | INFO | {'message': 'I just saw recipe! It was weird.', 'author': 'Bob', 'timestamp': '2025-10-03 23:48:02', 'category': 'food', 'sentiment': 0.4, 'keyword_mentioned': 'recipe', 'message_length': 32}
2025-10-03 23:48:07 | INFO | {'message': 'I just loved JavaScript! It was exciting.', 'author': 'Bob', 'timestamp': '2025-10-03 23:48:07', 'category': 'tech', 'sentiment': 0.83, 'keyword_mentioned': 'JavaScript', 'message_length': 41}
2025-10-03 23:48:14 | INFO | {'message': 'I just shared Python! It was boring.', 'author': 'Eve', 'timestamp': '2025-10-03 23:48:14', 'category': 'tech', 'sentiment': 0.63, 'keyword_mentioned': 'Python', 'message_length': 36}
2025-10-03 23:48:19 | INFO | {'message': 'I just shared game! It was weird.', 'author': 'Alice', 'timestamp': '2025-10-03 23:48:19', 'category': 'gaming', 'sentiment': 0.12, 'keyword_mentioned': 'game', 'message_length': 33}
2025-10-03 23:48:24 | INFO | {'message': 'I just tried Python! It was exciting.', 'author': 'Bob', 'timestamp': '2025-10-03 23:48:24', 'category': 'tech', 'sentiment': 0.83, 'keyword_mentioned': 'Python', 'message_length': 37}
2025-10-03 23:48:29 | INFO | {'message': 'I just loved Python! It was boring.', 'author': 'Eve', 'timestamp': '2025-10-03 23:48:29', 'category': 'tech', 'sentiment': 0.63, 'keyword_mentioned': 'Python', 'message_length': 35}
2025-10-03 23:48:34 | INFO | {'message': 'I just found a meme! It was boring.', 'author': 'Alice', 'timestamp': '2025-10-03 23:48:34', 'category': 'humor', 'sentiment': 0.93, 'keyword_mentioned': 'meme', 'message_length': 35}
2025-10-03 23:48:39 | INFO | {'message': 'I just shared a story! It was weird.', 'author': 'Eve', 'timestamp': '2025-10-03 23:48:39', 'category': 'other', 'sentiment': 0.85, 'keyword_mentioned': 'other', 'message_length': 36}
2025-10-03 23:48:48 | INFO | {'message': 'I just saw game! It was amazing.', 'author': 'Alice', 'timestamp': '2025-10-03 23:48:48', 'category': 'gaming', 'sentiment': 0.45, 'keyword_mentioned': 'game', 'message_length': 32}
2025-10-03 23:48:53 | INFO | {'message': 'I just saw a story! It was weird.', 'author': 'Alice', 'timestamp': '2025-10-03 23:48:53', 'category': 'other', 'sentiment': 0.68, 'keyword_mentioned': 'other', 'message_length': 33}
2025-10-03 23:48:58 | INFO | {'message': 'I just loved a trick! It was boring.', 'author': 'Eve', 'timestamp': '2025-10-03 23:48:58', 'category': 'other', 'sentiment': 0.58, 'keyword_mentioned': 'other', 'message_length': 36}
2025-10-03 23:49:03 | INFO | {'message': 'I just loved game! It was boring.', 'author': 'Alice', 'timestamp': '2025-10-03 23:49:03', 'category': 'gaming', 'sentiment': 0.1, 'keyword_mentioned': 'game', 'message_length': 33}
2025-10-03 23:49:08 | INFO | {'message': 'I just found travel! It was funny.', 'author': 'Alice', 'timestamp': '2025-10-03 23:49:08', 'category': 'travel', 'sentiment': 0.12, 'keyword_mentioned': 'travel', 'message_length': 34}
2025-10-03 23:49:14 | INFO | {'message': 'I just found a story! It was boring.', 'author': 'Charlie', 'timestamp': '2025-10-03 23:49:14', 'category': 'other', 'sentiment': 0.15, 'keyword_mentioned': 'other', 'message_length': 36}
2025-10-03 23:49:19 | INFO | {'message': 'I just found an app! It was funny.', 'author': 'Charlie', 'timestamp': '2025-10-03 23:49:19', 'category': 'other', 'sentiment': 0.2, 'keyword_mentioned': 'other', 'message_length': 34}
2025-10-03 23:49:26 | INFO | {'message': 'I just saw game! It was boring.', 'author': 'Charlie', 'timestamp': '2025-10-03 23:49:26', 'category': 'gaming', 'sentiment': 0.39, 'keyword_mentioned': 'game', 'message_length': 31}
2025-10-03 23:49:31 | INFO | {'message': 'I just found game! It was funny.', 'author': 'Bob', 'timestamp': '2025-10-03 23:49:31', 'category': 'gaming', 'sentiment': 0.2, 'keyword_mentioned': 'game', 'message_length': 32}
2025-10-03 23:49:36 | INFO | {'message': 'I just shared Python! It was weird.', 'author': 'Charlie', 'timestamp': '2025-10-03 23:49:36', 'category': 'tech', 'sentiment': 0.17, 'keyword_mentioned': 'Python', 'message_length': 35}
2025-10-03 23:49:41 | INFO | {'message': 'I just found a trick! It was funny.', 'author': 'Alice', 'timestamp': '2025-10-03 23:49:41', 'category': 'other', 'sentiment': 0.66, 'keyword_mentioned': 'other', 'message_length': 35}
2025-10-03 23:49:47 | INFO | {'message': 'I just shared a meme! It was weird.', 'author': 'Alice', 'timestamp': '2025-10-03 23:49:47', 'category': 'humor', 'sentiment': 0.58, 'keyword_mentioned': 'meme', 'message_length': 35}
2025-10-03 23:49:52 | INFO | {'message': 'I just tried a trick! It was funny.', 'author': 'Eve', 'timestamp': '2025-10-03 23:49:52', 'category': 'other', 'sentiment': 0.8, 'keyword_mentioned': 'other', 'message_length': 35}
2025-10-03 23:49:59 | INFO | {'message': 'I just shared a movie! It was boring.', 'author': 'Bob', 'timestamp': '2025-10-03 23:49:59', 'category': 'entertainment', 'sentiment': 0.32, 'keyword_mentioned': 'movie', 'message_length': 37}
2025-10-03 23:50:04 | INFO | {'message': 'I just loved a meme! It was amazing.', 'author': 'Eve', 'timestamp': '2025-10-03 23:50:04', 'category': 'humor', 'sentiment': 0.85, 'keyword_mentioned': 'meme', 'message_length': 36}
2025-10-03 23:50:09 | INFO | {'message': 'I just shared game! It was exciting.', 'author': 'Charlie', 'timestamp': '2025-10-03 23:50:09', 'category': 'gaming', 'sentiment': 0.07, 'keyword_mentioned': 'game', 'message_length': 36}
2025-10-03 23:50:14 | INFO | {'message': 'I just tried a movie! It was amazing.', 'author': 'Bob', 'timestamp': '2025-10-03 23:50:14', 'category': 'entertainment', 'sentiment': 0.71, 'keyword_mentioned': 'movie', 'message_length': 37}
2025-10-03 23:50:19 | INFO | {'message': 'I just saw a trick! It was funny.', 'author': 'Charlie', 'timestamp': '2025-10-03 23:50:19', 'category': 'other', 'sentiment': 0.56, 'keyword_mentioned': 'other', 'message_length': 33}
2025-10-03 23:50:24 | INFO | {'message': 'I just found an app! It was amazing.', 'author': 'Charlie', 'timestamp': '2025-10-03 23:50:24', 'category': 'other', 'sentiment': 0.88, 'keyword_mentioned': 'other', 'message_length': 36}
2025-10-03 23:50:29 | INFO | {'message': 'I just found recipe! It was boring.', 'author': 'Eve', 'timestamp': '2025-10-03 23:50:29', 'category': 'food', 'sentiment': 0.51, 'keyword_mentioned': 'recipe', 'message_length': 35}
2025-10-03 23:50:37 | INFO | {'message': 'I just found travel! It was weird.', 'author': 'Eve', 'timestamp': '2025-10-03 23:50:37', 'category': 'travel', 'sentiment': 0.23, 'keyword_mentioned': 'travel', 'message_length': 34}
2025-10-03 23:50:42 | INFO | {'message': 'I just saw an app! It was weird.', 'author': 'Charlie', 'timestamp': '2025-10-03 23:50:42', 'category': 'other', 'sentiment': 0.23, 'keyword_mentioned': 'other', 'message_length': 32}
2025-10-03 23:50:47 | INFO | {'message': 'I just loved game! It was boring.', 'author': 'Eve', 'timestamp': '2025-10-03 23:50:47', 'category': 'gaming', 'sentiment': 0.89, 'keyword_mentioned': 'game', 'message_length': 33}
2025-10-03 23:50:52 | INFO | {'message': 'I just found a trick! It was exciting.', 'author': 'Alice', 'timestamp': '2025-10-03 23:50:52', 'category': 'other', 'sentiment': 0.08, 'keyword_mentioned': 'other', 'message_length': 38}
2025-10-03 23:50:57 | INFO | {'message': 'I just shared a movie! It was amazing.', 'author': 'Alice', 'timestamp': '2025-10-03 23:50:57', 'category': 'entertainment', 'sentiment': 0.67, 'keyword_mentioned': 'movie', 'message_length': 38}
2025-10-03 23:51:02 | INFO | {'message': 'I just found an app! It was weird.', 'author': 'Bob', 'timestamp': '2025-10-03 23:51:02', 'category': 'other', 'sentiment': 0.67, 'keyword_mentioned': 'other', 'message_length': 34}
